08 Jul 2017, 17:25:12.906 [   INFO] [   FXGL.SystemLogger] [                     main] System Logger is initialized
08 Jul 2017, 17:25:13.068 [  FINER] [   FXGL.SystemLogger] [                     main] Logging System Info
08 Jul 2017, 17:25:13.069 [  FINER] [   FXGL.SystemLogger] [                     main] CPU cores: 4
08 Jul 2017, 17:25:13.095 [  FINER] [   FXGL.SystemLogger] [                     main] Free Memory: 54MB
08 Jul 2017, 17:25:13.096 [  FINER] [   FXGL.SystemLogger] [                     main] Max Memory: 911MB
08 Jul 2017, 17:25:13.097 [  FINER] [   FXGL.SystemLogger] [                     main] Total Memory: 62MB
08 Jul 2017, 17:25:13.098 [  FINER] [   FXGL.SystemLogger] [                     main] System Properties:
08 Jul 2017, 17:25:13.101 [  FINER] [   FXGL.SystemLogger] [                     main] sun.cpu.isalist=
08 Jul 2017, 17:25:13.102 [  FINER] [   FXGL.SystemLogger] [                     main] ftp.nonProxyHosts=local|*.local|169.254/16|*.169.254/16
08 Jul 2017, 17:25:13.103 [  FINER] [   FXGL.SystemLogger] [                     main] socksNonProxyHosts=local|*.local|169.254/16|*.169.254/16
08 Jul 2017, 17:25:13.103 [  FINER] [   FXGL.SystemLogger] [                     main] sun.io.unicode.encoding=UnicodeBig
08 Jul 2017, 17:25:13.103 [  FINER] [   FXGL.SystemLogger] [                     main] sun.cpu.endian=little
08 Jul 2017, 17:25:13.104 [  FINER] [   FXGL.SystemLogger] [                     main] java.vendor.url.bug=http://bugreport.sun.com/bugreport/
08 Jul 2017, 17:25:13.105 [  FINER] [   FXGL.SystemLogger] [                     main] file.separator=/
08 Jul 2017, 17:25:13.105 [  FINER] [   FXGL.SystemLogger] [                     main] java.vendor=Oracle Corporation
08 Jul 2017, 17:25:13.105 [  FINER] [   FXGL.SystemLogger] [                     main] sun.boot.class.path=/Library/Java/JavaVirtualMachines/jdk1.8.0_92.jdk/Contents/Home/jre/lib/resources.jar:/Library/Java/JavaVirtualMachines/jdk1.8.0_92.jdk/Contents/Home/jre/lib/rt.jar:/Library/Java/JavaVirtualMachines/jdk1.8.0_92.jdk/Contents/Home/jre/lib/sunrsasign.jar:/Library/Java/JavaVirtualMachines/jdk1.8.0_92.jdk/Contents/Home/jre/lib/jsse.jar:/Library/Java/JavaVirtualMachines/jdk1.8.0_92.jdk/Contents/Home/jre/lib/jce.jar:/Library/Java/JavaVirtualMachines/jdk1.8.0_92.jdk/Contents/Home/jre/lib/charsets.jar:/Library/Java/JavaVirtualMachines/jdk1.8.0_92.jdk/Contents/Home/jre/lib/jfr.jar:/Library/Java/JavaVirtualMachines/jdk1.8.0_92.jdk/Contents/Home/jre/classes
08 Jul 2017, 17:25:13.106 [  FINER] [   FXGL.SystemLogger] [                     main] java.ext.dirs=/Users/yuan/Library/Java/Extensions:/Library/Java/JavaVirtualMachines/jdk1.8.0_92.jdk/Contents/Home/jre/lib/ext:/Library/Java/Extensions:/Network/Library/Java/Extensions:/System/Library/Java/Extensions:/usr/lib/java
08 Jul 2017, 17:25:13.106 [  FINER] [   FXGL.SystemLogger] [                     main] java.version=1.8.0_92
08 Jul 2017, 17:25:13.107 [  FINER] [   FXGL.SystemLogger] [                     main] java.vm.info=mixed mode
08 Jul 2017, 17:25:13.107 [  FINER] [   FXGL.SystemLogger] [                     main] awt.toolkit=sun.lwawt.macosx.LWCToolkit
08 Jul 2017, 17:25:13.108 [  FINER] [   FXGL.SystemLogger] [                     main] user.language=en
08 Jul 2017, 17:25:13.108 [  FINER] [   FXGL.SystemLogger] [                     main] java.specification.vendor=Oracle Corporation
08 Jul 2017, 17:25:13.109 [  FINER] [   FXGL.SystemLogger] [                     main] sun.java.command=com.intellij.rt.execution.application.AppMain com.almasb.fxglgames.shooter.ShooterApp
08 Jul 2017, 17:25:13.109 [  FINER] [   FXGL.SystemLogger] [                     main] java.home=/Library/Java/JavaVirtualMachines/jdk1.8.0_92.jdk/Contents/Home/jre
08 Jul 2017, 17:25:13.110 [  FINER] [   FXGL.SystemLogger] [                     main] sun.arch.data.model=64
08 Jul 2017, 17:25:13.110 [  FINER] [   FXGL.SystemLogger] [                     main] java.vm.specification.version=1.8
08 Jul 2017, 17:25:13.111 [  FINER] [   FXGL.SystemLogger] [                     main] java.class.path=/Library/Java/JavaVirtualMachines/jdk1.8.0_92.jdk/Contents/Home/jre/lib/charsets.jar:/Library/Java/JavaVirtualMachines/jdk1.8.0_92.jdk/Contents/Home/jre/lib/deploy.jar:/Library/Java/JavaVirtualMachines/jdk1.8.0_92.jdk/Contents/Home/jre/lib/ext/cldrdata.jar:/Library/Java/JavaVirtualMachines/jdk1.8.0_92.jdk/Contents/Home/jre/lib/ext/dnsns.jar:/Library/Java/JavaVirtualMachines/jdk1.8.0_92.jdk/Contents/Home/jre/lib/ext/jaccess.jar:/Library/Java/JavaVirtualMachines/jdk1.8.0_92.jdk/Contents/Home/jre/lib/ext/jfxrt.jar:/Library/Java/JavaVirtualMachines/jdk1.8.0_92.jdk/Contents/Home/jre/lib/ext/localedata.jar:/Library/Java/JavaVirtualMachines/jdk1.8.0_92.jdk/Contents/Home/jre/lib/ext/nashorn.jar:/Library/Java/JavaVirtualMachines/jdk1.8.0_92.jdk/Contents/Home/jre/lib/ext/sunec.jar:/Library/Java/JavaVirtualMachines/jdk1.8.0_92.jdk/Contents/Home/jre/lib/ext/sunjce_provider.jar:/Library/Java/JavaVirtualMachines/jdk1.8.0_92.jdk/Contents/Home/jre/lib/ext/sunpkcs11.jar:/Library/Java/JavaVirtualMachines/jdk1.8.0_92.jdk/Contents/Home/jre/lib/ext/zipfs.jar:/Library/Java/JavaVirtualMachines/jdk1.8.0_92.jdk/Contents/Home/jre/lib/javaws.jar:/Library/Java/JavaVirtualMachines/jdk1.8.0_92.jdk/Contents/Home/jre/lib/jce.jar:/Library/Java/JavaVirtualMachines/jdk1.8.0_92.jdk/Contents/Home/jre/lib/jfr.jar:/Library/Java/JavaVirtualMachines/jdk1.8.0_92.jdk/Contents/Home/jre/lib/jfxswt.jar:/Library/Java/JavaVirtualMachines/jdk1.8.0_92.jdk/Contents/Home/jre/lib/jsse.jar:/Library/Java/JavaVirtualMachines/jdk1.8.0_92.jdk/Contents/Home/jre/lib/management-agent.jar:/Library/Java/JavaVirtualMachines/jdk1.8.0_92.jdk/Contents/Home/jre/lib/plugin.jar:/Library/Java/JavaVirtualMachines/jdk1.8.0_92.jdk/Contents/Home/jre/lib/resources.jar:/Library/Java/JavaVirtualMachines/jdk1.8.0_92.jdk/Contents/Home/jre/lib/rt.jar:/Library/Java/JavaVirtualMachines/jdk1.8.0_92.jdk/Contents/Home/lib/ant-javafx.jar:/Library/Java/JavaVirtualMachines/jdk1.8.0_92.jdk/Contents/Home/lib/dt.jar:/Library/Java/JavaVirtualMachines/jdk1.8.0_92.jdk/Contents/Home/lib/javafx-mx.jar:/Library/Java/JavaVirtualMachines/jdk1.8.0_92.jdk/Contents/Home/lib/jconsole.jar:/Library/Java/JavaVirtualMachines/jdk1.8.0_92.jdk/Contents/Home/lib/packager.jar:/Library/Java/JavaVirtualMachines/jdk1.8.0_92.jdk/Contents/Home/lib/sa-jdi.jar:/Library/Java/JavaVirtualMachines/jdk1.8.0_92.jdk/Contents/Home/lib/tools.jar:/Users/yuan/Documents/coding/game/FXGLGames-master/Shooter/target/classes:/Users/yuan/.m2/repository/com/github/almasb/fxgl/0.3.0/fxgl-0.3.0.jar:/Users/yuan/.m2/repository/org/jetbrains/kotlin/kotlin-stdlib/1.0.5/kotlin-stdlib-1.0.5.jar:/Users/yuan/.m2/repository/org/jetbrains/kotlin/kotlin-runtime/1.0.5/kotlin-runtime-1.0.5.jar:/Users/yuan/.m2/repository/com/github/almasb/fxgl-io/0.3.0/fxgl-io-0.3.0.jar:/Users/yuan/.m2/repository/com/github/almasb/fxgl-net/0.3.0/fxgl-net-0.3.0.jar:/Users/yuan/.m2/repository/com/github/almasb/fxgl-ecs/0.3.0/fxgl-ecs-0.3.0.jar:/Users/yuan/.m2/repository/com/github/almasb/fxgl-physics/0.3.0/fxgl-physics-0.3.0.jar:/Users/yuan/.m2/repository/com/github/almasb/fxgl-ai/0.3.0/fxgl-ai-0.3.0.jar:/Users/yuan/.m2/repository/com/github/almasb/fxgl-eventbus/0.3.0/fxgl-eventbus-0.3.0.jar:/Users/yuan/.m2/repository/com/github/almasb/fxgl-core/0.3.0/fxgl-core-0.3.0.jar:/Users/yuan/.m2/repository/com/google/inject/guice/4.0/guice-4.0.jar:/Users/yuan/.m2/repository/javax/inject/javax.inject/1/javax.inject-1.jar:/Users/yuan/.m2/repository/aopalliance/aopalliance/1.0/aopalliance-1.0.jar:/Users/yuan/.m2/repository/com/google/guava/guava/16.0.1/guava-16.0.1.jar:/Users/yuan/.m2/repository/org/jfxtras/jfxtras-window/8.0-r4/jfxtras-window-8.0-r4.jar:/Users/yuan/.m2/repository/org/jfxtras/jfxtras-common/8.0-r4/jfxtras-common-8.0-r4.jar:/Users/yuan/.m2/repository/org/controlsfx/controlsfx/8.40.12/controlsfx-8.40.12.jar:/Users/yuan/.m2/repository/com/fasterxml/jackson/core/jackson-databind/2.8.5/jackson-databind-2.8.5.jar:/Users/yuan/.m2/repository/com/fasterxml/jackson/core/jackson-annotations/2.8.0/jackson-annotations-2.8.0.jar:/Users/yuan/.m2/repository/com/fasterxml/jackson/core/jackson-core/2.8.5/jackson-core-2.8.5.jar:/Users/yuan/.m2/repository/io/github/lukehutch/fast-classpath-scanner/2.0.10/fast-classpath-scanner-2.0.10.jar:/Users/yuan/.m2/repository/org/apache/logging/log4j/log4j-api/2.5/log4j-api-2.5.jar:/Users/yuan/.m2/repository/org/apache/logging/log4j/log4j-core/2.5/log4j-core-2.5.jar:/Applications/IntelliJ IDEA CE.app/Contents/lib/idea_rt.jar
08 Jul 2017, 17:25:13.111 [  FINER] [   FXGL.SystemLogger] [                     main] user.name=yuan
08 Jul 2017, 17:25:13.112 [  FINER] [   FXGL.SystemLogger] [                     main] file.encoding=UTF-8
08 Jul 2017, 17:25:13.112 [  FINER] [   FXGL.SystemLogger] [                     main] idea.launcher.bin.path=/Applications/IntelliJ IDEA CE.app/Contents/bin
08 Jul 2017, 17:25:13.113 [  FINER] [   FXGL.SystemLogger] [                     main] java.specification.version=1.8
08 Jul 2017, 17:25:13.113 [  FINER] [   FXGL.SystemLogger] [                     main] java.awt.printerjob=sun.lwawt.macosx.CPrinterJob
08 Jul 2017, 17:25:13.114 [  FINER] [   FXGL.SystemLogger] [                     main] user.timezone=Australia/Adelaide
08 Jul 2017, 17:25:13.114 [  FINER] [   FXGL.SystemLogger] [                     main] user.home=/Users/yuan
08 Jul 2017, 17:25:13.114 [  FINER] [   FXGL.SystemLogger] [                     main] http.nonProxyHosts=local|*.local|169.254/16|*.169.254/16
08 Jul 2017, 17:25:13.115 [  FINER] [   FXGL.SystemLogger] [                     main] os.version=10.12.5
08 Jul 2017, 17:25:13.115 [  FINER] [   FXGL.SystemLogger] [                     main] sun.management.compiler=HotSpot 64-Bit Tiered Compilers
08 Jul 2017, 17:25:13.116 [  FINER] [   FXGL.SystemLogger] [                     main] java.specification.name=Java Platform API Specification
08 Jul 2017, 17:25:13.116 [  FINER] [   FXGL.SystemLogger] [                     main] java.class.version=52.0
08 Jul 2017, 17:25:13.116 [  FINER] [   FXGL.SystemLogger] [                     main] java.library.path=/Users/yuan/Library/Java/Extensions:/Library/Java/Extensions:/Network/Library/Java/Extensions:/System/Library/Java/Extensions:/usr/lib/java:.
08 Jul 2017, 17:25:13.117 [  FINER] [   FXGL.SystemLogger] [                     main] sun.jnu.encoding=UTF-8
08 Jul 2017, 17:25:13.117 [  FINER] [   FXGL.SystemLogger] [                     main] os.name=Mac OS X
08 Jul 2017, 17:25:13.118 [  FINER] [   FXGL.SystemLogger] [                     main] java.vm.specification.vendor=Oracle Corporation
08 Jul 2017, 17:25:13.118 [  FINER] [   FXGL.SystemLogger] [                     main] java.io.tmpdir=/var/folders/_p/__mzgq317yv8y45czx2bgmh80000gn/T/
08 Jul 2017, 17:25:13.119 [  FINER] [   FXGL.SystemLogger] [                     main] line.separator=

08 Jul 2017, 17:25:13.120 [  FINER] [   FXGL.SystemLogger] [                     main] java.endorsed.dirs=/Library/Java/JavaVirtualMachines/jdk1.8.0_92.jdk/Contents/Home/jre/lib/endorsed
08 Jul 2017, 17:25:13.120 [  FINER] [   FXGL.SystemLogger] [                     main] os.arch=x86_64
08 Jul 2017, 17:25:13.120 [  FINER] [   FXGL.SystemLogger] [                     main] java.awt.graphicsenv=sun.awt.CGraphicsEnvironment
08 Jul 2017, 17:25:13.121 [  FINER] [   FXGL.SystemLogger] [                     main] java.runtime.version=1.8.0_92-b14
08 Jul 2017, 17:25:13.121 [  FINER] [   FXGL.SystemLogger] [                     main] java.vm.specification.name=Java Virtual Machine Specification
08 Jul 2017, 17:25:13.122 [  FINER] [   FXGL.SystemLogger] [                     main] user.dir=/Users/yuan/Documents/coding/game/FXGLGames-master/Shooter
08 Jul 2017, 17:25:13.122 [  FINER] [   FXGL.SystemLogger] [                     main] user.country=US
08 Jul 2017, 17:25:13.122 [  FINER] [   FXGL.SystemLogger] [                     main] sun.java.launcher=SUN_STANDARD
08 Jul 2017, 17:25:13.123 [  FINER] [   FXGL.SystemLogger] [                     main] sun.os.patch.level=unknown
08 Jul 2017, 17:25:13.123 [  FINER] [   FXGL.SystemLogger] [                     main] idea.launcher.port=7532
08 Jul 2017, 17:25:13.124 [  FINER] [   FXGL.SystemLogger] [                     main] java.vm.name=Java HotSpot(TM) 64-Bit Server VM
08 Jul 2017, 17:25:13.124 [  FINER] [   FXGL.SystemLogger] [                     main] file.encoding.pkg=sun.io
08 Jul 2017, 17:25:13.124 [  FINER] [   FXGL.SystemLogger] [                     main] path.separator=:
08 Jul 2017, 17:25:13.125 [  FINER] [   FXGL.SystemLogger] [                     main] java.vm.vendor=Oracle Corporation
08 Jul 2017, 17:25:13.125 [  FINER] [   FXGL.SystemLogger] [                     main] java.vendor.url=http://java.oracle.com/
08 Jul 2017, 17:25:13.125 [  FINER] [   FXGL.SystemLogger] [                     main] gopherProxySet=false
08 Jul 2017, 17:25:13.126 [  FINER] [   FXGL.SystemLogger] [                     main] user.country.format=AU
08 Jul 2017, 17:25:13.126 [  FINER] [   FXGL.SystemLogger] [                     main] sun.boot.library.path=/Library/Java/JavaVirtualMachines/jdk1.8.0_92.jdk/Contents/Home/jre/lib
08 Jul 2017, 17:25:13.127 [  FINER] [   FXGL.SystemLogger] [                     main] java.vm.version=25.92-b14
08 Jul 2017, 17:25:13.127 [  FINER] [   FXGL.SystemLogger] [                     main] java.runtime.name=Java(TM) SE Runtime Environment
08 Jul 2017, 17:25:13.168 [   INFO] [   FXGL.SystemLogger] [                     main] FXGL-0.3.0
08 Jul 2017, 17:25:13.170 [   INFO] [   FXGL.SystemLogger] [                     main] Source code and latest versions at: https://github.com/AlmasB/FXGL
08 Jul 2017, 17:25:13.171 [   INFO] [   FXGL.SystemLogger] [                     main]              Join the FXGL chat at: https://gitter.im/AlmasB/FXGL
08 Jul 2017, 17:25:15.664 [  FINER] [   FXGL.SystemLogger] [JavaFX Application Thread] Starting JavaFX
08 Jul 2017, 17:25:15.666 [  FINER] [   FXGL.SystemLogger] [          JavaFX-Launcher] Initializing FXGL
08 Jul 2017, 17:25:15.799 [  FINER] [   FXGL.SystemLogger] [JavaFX Application Thread] Starting FXGL
08 Jul 2017, 17:25:17.858 [  FINER] [   FXGL.SystemLogger] [     FXGL Launcher Thread] Configuring FXGL
08 Jul 2017, 17:25:17.859 [  FINER] [   FXGL.SystemLogger] [     FXGL Launcher Thread] Initializing system properties
08 Jul 2017, 17:25:18.767 [  FINER] [   FXGL.SystemLogger] [     FXGL Launcher Thread] sound.notification = core/notification.wav
08 Jul 2017, 17:25:18.767 [  FINER] [   FXGL.SystemLogger] [     FXGL Launcher Thread] url.storage = https://raw.githubusercontent.com/AlmasB/git-server/master/storage/
08 Jul 2017, 17:25:18.767 [  FINER] [   FXGL.SystemLogger] [     FXGL Launcher Thread] asset.cache.size = 35
08 Jul 2017, 17:25:18.768 [  FINER] [   FXGL.SystemLogger] [     FXGL Launcher Thread] fs.profiledir = profiles/
08 Jul 2017, 17:25:18.768 [  FINER] [   FXGL.SystemLogger] [     FXGL Launcher Thread] url.pom = https://raw.githubusercontent.com/AlmasB/FXGL/master/pom.xml
08 Jul 2017, 17:25:18.768 [  FINER] [   FXGL.SystemLogger] [     FXGL Launcher Thread] ui.mono.font = lucida_console.ttf
08 Jul 2017, 17:25:18.769 [  FINER] [   FXGL.SystemLogger] [     FXGL Launcher Thread] dev.showbbox = false
08 Jul 2017, 17:25:18.769 [  FINER] [   FXGL.SystemLogger] [     FXGL Launcher Thread] sound.menu.back = menu/back.wav
08 Jul 2017, 17:25:18.770 [  FINER] [   FXGL.SystemLogger] [     FXGL Launcher Thread] fs.datafile.ext = .dat
08 Jul 2017, 17:25:18.770 [  FINER] [   FXGL.SystemLogger] [     FXGL Launcher Thread] sound.menu.select = menu/select.wav
08 Jul 2017, 17:25:18.771 [  FINER] [   FXGL.SystemLogger] [     FXGL Launcher Thread] url.github = https://github.com/AlmasB/FXGL
08 Jul 2017, 17:25:18.771 [  FINER] [   FXGL.SystemLogger] [     FXGL Launcher Thread] url.surveymonkey = https://www.surveymonkey.co.uk/r/BH6LLPM
08 Jul 2017, 17:25:18.771 [  FINER] [   FXGL.SystemLogger] [     FXGL Launcher Thread] physics.ppm = 50.0
08 Jul 2017, 17:25:18.772 [  FINER] [   FXGL.SystemLogger] [     FXGL Launcher Thread] ui.css = fxgl.css
08 Jul 2017, 17:25:18.772 [  FINER] [   FXGL.SystemLogger] [     FXGL Launcher Thread] version.check.days = 7
08 Jul 2017, 17:25:18.772 [  FINER] [   FXGL.SystemLogger] [     FXGL Launcher Thread] fs.savefile.ext = .sav
08 Jul 2017, 17:25:18.773 [  FINER] [   FXGL.SystemLogger] [     FXGL Launcher Thread] pooling.initialSize = 128
08 Jul 2017, 17:25:18.773 [  FINER] [   FXGL.SystemLogger] [     FXGL Launcher Thread] fxgl.version = 0.3.0
08 Jul 2017, 17:25:18.773 [  FINER] [   FXGL.SystemLogger] [     FXGL Launcher Thread] ui.font = Copperplate_Gothic_Light_Regular.ttf
08 Jul 2017, 17:25:18.773 [  FINER] [   FXGL.SystemLogger] [     FXGL Launcher Thread] fs.savedir = saves/
08 Jul 2017, 17:25:18.774 [  FINER] [   FXGL.SystemLogger] [     FXGL Launcher Thread] fs.profilename = user.profile
08 Jul 2017, 17:25:18.774 [  FINER] [   FXGL.SystemLogger] [     FXGL Launcher Thread] ui.icon.name = fxgl_icon.png
08 Jul 2017, 17:25:18.774 [  FINER] [   FXGL.SystemLogger] [     FXGL Launcher Thread] sound.menu.press = menu/press.wav
08 Jul 2017, 17:25:18.774 [  FINER] [   FXGL.SystemLogger] [     FXGL Launcher Thread] url.googleforms = https://goo.gl/forms/6wrMnOBxTE1fEpOy2
08 Jul 2017, 17:25:18.775 [  FINER] [   FXGL.SystemLogger] [     FXGL Launcher Thread] Initializing user properties
08 Jul 2017, 17:25:18.825 [   INFO] [   FXGL.SystemLogger] [     FXGL Launcher Thread] User properties not found. Using system
08 Jul 2017, 17:25:18.826 [  FINER] [   FXGL.SystemLogger] [     FXGL Launcher Thread] Initializing app settings
08 Jul 2017, 17:25:19.228 [  FINER] [   FXGL.SystemLogger] [     FXGL Launcher Thread] Logging settings
Title: Shooter game
Version: 0.1
Width: 1280
Height: 720
Fullscreen: false
Intro: false
Menus: false
Profiling: false
App Mode: RELEASE
Menu Style: FXGL_DEFAULT
Menu Key: ESCAPE
Services: []
08 Jul 2017, 17:25:24.443 [  FINER] [   FXGL.SystemLogger] [     FXGL Launcher Thread] FXGL configuration complete
08 Jul 2017, 17:25:24.443 [   INFO] [   FXGL.SystemLogger] [     FXGL Launcher Thread] FXGL configuration took:  6.584 sec
08 Jul 2017, 17:25:24.465 [  FINER] [   FXGL.SystemLogger] [JavaFX Application Thread] Running task: UpdaterTask
08 Jul 2017, 17:25:24.470 [  FINER] [   FXGL.SystemLogger] [     FXGL Launcher Thread] Running task: PreInitTask
08 Jul 2017, 17:25:24.853 [  FINER] [   FXGL.SystemLogger] [     FXGL Launcher Thread] Running task: InitScenesTask
08 Jul 2017, 17:25:26.145 [  FINER] [   FXGL.SystemLogger] [     FXGL Launcher Thread] Running task: InitEventHandlersTask
08 Jul 2017, 17:25:26.277 [  FINER] [   FXGL.SystemLogger] [     FXGL Launcher Thread] Running task: InitProfilerTask
08 Jul 2017, 17:25:26.282 [  FINER] [   FXGL.SystemLogger] [     FXGL Launcher Thread] Pausing main loop
08 Jul 2017, 17:25:26.285 [  FINER] [   FXGL.SystemLogger] [     FXGL Launcher Thread] Resetting FXGL application
08 Jul 2017, 17:25:26.439 [   INFO] [   FXGL.SystemLogger] [     FXGL Launcher Thread] Game configuration took:  1.969 sec
08 Jul 2017, 17:25:27.665 [   INFO] [   FXGL.SystemLogger] [ FXGL Background Thread 1] Game initialization took: 1.225 sec
08 Jul 2017, 17:25:27.685 [  FINER] [   FXGL.SystemLogger] [JavaFX Application Thread] Resuming main loop
08 Jul 2017, 17:26:03.373 [  FINER] [   FXGL.SystemLogger] [JavaFX Application Thread] Exiting Normally
08 Jul 2017, 17:26:03.477 [  FINER] [   FXGL.SystemLogger] [JavaFX Application Thread] Exiting FXGL
08 Jul 2017, 17:26:03.477 [  FINER] [   FXGL.SystemLogger] [JavaFX Application Thread] Logger is closing
