30 Jun 2017, 21:57:54.490 [   INFO] [   FXGL.SystemLogger] [                     main] System Logger is initialized
30 Jun 2017, 21:57:54.563 [  FINER] [   FXGL.SystemLogger] [                     main] Logging System Info
30 Jun 2017, 21:57:54.563 [  FINER] [   FXGL.SystemLogger] [                     main] CPU cores: 4
30 Jun 2017, 21:57:54.569 [  FINER] [   FXGL.SystemLogger] [                     main] Free Memory: 54MB
30 Jun 2017, 21:57:54.570 [  FINER] [   FXGL.SystemLogger] [                     main] Max Memory: 911MB
30 Jun 2017, 21:57:54.571 [  FINER] [   FXGL.SystemLogger] [                     main] Total Memory: 62MB
30 Jun 2017, 21:57:54.571 [  FINER] [   FXGL.SystemLogger] [                     main] System Properties:
30 Jun 2017, 21:57:54.573 [  FINER] [   FXGL.SystemLogger] [                     main] sun.cpu.isalist=
30 Jun 2017, 21:57:54.574 [  FINER] [   FXGL.SystemLogger] [                     main] ftp.nonProxyHosts=local|*.local|169.254/16|*.169.254/16
30 Jun 2017, 21:57:54.574 [  FINER] [   FXGL.SystemLogger] [                     main] socksNonProxyHosts=local|*.local|169.254/16|*.169.254/16
30 Jun 2017, 21:57:54.575 [  FINER] [   FXGL.SystemLogger] [                     main] sun.io.unicode.encoding=UnicodeBig
30 Jun 2017, 21:57:54.575 [  FINER] [   FXGL.SystemLogger] [                     main] sun.cpu.endian=little
30 Jun 2017, 21:57:54.576 [  FINER] [   FXGL.SystemLogger] [                     main] java.vendor.url.bug=http://bugreport.sun.com/bugreport/
30 Jun 2017, 21:57:54.581 [  FINER] [   FXGL.SystemLogger] [                     main] file.separator=/
30 Jun 2017, 21:57:54.582 [  FINER] [   FXGL.SystemLogger] [                     main] java.vendor=Oracle Corporation
30 Jun 2017, 21:57:54.582 [  FINER] [   FXGL.SystemLogger] [                     main] sun.boot.class.path=/Library/Java/JavaVirtualMachines/jdk1.8.0_92.jdk/Contents/Home/jre/lib/resources.jar:/Library/Java/JavaVirtualMachines/jdk1.8.0_92.jdk/Contents/Home/jre/lib/rt.jar:/Library/Java/JavaVirtualMachines/jdk1.8.0_92.jdk/Contents/Home/jre/lib/sunrsasign.jar:/Library/Java/JavaVirtualMachines/jdk1.8.0_92.jdk/Contents/Home/jre/lib/jsse.jar:/Library/Java/JavaVirtualMachines/jdk1.8.0_92.jdk/Contents/Home/jre/lib/jce.jar:/Library/Java/JavaVirtualMachines/jdk1.8.0_92.jdk/Contents/Home/jre/lib/charsets.jar:/Library/Java/JavaVirtualMachines/jdk1.8.0_92.jdk/Contents/Home/jre/lib/jfr.jar:/Library/Java/JavaVirtualMachines/jdk1.8.0_92.jdk/Contents/Home/jre/classes
30 Jun 2017, 21:57:54.583 [  FINER] [   FXGL.SystemLogger] [                     main] java.ext.dirs=/Users/yuan/Library/Java/Extensions:/Library/Java/JavaVirtualMachines/jdk1.8.0_92.jdk/Contents/Home/jre/lib/ext:/Library/Java/Extensions:/Network/Library/Java/Extensions:/System/Library/Java/Extensions:/usr/lib/java
30 Jun 2017, 21:57:54.583 [  FINER] [   FXGL.SystemLogger] [                     main] java.version=1.8.0_92
30 Jun 2017, 21:57:54.584 [  FINER] [   FXGL.SystemLogger] [                     main] java.vm.info=mixed mode
30 Jun 2017, 21:57:54.585 [  FINER] [   FXGL.SystemLogger] [                     main] awt.toolkit=sun.lwawt.macosx.LWCToolkit
30 Jun 2017, 21:57:54.585 [  FINER] [   FXGL.SystemLogger] [                     main] user.language=en
30 Jun 2017, 21:57:54.586 [  FINER] [   FXGL.SystemLogger] [                     main] java.specification.vendor=Oracle Corporation
30 Jun 2017, 21:57:54.586 [  FINER] [   FXGL.SystemLogger] [                     main] sun.java.command=com.intellij.rt.execution.application.AppMain com.almasb.fxglgames.shooter.ShooterApp
30 Jun 2017, 21:57:54.586 [  FINER] [   FXGL.SystemLogger] [                     main] java.home=/Library/Java/JavaVirtualMachines/jdk1.8.0_92.jdk/Contents/Home/jre
30 Jun 2017, 21:57:54.587 [  FINER] [   FXGL.SystemLogger] [                     main] sun.arch.data.model=64
30 Jun 2017, 21:57:54.590 [  FINER] [   FXGL.SystemLogger] [                     main] java.vm.specification.version=1.8
30 Jun 2017, 21:57:54.591 [  FINER] [   FXGL.SystemLogger] [                     main] java.class.path=/Library/Java/JavaVirtualMachines/jdk1.8.0_92.jdk/Contents/Home/jre/lib/charsets.jar:/Library/Java/JavaVirtualMachines/jdk1.8.0_92.jdk/Contents/Home/jre/lib/deploy.jar:/Library/Java/JavaVirtualMachines/jdk1.8.0_92.jdk/Contents/Home/jre/lib/ext/cldrdata.jar:/Library/Java/JavaVirtualMachines/jdk1.8.0_92.jdk/Contents/Home/jre/lib/ext/dnsns.jar:/Library/Java/JavaVirtualMachines/jdk1.8.0_92.jdk/Contents/Home/jre/lib/ext/jaccess.jar:/Library/Java/JavaVirtualMachines/jdk1.8.0_92.jdk/Contents/Home/jre/lib/ext/jfxrt.jar:/Library/Java/JavaVirtualMachines/jdk1.8.0_92.jdk/Contents/Home/jre/lib/ext/localedata.jar:/Library/Java/JavaVirtualMachines/jdk1.8.0_92.jdk/Contents/Home/jre/lib/ext/nashorn.jar:/Library/Java/JavaVirtualMachines/jdk1.8.0_92.jdk/Contents/Home/jre/lib/ext/sunec.jar:/Library/Java/JavaVirtualMachines/jdk1.8.0_92.jdk/Contents/Home/jre/lib/ext/sunjce_provider.jar:/Library/Java/JavaVirtualMachines/jdk1.8.0_92.jdk/Contents/Home/jre/lib/ext/sunpkcs11.jar:/Library/Java/JavaVirtualMachines/jdk1.8.0_92.jdk/Contents/Home/jre/lib/ext/zipfs.jar:/Library/Java/JavaVirtualMachines/jdk1.8.0_92.jdk/Contents/Home/jre/lib/javaws.jar:/Library/Java/JavaVirtualMachines/jdk1.8.0_92.jdk/Contents/Home/jre/lib/jce.jar:/Library/Java/JavaVirtualMachines/jdk1.8.0_92.jdk/Contents/Home/jre/lib/jfr.jar:/Library/Java/JavaVirtualMachines/jdk1.8.0_92.jdk/Contents/Home/jre/lib/jfxswt.jar:/Library/Java/JavaVirtualMachines/jdk1.8.0_92.jdk/Contents/Home/jre/lib/jsse.jar:/Library/Java/JavaVirtualMachines/jdk1.8.0_92.jdk/Contents/Home/jre/lib/management-agent.jar:/Library/Java/JavaVirtualMachines/jdk1.8.0_92.jdk/Contents/Home/jre/lib/plugin.jar:/Library/Java/JavaVirtualMachines/jdk1.8.0_92.jdk/Contents/Home/jre/lib/resources.jar:/Library/Java/JavaVirtualMachines/jdk1.8.0_92.jdk/Contents/Home/jre/lib/rt.jar:/Library/Java/JavaVirtualMachines/jdk1.8.0_92.jdk/Contents/Home/lib/ant-javafx.jar:/Library/Java/JavaVirtualMachines/jdk1.8.0_92.jdk/Contents/Home/lib/dt.jar:/Library/Java/JavaVirtualMachines/jdk1.8.0_92.jdk/Contents/Home/lib/javafx-mx.jar:/Library/Java/JavaVirtualMachines/jdk1.8.0_92.jdk/Contents/Home/lib/jconsole.jar:/Library/Java/JavaVirtualMachines/jdk1.8.0_92.jdk/Contents/Home/lib/packager.jar:/Library/Java/JavaVirtualMachines/jdk1.8.0_92.jdk/Contents/Home/lib/sa-jdi.jar:/Library/Java/JavaVirtualMachines/jdk1.8.0_92.jdk/Contents/Home/lib/tools.jar:/Users/yuan/Documents/coding/game/FXGLGames-master/Shooter/target/classes:/Users/yuan/.m2/repository/com/github/almasb/fxgl/0.3.0/fxgl-0.3.0.jar:/Users/yuan/.m2/repository/org/jetbrains/kotlin/kotlin-stdlib/1.0.5/kotlin-stdlib-1.0.5.jar:/Users/yuan/.m2/repository/org/jetbrains/kotlin/kotlin-runtime/1.0.5/kotlin-runtime-1.0.5.jar:/Users/yuan/.m2/repository/com/github/almasb/fxgl-io/0.3.0/fxgl-io-0.3.0.jar:/Users/yuan/.m2/repository/com/github/almasb/fxgl-net/0.3.0/fxgl-net-0.3.0.jar:/Users/yuan/.m2/repository/com/github/almasb/fxgl-ecs/0.3.0/fxgl-ecs-0.3.0.jar:/Users/yuan/.m2/repository/com/github/almasb/fxgl-physics/0.3.0/fxgl-physics-0.3.0.jar:/Users/yuan/.m2/repository/com/github/almasb/fxgl-ai/0.3.0/fxgl-ai-0.3.0.jar:/Users/yuan/.m2/repository/com/github/almasb/fxgl-eventbus/0.3.0/fxgl-eventbus-0.3.0.jar:/Users/yuan/.m2/repository/com/github/almasb/fxgl-core/0.3.0/fxgl-core-0.3.0.jar:/Users/yuan/.m2/repository/com/google/inject/guice/4.0/guice-4.0.jar:/Users/yuan/.m2/repository/javax/inject/javax.inject/1/javax.inject-1.jar:/Users/yuan/.m2/repository/aopalliance/aopalliance/1.0/aopalliance-1.0.jar:/Users/yuan/.m2/repository/com/google/guava/guava/16.0.1/guava-16.0.1.jar:/Users/yuan/.m2/repository/org/jfxtras/jfxtras-window/8.0-r4/jfxtras-window-8.0-r4.jar:/Users/yuan/.m2/repository/org/jfxtras/jfxtras-common/8.0-r4/jfxtras-common-8.0-r4.jar:/Users/yuan/.m2/repository/org/controlsfx/controlsfx/8.40.12/controlsfx-8.40.12.jar:/Users/yuan/.m2/repository/com/fasterxml/jackson/core/jackson-databind/2.8.5/jackson-databind-2.8.5.jar:/Users/yuan/.m2/repository/com/fasterxml/jackson/core/jackson-annotations/2.8.0/jackson-annotations-2.8.0.jar:/Users/yuan/.m2/repository/com/fasterxml/jackson/core/jackson-core/2.8.5/jackson-core-2.8.5.jar:/Users/yuan/.m2/repository/io/github/lukehutch/fast-classpath-scanner/2.0.10/fast-classpath-scanner-2.0.10.jar:/Users/yuan/.m2/repository/org/apache/logging/log4j/log4j-api/2.5/log4j-api-2.5.jar:/Users/yuan/.m2/repository/org/apache/logging/log4j/log4j-core/2.5/log4j-core-2.5.jar:/Applications/IntelliJ IDEA CE.app/Contents/lib/idea_rt.jar
30 Jun 2017, 21:57:54.593 [  FINER] [   FXGL.SystemLogger] [                     main] user.name=yuan
30 Jun 2017, 21:57:54.595 [  FINER] [   FXGL.SystemLogger] [                     main] file.encoding=UTF-8
30 Jun 2017, 21:57:54.596 [  FINER] [   FXGL.SystemLogger] [                     main] idea.launcher.bin.path=/Applications/IntelliJ IDEA CE.app/Contents/bin
30 Jun 2017, 21:57:54.597 [  FINER] [   FXGL.SystemLogger] [                     main] java.specification.version=1.8
30 Jun 2017, 21:57:54.597 [  FINER] [   FXGL.SystemLogger] [                     main] java.awt.printerjob=sun.lwawt.macosx.CPrinterJob
30 Jun 2017, 21:57:54.598 [  FINER] [   FXGL.SystemLogger] [                     main] user.timezone=Australia/Adelaide
30 Jun 2017, 21:57:54.601 [  FINER] [   FXGL.SystemLogger] [                     main] user.home=/Users/yuan
30 Jun 2017, 21:57:54.602 [  FINER] [   FXGL.SystemLogger] [                     main] http.nonProxyHosts=local|*.local|169.254/16|*.169.254/16
30 Jun 2017, 21:57:54.602 [  FINER] [   FXGL.SystemLogger] [                     main] os.version=10.12.5
30 Jun 2017, 21:57:54.603 [  FINER] [   FXGL.SystemLogger] [                     main] sun.management.compiler=HotSpot 64-Bit Tiered Compilers
30 Jun 2017, 21:57:54.603 [  FINER] [   FXGL.SystemLogger] [                     main] java.specification.name=Java Platform API Specification
30 Jun 2017, 21:57:54.603 [  FINER] [   FXGL.SystemLogger] [                     main] java.class.version=52.0
30 Jun 2017, 21:57:54.604 [  FINER] [   FXGL.SystemLogger] [                     main] java.library.path=/Users/yuan/Library/Java/Extensions:/Library/Java/Extensions:/Network/Library/Java/Extensions:/System/Library/Java/Extensions:/usr/lib/java:.
30 Jun 2017, 21:57:54.605 [  FINER] [   FXGL.SystemLogger] [                     main] sun.jnu.encoding=UTF-8
30 Jun 2017, 21:57:54.606 [  FINER] [   FXGL.SystemLogger] [                     main] os.name=Mac OS X
30 Jun 2017, 21:57:54.606 [  FINER] [   FXGL.SystemLogger] [                     main] java.vm.specification.vendor=Oracle Corporation
30 Jun 2017, 21:57:54.609 [  FINER] [   FXGL.SystemLogger] [                     main] java.io.tmpdir=/var/folders/_p/__mzgq317yv8y45czx2bgmh80000gn/T/
30 Jun 2017, 21:57:54.619 [  FINER] [   FXGL.SystemLogger] [                     main] line.separator=

30 Jun 2017, 21:57:54.621 [  FINER] [   FXGL.SystemLogger] [                     main] java.endorsed.dirs=/Library/Java/JavaVirtualMachines/jdk1.8.0_92.jdk/Contents/Home/jre/lib/endorsed
30 Jun 2017, 21:57:54.629 [  FINER] [   FXGL.SystemLogger] [                     main] os.arch=x86_64
30 Jun 2017, 21:57:54.630 [  FINER] [   FXGL.SystemLogger] [                     main] java.awt.graphicsenv=sun.awt.CGraphicsEnvironment
30 Jun 2017, 21:57:54.631 [  FINER] [   FXGL.SystemLogger] [                     main] java.runtime.version=1.8.0_92-b14
30 Jun 2017, 21:57:54.631 [  FINER] [   FXGL.SystemLogger] [                     main] java.vm.specification.name=Java Virtual Machine Specification
30 Jun 2017, 21:57:54.638 [  FINER] [   FXGL.SystemLogger] [                     main] user.dir=/Users/yuan/Documents/coding/game/FXGLGames-master/Shooter
30 Jun 2017, 21:57:54.639 [  FINER] [   FXGL.SystemLogger] [                     main] user.country=US
30 Jun 2017, 21:57:54.639 [  FINER] [   FXGL.SystemLogger] [                     main] sun.java.launcher=SUN_STANDARD
30 Jun 2017, 21:57:54.640 [  FINER] [   FXGL.SystemLogger] [                     main] sun.os.patch.level=unknown
30 Jun 2017, 21:57:54.641 [  FINER] [   FXGL.SystemLogger] [                     main] idea.launcher.port=7538
30 Jun 2017, 21:57:54.645 [  FINER] [   FXGL.SystemLogger] [                     main] java.vm.name=Java HotSpot(TM) 64-Bit Server VM
30 Jun 2017, 21:57:54.645 [  FINER] [   FXGL.SystemLogger] [                     main] file.encoding.pkg=sun.io
30 Jun 2017, 21:57:54.648 [  FINER] [   FXGL.SystemLogger] [                     main] path.separator=:
30 Jun 2017, 21:57:54.649 [  FINER] [   FXGL.SystemLogger] [                     main] java.vm.vendor=Oracle Corporation
30 Jun 2017, 21:57:54.649 [  FINER] [   FXGL.SystemLogger] [                     main] java.vendor.url=http://java.oracle.com/
30 Jun 2017, 21:57:54.649 [  FINER] [   FXGL.SystemLogger] [                     main] gopherProxySet=false
30 Jun 2017, 21:57:54.650 [  FINER] [   FXGL.SystemLogger] [                     main] user.country.format=AU
30 Jun 2017, 21:57:54.650 [  FINER] [   FXGL.SystemLogger] [                     main] sun.boot.library.path=/Library/Java/JavaVirtualMachines/jdk1.8.0_92.jdk/Contents/Home/jre/lib
30 Jun 2017, 21:57:54.651 [  FINER] [   FXGL.SystemLogger] [                     main] java.vm.version=25.92-b14
30 Jun 2017, 21:57:54.651 [  FINER] [   FXGL.SystemLogger] [                     main] java.runtime.name=Java(TM) SE Runtime Environment
30 Jun 2017, 21:57:54.662 [   INFO] [   FXGL.SystemLogger] [                     main] FXGL-0.3.0
30 Jun 2017, 21:57:54.663 [   INFO] [   FXGL.SystemLogger] [                     main] Source code and latest versions at: https://github.com/AlmasB/FXGL
30 Jun 2017, 21:57:54.664 [   INFO] [   FXGL.SystemLogger] [                     main]              Join the FXGL chat at: https://gitter.im/AlmasB/FXGL
30 Jun 2017, 21:57:55.497 [  FINER] [   FXGL.SystemLogger] [JavaFX Application Thread] Starting JavaFX
30 Jun 2017, 21:57:55.499 [  FINER] [   FXGL.SystemLogger] [          JavaFX-Launcher] Initializing FXGL
30 Jun 2017, 21:57:55.519 [  FINER] [   FXGL.SystemLogger] [JavaFX Application Thread] Starting FXGL
30 Jun 2017, 21:57:56.459 [  FINER] [   FXGL.SystemLogger] [     FXGL Launcher Thread] Configuring FXGL
30 Jun 2017, 21:57:56.460 [  FINER] [   FXGL.SystemLogger] [     FXGL Launcher Thread] Initializing system properties
30 Jun 2017, 21:57:56.514 [  FINER] [   FXGL.SystemLogger] [     FXGL Launcher Thread] sound.notification = core/notification.wav
30 Jun 2017, 21:57:56.514 [  FINER] [   FXGL.SystemLogger] [     FXGL Launcher Thread] url.storage = https://raw.githubusercontent.com/AlmasB/git-server/master/storage/
30 Jun 2017, 21:57:56.514 [  FINER] [   FXGL.SystemLogger] [     FXGL Launcher Thread] asset.cache.size = 35
30 Jun 2017, 21:57:56.515 [  FINER] [   FXGL.SystemLogger] [     FXGL Launcher Thread] fs.profiledir = profiles/
30 Jun 2017, 21:57:56.515 [  FINER] [   FXGL.SystemLogger] [     FXGL Launcher Thread] url.pom = https://raw.githubusercontent.com/AlmasB/FXGL/master/pom.xml
30 Jun 2017, 21:57:56.516 [  FINER] [   FXGL.SystemLogger] [     FXGL Launcher Thread] ui.mono.font = lucida_console.ttf
30 Jun 2017, 21:57:56.516 [  FINER] [   FXGL.SystemLogger] [     FXGL Launcher Thread] dev.showbbox = false
30 Jun 2017, 21:57:56.519 [  FINER] [   FXGL.SystemLogger] [     FXGL Launcher Thread] sound.menu.back = menu/back.wav
30 Jun 2017, 21:57:56.521 [  FINER] [   FXGL.SystemLogger] [     FXGL Launcher Thread] fs.datafile.ext = .dat
30 Jun 2017, 21:57:56.522 [  FINER] [   FXGL.SystemLogger] [     FXGL Launcher Thread] sound.menu.select = menu/select.wav
30 Jun 2017, 21:57:56.522 [  FINER] [   FXGL.SystemLogger] [     FXGL Launcher Thread] url.github = https://github.com/AlmasB/FXGL
30 Jun 2017, 21:57:56.523 [  FINER] [   FXGL.SystemLogger] [     FXGL Launcher Thread] url.surveymonkey = https://www.surveymonkey.co.uk/r/BH6LLPM
30 Jun 2017, 21:57:56.523 [  FINER] [   FXGL.SystemLogger] [     FXGL Launcher Thread] physics.ppm = 50.0
30 Jun 2017, 21:57:56.534 [  FINER] [   FXGL.SystemLogger] [     FXGL Launcher Thread] ui.css = fxgl.css
30 Jun 2017, 21:57:56.535 [  FINER] [   FXGL.SystemLogger] [     FXGL Launcher Thread] version.check.days = 7
30 Jun 2017, 21:57:56.536 [  FINER] [   FXGL.SystemLogger] [     FXGL Launcher Thread] fs.savefile.ext = .sav
30 Jun 2017, 21:57:56.546 [  FINER] [   FXGL.SystemLogger] [     FXGL Launcher Thread] pooling.initialSize = 128
30 Jun 2017, 21:57:56.548 [  FINER] [   FXGL.SystemLogger] [     FXGL Launcher Thread] fxgl.version = 0.3.0
30 Jun 2017, 21:57:56.549 [  FINER] [   FXGL.SystemLogger] [     FXGL Launcher Thread] ui.font = Copperplate_Gothic_Light_Regular.ttf
30 Jun 2017, 21:57:56.555 [  FINER] [   FXGL.SystemLogger] [     FXGL Launcher Thread] fs.savedir = saves/
30 Jun 2017, 21:57:56.555 [  FINER] [   FXGL.SystemLogger] [     FXGL Launcher Thread] fs.profilename = user.profile
30 Jun 2017, 21:57:56.556 [  FINER] [   FXGL.SystemLogger] [     FXGL Launcher Thread] ui.icon.name = fxgl_icon.png
30 Jun 2017, 21:57:56.560 [  FINER] [   FXGL.SystemLogger] [     FXGL Launcher Thread] sound.menu.press = menu/press.wav
30 Jun 2017, 21:57:56.561 [  FINER] [   FXGL.SystemLogger] [     FXGL Launcher Thread] url.googleforms = https://goo.gl/forms/6wrMnOBxTE1fEpOy2
30 Jun 2017, 21:57:56.561 [  FINER] [   FXGL.SystemLogger] [     FXGL Launcher Thread] Initializing user properties
30 Jun 2017, 21:57:56.562 [   INFO] [   FXGL.SystemLogger] [     FXGL Launcher Thread] User properties not found. Using system
30 Jun 2017, 21:57:56.563 [  FINER] [   FXGL.SystemLogger] [     FXGL Launcher Thread] Initializing app settings
30 Jun 2017, 21:57:56.580 [  FINER] [   FXGL.SystemLogger] [     FXGL Launcher Thread] Logging settings
Title: Shooter game
Version: 0.1
Width: 1280
Height: 720
Fullscreen: false
Intro: false
Menus: false
Profiling: false
App Mode: RELEASE
Menu Style: FXGL_DEFAULT
Menu Key: ESCAPE
Services: []
30 Jun 2017, 21:57:57.698 [  FINER] [   FXGL.SystemLogger] [     FXGL Launcher Thread] FXGL configuration complete
30 Jun 2017, 21:57:57.699 [   INFO] [   FXGL.SystemLogger] [     FXGL Launcher Thread] FXGL configuration took:  1.239 sec
30 Jun 2017, 21:57:57.701 [  FINER] [   FXGL.SystemLogger] [JavaFX Application Thread] Running task: UpdaterTask
30 Jun 2017, 21:57:57.705 [  FINER] [   FXGL.SystemLogger] [     FXGL Launcher Thread] Running task: PreInitTask
30 Jun 2017, 21:57:57.807 [  FINER] [   FXGL.SystemLogger] [     FXGL Launcher Thread] Running task: InitScenesTask
30 Jun 2017, 21:57:58.040 [  FINER] [   FXGL.SystemLogger] [     FXGL Launcher Thread] Running task: InitEventHandlersTask
30 Jun 2017, 21:57:58.064 [  FINER] [   FXGL.SystemLogger] [     FXGL Launcher Thread] Running task: InitProfilerTask
30 Jun 2017, 21:57:58.072 [  FINER] [   FXGL.SystemLogger] [     FXGL Launcher Thread] Pausing main loop
30 Jun 2017, 21:57:58.075 [  FINER] [   FXGL.SystemLogger] [     FXGL Launcher Thread] Resetting FXGL application
30 Jun 2017, 21:57:58.194 [   INFO] [   FXGL.SystemLogger] [     FXGL Launcher Thread] Game configuration took:  0.489 sec
30 Jun 2017, 21:57:58.500 [   INFO] [   FXGL.SystemLogger] [ FXGL Background Thread 1] Game initialization took: 0.306 sec
30 Jun 2017, 21:57:58.529 [  FINER] [   FXGL.SystemLogger] [JavaFX Application Thread] Resuming main loop
30 Jun 2017, 21:58:05.546 [  FINER] [   FXGL.SystemLogger] [JavaFX Application Thread] Exiting Normally
30 Jun 2017, 21:58:05.591 [  FINER] [   FXGL.SystemLogger] [JavaFX Application Thread] Exiting FXGL
30 Jun 2017, 21:58:05.591 [  FINER] [   FXGL.SystemLogger] [JavaFX Application Thread] Logger is closing
