21:57:57.676 [FXGL Launcher Thread     ] DEBUG FXGLLoggerFactory    - Service [LoggerFactory] initialized
21:57:57.681 [FXGL Launcher Thread     ] DEBUG FXGL                 - FXGL configuration complete
21:57:57.681 [FXGL Launcher Thread     ] DEBUG FXGL                 - Loading FXGL system data
21:57:57.684 [FXGL Launcher Thread     ] DEBUG IOTask               - Executing task: readDataTask(system/fxgl.bundle)
21:57:57.689 [FXGL Launcher Thread     ] DEBUG FS                   - Reading from: system/fxgl.bundle
21:57:57.697 [FXGL Launcher Thread     ] DEBUG IOTask               - Task succeeded: readDataTask(system/fxgl.bundle)
21:57:57.698 [FXGL Launcher Thread     ] DEBUG Bundle               - Logging bundle: FXGL
21:57:57.698 [FXGL Launcher Thread     ] DEBUG Bundle               - FXGL.offline.timer.version.check=2017-06-30T20:44:13.891
21:57:57.705 [FXGL Launcher Thread     ] DEBUG GameApplication      - Configuring GameApplication
21:57:57.712 [FXGL Launcher Thread     ] DEBUG FXGLExceptionHandler - Service [ExceptionHandler] initialized
21:57:57.712 [FXGL Launcher Thread     ] DEBUG FXGLEventBus         - Service [EventBus] initialized
21:57:57.716 [FXGL Launcher Thread     ] DEBUG FXGLExecutor         - Service [Executor] initialized
21:57:57.716 [FXGL Launcher Thread     ] DEBUG PreInitTask          - Injecting gameWorld & physicsWorld
21:57:57.725 [FXGL Launcher Thread     ] DEBUG GameWorld            - Game world initialized
21:57:57.779 [FXGL Launcher Thread     ] DEBUG FXGLPooler           - Service [Pooler] initialized with default size = 128
21:57:57.780 [FXGL Launcher Thread     ] DEBUG PhysicsWorld         - Physics world initialized: appHeight=720.0, physics.ppm=50.0
21:57:57.781 [FXGL Launcher Thread     ] DEBUG FXGLInput            - Service [Input] initialized
21:57:57.805 [FXGL Launcher Thread     ] DEBUG FXGLInput            - Registered new binding: Screenshot - P
21:57:57.806 [FXGL Launcher Thread     ] DEBUG FXGLInput            - Registered new binding: Dev Options - CTRL+0
21:57:57.806 [FXGL Launcher Thread     ] DEBUG FXGLInput            - Registered new binding: Shoot - PRIMARY
21:57:57.813 [FXGL Launcher Thread     ] DEBUG FXGLAssetLoader      - Service [AssetLoader] initialized: cacheSize=35
21:57:57.814 [FXGL Launcher Thread     ] DEBUG FXGLAssetLoader      - Loading from disk: /assets/ui/cursors/fxgl_default.png
21:57:57.874 [FXGL Launcher Thread     ] DEBUG GameScene            - Game scene initialized: 1280.0x720.0
21:57:57.874 [FXGL Launcher Thread     ] DEBUG FXGLAssetLoader      - Loading from disk: /assets/ui/cursors/fxgl_default.png
21:57:57.891 [FXGL Launcher Thread     ] DEBUG FXGLAssetLoader      - Loading from disk: /assets/sounds/core/notification.wav
21:57:57.962 [FXGL Launcher Thread     ] DEBUG FXGLAssetLoader      - Loading from disk: /assets/sounds/menu/select.wav
21:57:57.964 [FXGL Launcher Thread     ] DEBUG FXGLAssetLoader      - Loading from disk: /assets/sounds/menu/back.wav
21:57:57.965 [FXGL Launcher Thread     ] DEBUG FXGLAssetLoader      - Loading from disk: /assets/sounds/menu/press.wav
21:57:57.968 [FXGL Launcher Thread     ] DEBUG FXGLAssetLoader      - Loading from disk: /assets/ui/fonts/Copperplate_Gothic_Light_Regular.ttf
21:57:57.989 [FXGL Launcher Thread     ] DEBUG FXGLAssetLoader      - Loading from disk: /assets/ui/fonts/lucida_console.ttf
21:57:57.995 [FXGL Launcher Thread     ] DEBUG FXGLAssetLoader      - Loading from disk: /assets/ui/css/fxgl.css
21:57:57.995 [FXGL Launcher Thread     ] DEBUG FXGLAssetLoader      - Loading from disk: /assets/ui/icons/fxgl_icon.png
21:57:58.024 [FXGL Launcher Thread     ] DEBUG FXGLAssetLoader      - Loading from disk: /assets/ui/css/fxgl_dark.css
21:57:58.038 [FXGL Launcher Thread     ] DEBUG FXGLDisplay          - Target size: DoubleProperty [value: 1280.0] x DoubleProperty [value: 720.0] @ 1.0
21:57:58.038 [FXGL Launcher Thread     ] DEBUG FXGLDisplay          - New size:    1280.0 x 720.0 @ DoubleProperty [value: 1.0]
21:57:58.039 [FXGL Launcher Thread     ] DEBUG FXGLDisplay          - Service [Display] initialized
21:57:58.039 [FXGL Launcher Thread     ] DEBUG FXGLDisplay          - Using CSS: CSS(externalForm=jar:file:/Users/yuan/.m2/repository/com/github/almasb/fxgl/0.3.0/fxgl-0.3.0.jar!/assets/ui/css/fxgl_dark.css)
21:57:58.040 [FXGL Launcher Thread     ] DEBUG InitScenesTask       - Injecting loadingScene & gameScene
21:57:58.045 [FXGL Launcher Thread     ] DEBUG FXGLMasterTimer      - Service [MasterTimer] initialized
21:57:58.048 [FXGL Launcher Thread     ] DEBUG FXGLAudioPlayer      - Service [AudioPlayer] initialized
21:57:58.049 [FXGL Launcher Thread     ] DEBUG InitEventHandlersTask - scanForServiceListeners
21:57:58.049 [FXGL Launcher Thread     ] DEBUG InitEventHandlersTask - FXGLListener: interface com.almasb.fxgl.service.MasterTimer
21:57:58.049 [FXGL Launcher Thread     ] DEBUG InitEventHandlersTask - FXGLListener: interface com.almasb.fxgl.service.Input
21:57:58.049 [FXGL Launcher Thread     ] DEBUG InitEventHandlersTask - UserProfileSavable: interface com.almasb.fxgl.service.AudioPlayer
21:57:58.051 [FXGL Launcher Thread     ] DEBUG InitEventHandlersTask - UserProfileSavable: interface com.almasb.fxgl.service.MasterTimer
21:57:58.051 [FXGL Launcher Thread     ] DEBUG InitEventHandlersTask - UserProfileSavable: interface com.almasb.fxgl.service.Input
21:57:58.052 [FXGL Launcher Thread     ] DEBUG InitEventHandlersTask - UserProfileSavable: interface com.almasb.fxgl.service.Display
21:57:58.052 [FXGL Launcher Thread     ] DEBUG InitEventHandlersTask - UserProfileSavable: class com.almasb.fxgl.gameplay.AchievementManager
21:57:58.053 [FXGL Launcher Thread     ] DEBUG AchievementManager   - Service [AchievementManager] initialized
21:57:58.053 [FXGL Launcher Thread     ] DEBUG InitEventHandlersTask - UserProfileSavable: class com.almasb.fxgl.service.impl.quest.FXGLQuestServiceProvider
21:57:58.053 [FXGL Launcher Thread     ] DEBUG InitEventHandlersTask - NotificationListener: interface com.almasb.fxgl.service.AudioPlayer
21:57:58.055 [FXGL Launcher Thread     ] DEBUG InitEventHandlersTask - AchievementListener: interface com.almasb.fxgl.service.NotificationService
21:57:58.059 [FXGL Launcher Thread     ] DEBUG SlidingNotificationService - Service [NotificationService] initialized
21:57:58.068 [FXGL Launcher Thread     ] DEBUG GameApplication      - Starting new game
21:57:58.071 [FXGL Launcher Thread     ] DEBUG GameApplication      - Initializing App
21:57:58.073 [FXGL Launcher Thread     ] DEBUG GameApplication      - State: STARTUP -> PAUSED
21:57:58.073 [FXGL Launcher Thread     ] DEBUG FXGLMasterTimer      - Stopping master timer
21:57:58.074 [FXGL Launcher Thread     ] DEBUG FXGLInput            - Clearing active input actions
21:57:58.074 [FXGL Launcher Thread     ] DEBUG FXGLEventBus         - Firing event: FXGLEvent[type=PAUSE]
21:57:58.076 [FXGL Launcher Thread     ] DEBUG GameWorld            - Resetting game world
21:57:58.077 [FXGL Launcher Thread     ] TRACE EntityWorld          - Resetting entity world
21:57:58.078 [FXGL Launcher Thread     ] DEBUG PhysicsWorld         - Resetting physics world
21:57:58.078 [FXGL Launcher Thread     ] DEBUG GameScene            - Resetting game scene
21:57:58.078 [FXGL Launcher Thread     ] DEBUG FXGLMasterTimer      - Resetting ticks and clearing all actions
21:57:58.078 [FXGL Launcher Thread     ] DEBUG FXGLInput            - Clearing active input actions
21:57:58.078 [FXGL Launcher Thread     ] DEBUG FXGLEventBus         - Firing event: FXGLEvent[type=RESET]
21:57:58.155 [FXGL Launcher Thread     ] DEBUG GameApplication      - State: PAUSED -> LOADING
21:57:58.194 [FXGL Background Thread 1 ] DEBUG InitAppTask          - Initializing Assets
21:57:58.196 [FXGL Background Thread 1 ] DEBUG InitAppTask          - Initializing Game
21:57:58.196 [FXGL Background Thread 1 ] DEBUG InitAppTask          - Injecting gameState
21:57:58.292 [JavaFX Application Thread] DEBUG FXGLDisplay          - Showing stage
21:57:58.292 [JavaFX Application Thread] DEBUG FXGLDisplay          - Root size: 1280.0x720.0
21:57:58.292 [JavaFX Application Thread] DEBUG FXGLDisplay          - Scene size: 1280.0x720.0
21:57:58.292 [JavaFX Application Thread] DEBUG FXGLDisplay          - Stage size: 1280.0x742.0
21:57:58.330 [FastClasspathScanner-worker-0] DEBUG InitAppTask          - @SetEntityFactory: class com.almasb.fxglgames.shooter.ShooterFactory
21:57:58.382 [FXGL Background Thread 1 ] DEBUG FXGLAssetLoader      - Loading from disk: /assets/textures/background.png
21:57:58.492 [FXGL Background Thread 1 ] DEBUG GameScene            - Entity added to scene
21:57:58.492 [FXGL Background Thread 1 ] DEBUG GameScene            - Added ViewComponent
21:57:58.495 [FXGL Background Thread 1 ] DEBUG GameScene            - Creating render group for layer: TOP(2147483647)
21:57:58.500 [FXGL Background Thread 1 ] DEBUG InitAppTask          - Initializing Physics
21:57:58.500 [FXGL Background Thread 1 ] DEBUG InitAppTask          - Initializing UI
21:57:58.500 [FXGL Background Thread 1 ] DEBUG InitAppTask          - Initialization Complete
21:57:58.530 [JavaFX Application Thread] DEBUG GameApplication      - State: LOADING -> PLAYING
21:57:58.537 [JavaFX Application Thread] DEBUG FXGLMasterTimer      - Starting master timer
21:57:58.537 [JavaFX Application Thread] DEBUG FXGLInput            - Clearing active input actions
21:57:58.537 [JavaFX Application Thread] DEBUG FXGLEventBus         - Firing event: FXGLEvent[type=RESUME]
21:57:59.637 [JavaFX Application Thread] DEBUG FXGLAssetLoader      - Loading from disk: /assets/textures/Seeker.png
21:57:59.663 [JavaFX Application Thread] DEBUG GameScene            - Entity added to scene
21:57:59.663 [JavaFX Application Thread] DEBUG GameScene            - Added ViewComponent
21:58:00.629 [JavaFX Application Thread] DEBUG FXGLAssetLoader      - Loading from disk: /assets/textures/Bullet.png
21:58:00.681 [JavaFX Application Thread] DEBUG GameScene            - Entity added to scene
21:58:00.681 [JavaFX Application Thread] DEBUG GameScene            - Added ViewComponent
21:58:00.719 [JavaFX Application Thread] DEBUG FXGLAssetLoader      - Loading from cache: /assets/textures/Seeker.png
21:58:00.720 [JavaFX Application Thread] DEBUG GameScene            - Entity added to scene
21:58:00.720 [JavaFX Application Thread] DEBUG GameScene            - Added ViewComponent
21:58:00.784 [JavaFX Application Thread] DEBUG FXGLAssetLoader      - Loading from cache: /assets/textures/Bullet.png
21:58:00.785 [JavaFX Application Thread] DEBUG GameScene            - Entity added to scene
21:58:00.785 [JavaFX Application Thread] DEBUG GameScene            - Added ViewComponent
21:58:00.955 [JavaFX Application Thread] DEBUG FXGLAssetLoader      - Loading from cache: /assets/textures/Bullet.png
21:58:00.956 [JavaFX Application Thread] DEBUG GameScene            - Entity added to scene
21:58:00.956 [JavaFX Application Thread] DEBUG GameScene            - Added ViewComponent
21:58:01.735 [JavaFX Application Thread] DEBUG FXGLAssetLoader      - Loading from cache: /assets/textures/Seeker.png
21:58:01.736 [JavaFX Application Thread] DEBUG GameScene            - Entity added to scene
21:58:01.736 [JavaFX Application Thread] DEBUG GameScene            - Added ViewComponent
21:58:01.841 [JavaFX Application Thread] DEBUG FXGLAssetLoader      - Loading from cache: /assets/textures/Bullet.png
21:58:01.842 [JavaFX Application Thread] DEBUG GameScene            - Entity added to scene
21:58:01.842 [JavaFX Application Thread] DEBUG GameScene            - Added ViewComponent
21:58:02.057 [JavaFX Application Thread] DEBUG FXGLAssetLoader      - Loading from cache: /assets/textures/Bullet.png
21:58:02.058 [JavaFX Application Thread] DEBUG GameScene            - Entity added to scene
21:58:02.058 [JavaFX Application Thread] DEBUG GameScene            - Added ViewComponent
21:58:02.236 [JavaFX Application Thread] DEBUG FXGLAssetLoader      - Loading from cache: /assets/textures/Bullet.png
21:58:02.238 [JavaFX Application Thread] DEBUG GameScene            - Entity added to scene
21:58:02.238 [JavaFX Application Thread] DEBUG GameScene            - Added ViewComponent
21:58:02.381 [JavaFX Application Thread] DEBUG FXGLAssetLoader      - Loading from cache: /assets/textures/Bullet.png
21:58:02.381 [JavaFX Application Thread] DEBUG GameScene            - Entity added to scene
21:58:02.381 [JavaFX Application Thread] DEBUG GameScene            - Added ViewComponent
21:58:02.540 [JavaFX Application Thread] DEBUG FXGLAssetLoader      - Loading from cache: /assets/textures/Bullet.png
21:58:02.541 [JavaFX Application Thread] DEBUG GameScene            - Entity added to scene
21:58:02.541 [JavaFX Application Thread] DEBUG GameScene            - Added ViewComponent
21:58:02.752 [JavaFX Application Thread] DEBUG FXGLAssetLoader      - Loading from cache: /assets/textures/Seeker.png
21:58:02.753 [JavaFX Application Thread] DEBUG GameScene            - Entity added to scene
21:58:02.753 [JavaFX Application Thread] DEBUG GameScene            - Added ViewComponent
21:58:03.655 [JavaFX Application Thread] DEBUG FXGLAssetLoader      - Loading from cache: /assets/textures/Bullet.png
21:58:03.655 [JavaFX Application Thread] DEBUG GameScene            - Entity added to scene
21:58:03.655 [JavaFX Application Thread] DEBUG GameScene            - Added ViewComponent
21:58:03.769 [JavaFX Application Thread] DEBUG FXGLAssetLoader      - Loading from cache: /assets/textures/Seeker.png
21:58:03.769 [JavaFX Application Thread] DEBUG GameScene            - Entity added to scene
21:58:03.769 [JavaFX Application Thread] DEBUG GameScene            - Added ViewComponent
21:58:03.810 [JavaFX Application Thread] DEBUG FXGLAssetLoader      - Loading from cache: /assets/textures/Bullet.png
21:58:03.811 [JavaFX Application Thread] DEBUG GameScene            - Entity added to scene
21:58:03.811 [JavaFX Application Thread] DEBUG GameScene            - Added ViewComponent
21:58:03.990 [JavaFX Application Thread] DEBUG FXGLAssetLoader      - Loading from cache: /assets/textures/Bullet.png
21:58:03.991 [JavaFX Application Thread] DEBUG GameScene            - Entity added to scene
21:58:03.991 [JavaFX Application Thread] DEBUG GameScene            - Added ViewComponent
21:58:04.786 [JavaFX Application Thread] DEBUG FXGLAssetLoader      - Loading from cache: /assets/textures/Seeker.png
21:58:04.786 [JavaFX Application Thread] DEBUG GameScene            - Entity added to scene
21:58:04.786 [JavaFX Application Thread] DEBUG GameScene            - Added ViewComponent
21:58:05.546 [JavaFX Application Thread] DEBUG FXGLEventBus         - Firing event: DisplayEvent[type=CLOSE_REQUEST]
21:58:05.562 [JavaFX Application Thread] DEBUG FXGLEventBus         - Firing event: FXGLEvent[type=EXIT]
21:58:05.562 [JavaFX Application Thread] DEBUG FXGL                 - Saving FXGL system data
21:58:05.565 [JavaFX Application Thread] DEBUG IOTask               - Executing task: writeDataTask(system/fxgl.bundle)
21:58:05.588 [JavaFX Application Thread] DEBUG FS                   - Writing to: system/fxgl.bundle
21:58:05.590 [JavaFX Application Thread] DEBUG IOTask               - Task succeeded: writeDataTask(system/fxgl.bundle)
