17:25:24.294 [FXGL Launcher Thread     ] DEBUG FXGLLoggerFactory    - Service [LoggerFactory] initialized
17:25:24.305 [FXGL Launcher Thread     ] DEBUG FXGL                 - FXGL configuration complete
17:25:24.305 [FXGL Launcher Thread     ] DEBUG FXGL                 - Loading FXGL system data
17:25:24.342 [FXGL Launcher Thread     ] DEBUG IOTask               - Executing task: readDataTask(system/fxgl.bundle)
17:25:24.414 [FXGL Launcher Thread     ] DEBUG FS                   - Reading from: system/fxgl.bundle
17:25:24.442 [FXGL Launcher Thread     ] DEBUG IOTask               - Task succeeded: readDataTask(system/fxgl.bundle)
17:25:24.442 [FXGL Launcher Thread     ] DEBUG Bundle               - Logging bundle: FXGL
17:25:24.442 [FXGL Launcher Thread     ] DEBUG Bundle               - FXGL.offline.timer.version.check=2017-06-30T20:44:13.891
17:25:24.469 [FXGL Launcher Thread     ] DEBUG GameApplication      - Configuring GameApplication
17:25:24.477 [FXGL Launcher Thread     ] DEBUG FXGLExceptionHandler - Service [ExceptionHandler] initialized
17:25:24.478 [FXGL Launcher Thread     ] DEBUG FXGLEventBus         - Service [EventBus] initialized
17:25:24.574 [FXGL Launcher Thread     ] DEBUG FXGLExecutor         - Service [Executor] initialized
17:25:24.575 [FXGL Launcher Thread     ] DEBUG PreInitTask          - Injecting gameWorld & physicsWorld
17:25:24.609 [FXGL Launcher Thread     ] DEBUG GameWorld            - Game world initialized
17:25:24.712 [FXGL Launcher Thread     ] DEBUG FXGLPooler           - Service [Pooler] initialized with default size = 128
17:25:24.713 [FXGL Launcher Thread     ] DEBUG PhysicsWorld         - Physics world initialized: appHeight=720.0, physics.ppm=50.0
17:25:24.714 [FXGL Launcher Thread     ] DEBUG FXGLInput            - Service [Input] initialized
17:25:24.806 [FXGL Launcher Thread     ] DEBUG FXGLInput            - Registered new binding: Screenshot - P
17:25:24.807 [FXGL Launcher Thread     ] DEBUG FXGLInput            - Registered new binding: Dev Options - CTRL+0
17:25:24.807 [FXGL Launcher Thread     ] DEBUG FXGLInput            - Registered new binding: Shoot - PRIMARY
17:25:24.876 [FXGL Launcher Thread     ] DEBUG FXGLAssetLoader      - Service [AssetLoader] initialized: cacheSize=35
17:25:24.876 [FXGL Launcher Thread     ] DEBUG FXGLAssetLoader      - Loading from disk: /assets/ui/cursors/fxgl_default.png
17:25:25.065 [FXGL Launcher Thread     ] DEBUG GameScene            - Game scene initialized: 1280.0x720.0
17:25:25.066 [FXGL Launcher Thread     ] DEBUG FXGLAssetLoader      - Loading from disk: /assets/ui/cursors/fxgl_default.png
17:25:25.125 [FXGL Launcher Thread     ] DEBUG FXGLAssetLoader      - Loading from disk: /assets/sounds/core/notification.wav
17:25:25.790 [FXGL Launcher Thread     ] DEBUG FXGLAssetLoader      - Loading from disk: /assets/sounds/menu/select.wav
17:25:25.827 [FXGL Launcher Thread     ] DEBUG FXGLAssetLoader      - Loading from disk: /assets/sounds/menu/back.wav
17:25:25.828 [FXGL Launcher Thread     ] DEBUG FXGLAssetLoader      - Loading from disk: /assets/sounds/menu/press.wav
17:25:25.830 [FXGL Launcher Thread     ] DEBUG FXGLAssetLoader      - Loading from disk: /assets/ui/fonts/Copperplate_Gothic_Light_Regular.ttf
17:25:25.934 [FXGL Launcher Thread     ] DEBUG FXGLAssetLoader      - Loading from disk: /assets/ui/fonts/lucida_console.ttf
17:25:25.937 [FXGL Launcher Thread     ] DEBUG FXGLAssetLoader      - Loading from disk: /assets/ui/css/fxgl.css
17:25:25.938 [FXGL Launcher Thread     ] DEBUG FXGLAssetLoader      - Loading from disk: /assets/ui/icons/fxgl_icon.png
17:25:25.978 [FXGL Launcher Thread     ] DEBUG FXGLAssetLoader      - Loading from disk: /assets/ui/css/fxgl_dark.css
17:25:26.122 [FXGL Launcher Thread     ] DEBUG FXGLDisplay          - Target size: DoubleProperty [value: 1280.0] x DoubleProperty [value: 720.0] @ 1.0
17:25:26.122 [FXGL Launcher Thread     ] DEBUG FXGLDisplay          - New size:    1280.0 x 720.0 @ DoubleProperty [value: 1.0]
17:25:26.123 [FXGL Launcher Thread     ] DEBUG FXGLDisplay          - Service [Display] initialized
17:25:26.144 [FXGL Launcher Thread     ] DEBUG FXGLDisplay          - Using CSS: CSS(externalForm=jar:file:/Users/yuan/.m2/repository/com/github/almasb/fxgl/0.3.0/fxgl-0.3.0.jar!/assets/ui/css/fxgl_dark.css)
17:25:26.145 [FXGL Launcher Thread     ] DEBUG InitScenesTask       - Injecting loadingScene & gameScene
17:25:26.149 [FXGL Launcher Thread     ] DEBUG FXGLMasterTimer      - Service [MasterTimer] initialized
17:25:26.199 [FXGL Launcher Thread     ] DEBUG FXGLAudioPlayer      - Service [AudioPlayer] initialized
17:25:26.200 [FXGL Launcher Thread     ] DEBUG InitEventHandlersTask - scanForServiceListeners
17:25:26.200 [FXGL Launcher Thread     ] DEBUG InitEventHandlersTask - FXGLListener: interface com.almasb.fxgl.service.MasterTimer
17:25:26.200 [FXGL Launcher Thread     ] DEBUG InitEventHandlersTask - FXGLListener: interface com.almasb.fxgl.service.Input
17:25:26.200 [FXGL Launcher Thread     ] DEBUG InitEventHandlersTask - UserProfileSavable: interface com.almasb.fxgl.service.AudioPlayer
17:25:26.202 [FXGL Launcher Thread     ] DEBUG InitEventHandlersTask - UserProfileSavable: interface com.almasb.fxgl.service.MasterTimer
17:25:26.202 [FXGL Launcher Thread     ] DEBUG InitEventHandlersTask - UserProfileSavable: interface com.almasb.fxgl.service.Input
17:25:26.202 [FXGL Launcher Thread     ] DEBUG InitEventHandlersTask - UserProfileSavable: interface com.almasb.fxgl.service.Display
17:25:26.202 [FXGL Launcher Thread     ] DEBUG InitEventHandlersTask - UserProfileSavable: class com.almasb.fxgl.gameplay.AchievementManager
17:25:26.202 [FXGL Launcher Thread     ] DEBUG AchievementManager   - Service [AchievementManager] initialized
17:25:26.202 [FXGL Launcher Thread     ] DEBUG InitEventHandlersTask - UserProfileSavable: class com.almasb.fxgl.service.impl.quest.FXGLQuestServiceProvider
17:25:26.203 [FXGL Launcher Thread     ] DEBUG InitEventHandlersTask - NotificationListener: interface com.almasb.fxgl.service.AudioPlayer
17:25:26.204 [FXGL Launcher Thread     ] DEBUG InitEventHandlersTask - AchievementListener: interface com.almasb.fxgl.service.NotificationService
17:25:26.274 [FXGL Launcher Thread     ] DEBUG SlidingNotificationService - Service [NotificationService] initialized
17:25:26.280 [FXGL Launcher Thread     ] DEBUG GameApplication      - Starting new game
17:25:26.282 [FXGL Launcher Thread     ] DEBUG GameApplication      - Initializing App
17:25:26.283 [FXGL Launcher Thread     ] DEBUG GameApplication      - State: STARTUP -> PAUSED
17:25:26.284 [FXGL Launcher Thread     ] DEBUG FXGLMasterTimer      - Stopping master timer
17:25:26.284 [FXGL Launcher Thread     ] DEBUG FXGLInput            - Clearing active input actions
17:25:26.285 [FXGL Launcher Thread     ] DEBUG FXGLEventBus         - Firing event: FXGLEvent[type=PAUSE]
17:25:26.286 [FXGL Launcher Thread     ] DEBUG GameWorld            - Resetting game world
17:25:26.286 [FXGL Launcher Thread     ] TRACE EntityWorld          - Resetting entity world
17:25:26.287 [FXGL Launcher Thread     ] DEBUG PhysicsWorld         - Resetting physics world
17:25:26.287 [FXGL Launcher Thread     ] DEBUG GameScene            - Resetting game scene
17:25:26.287 [FXGL Launcher Thread     ] DEBUG FXGLMasterTimer      - Resetting ticks and clearing all actions
17:25:26.287 [FXGL Launcher Thread     ] DEBUG FXGLInput            - Clearing active input actions
17:25:26.287 [FXGL Launcher Thread     ] DEBUG FXGLEventBus         - Firing event: FXGLEvent[type=RESET]
17:25:26.359 [FXGL Launcher Thread     ] DEBUG GameApplication      - State: PAUSED -> LOADING
17:25:26.439 [FXGL Background Thread 1 ] DEBUG InitAppTask          - Initializing Assets
17:25:26.468 [FXGL Background Thread 1 ] DEBUG InitAppTask          - Initializing Game
17:25:26.468 [FXGL Background Thread 1 ] DEBUG InitAppTask          - Injecting gameState
17:25:26.806 [JavaFX Application Thread] DEBUG FXGLDisplay          - Showing stage
17:25:26.806 [JavaFX Application Thread] DEBUG FXGLDisplay          - Root size: 1280.0x720.0
17:25:26.806 [JavaFX Application Thread] DEBUG FXGLDisplay          - Scene size: 1280.0x720.0
17:25:26.806 [JavaFX Application Thread] DEBUG FXGLDisplay          - Stage size: 1280.0x742.0
17:25:26.959 [FastClasspathScanner-worker-0] DEBUG InitAppTask          - @SetEntityFactory: class com.almasb.fxglgames.shooter.ShooterFactory
17:25:27.163 [FXGL Background Thread 1 ] DEBUG FXGLAssetLoader      - Loading from disk: /assets/textures/background.png
17:25:27.645 [FXGL Background Thread 1 ] DEBUG GameScene            - Entity added to scene
17:25:27.645 [FXGL Background Thread 1 ] DEBUG GameScene            - Added ViewComponent
17:25:27.647 [FXGL Background Thread 1 ] DEBUG GameScene            - Creating render group for layer: TOP(2147483647)
17:25:27.664 [FXGL Background Thread 1 ] DEBUG InitAppTask          - Initializing Physics
17:25:27.664 [FXGL Background Thread 1 ] DEBUG InitAppTask          - Initializing UI
17:25:27.664 [FXGL Background Thread 1 ] DEBUG InitAppTask          - Initialization Complete
17:25:27.687 [JavaFX Application Thread] DEBUG GameApplication      - State: LOADING -> PLAYING
17:25:27.696 [JavaFX Application Thread] DEBUG FXGLMasterTimer      - Starting master timer
17:25:27.696 [JavaFX Application Thread] DEBUG FXGLInput            - Clearing active input actions
17:25:27.696 [JavaFX Application Thread] DEBUG FXGLEventBus         - Firing event: FXGLEvent[type=RESUME]
17:25:28.826 [JavaFX Application Thread] DEBUG FXGLAssetLoader      - Loading from disk: /assets/textures/Seeker.png
17:25:28.956 [JavaFX Application Thread] DEBUG GameScene            - Entity added to scene
17:25:28.956 [JavaFX Application Thread] DEBUG GameScene            - Added ViewComponent
17:25:29.974 [JavaFX Application Thread] DEBUG FXGLAssetLoader      - Loading from cache: /assets/textures/Seeker.png
17:25:29.974 [JavaFX Application Thread] DEBUG GameScene            - Entity added to scene
17:25:29.975 [JavaFX Application Thread] DEBUG GameScene            - Added ViewComponent
17:25:30.459 [JavaFX Application Thread] DEBUG FXGLAssetLoader      - Loading from disk: /assets/textures/Bullet.png
17:25:30.519 [JavaFX Application Thread] DEBUG GameScene            - Entity added to scene
17:25:30.519 [JavaFX Application Thread] DEBUG GameScene            - Added ViewComponent
17:25:31.075 [JavaFX Application Thread] DEBUG FXGLAssetLoader      - Loading from cache: /assets/textures/Seeker.png
17:25:31.076 [JavaFX Application Thread] DEBUG GameScene            - Entity added to scene
17:25:31.076 [JavaFX Application Thread] DEBUG GameScene            - Added ViewComponent
17:25:31.965 [JavaFX Application Thread] DEBUG FXGLAssetLoader      - Loading from cache: /assets/textures/Bullet.png
17:25:31.966 [JavaFX Application Thread] DEBUG GameScene            - Entity added to scene
17:25:31.966 [JavaFX Application Thread] DEBUG GameScene            - Added ViewComponent
17:25:32.091 [JavaFX Application Thread] DEBUG FXGLAssetLoader      - Loading from cache: /assets/textures/Seeker.png
17:25:32.091 [JavaFX Application Thread] DEBUG GameScene            - Entity added to scene
17:25:32.091 [JavaFX Application Thread] DEBUG GameScene            - Added ViewComponent
17:25:33.108 [JavaFX Application Thread] DEBUG FXGLAssetLoader      - Loading from cache: /assets/textures/Seeker.png
17:25:33.109 [JavaFX Application Thread] DEBUG GameScene            - Entity added to scene
17:25:33.109 [JavaFX Application Thread] DEBUG GameScene            - Added ViewComponent
17:25:33.506 [JavaFX Application Thread] DEBUG FXGLAssetLoader      - Loading from cache: /assets/textures/Bullet.png
17:25:33.506 [JavaFX Application Thread] DEBUG GameScene            - Entity added to scene
17:25:33.506 [JavaFX Application Thread] DEBUG GameScene            - Added ViewComponent
17:25:34.124 [JavaFX Application Thread] DEBUG FXGLAssetLoader      - Loading from cache: /assets/textures/Seeker.png
17:25:34.124 [JavaFX Application Thread] DEBUG GameScene            - Entity added to scene
17:25:34.124 [JavaFX Application Thread] DEBUG GameScene            - Added ViewComponent
17:25:34.822 [JavaFX Application Thread] DEBUG FXGLAssetLoader      - Loading from cache: /assets/textures/Bullet.png
17:25:34.822 [JavaFX Application Thread] DEBUG GameScene            - Entity added to scene
17:25:34.822 [JavaFX Application Thread] DEBUG GameScene            - Added ViewComponent
17:25:35.142 [JavaFX Application Thread] DEBUG FXGLAssetLoader      - Loading from cache: /assets/textures/Seeker.png
17:25:35.142 [JavaFX Application Thread] DEBUG GameScene            - Entity added to scene
17:25:35.142 [JavaFX Application Thread] DEBUG GameScene            - Added ViewComponent
17:25:35.520 [JavaFX Application Thread] DEBUG FXGLAssetLoader      - Loading from cache: /assets/textures/Bullet.png
17:25:35.520 [JavaFX Application Thread] DEBUG GameScene            - Entity added to scene
17:25:35.520 [JavaFX Application Thread] DEBUG GameScene            - Added ViewComponent
17:25:36.158 [JavaFX Application Thread] DEBUG FXGLAssetLoader      - Loading from cache: /assets/textures/Seeker.png
17:25:36.159 [JavaFX Application Thread] DEBUG GameScene            - Entity added to scene
17:25:36.159 [JavaFX Application Thread] DEBUG GameScene            - Added ViewComponent
17:25:36.758 [JavaFX Application Thread] DEBUG FXGLAssetLoader      - Loading from cache: /assets/textures/Bullet.png
17:25:36.758 [JavaFX Application Thread] DEBUG GameScene            - Entity added to scene
17:25:36.758 [JavaFX Application Thread] DEBUG GameScene            - Added ViewComponent
17:25:37.175 [JavaFX Application Thread] DEBUG FXGLAssetLoader      - Loading from cache: /assets/textures/Seeker.png
17:25:37.176 [JavaFX Application Thread] DEBUG GameScene            - Entity added to scene
17:25:37.176 [JavaFX Application Thread] DEBUG GameScene            - Added ViewComponent
17:25:38.209 [JavaFX Application Thread] DEBUG FXGLAssetLoader      - Loading from cache: /assets/textures/Seeker.png
17:25:38.209 [JavaFX Application Thread] DEBUG GameScene            - Entity added to scene
17:25:38.209 [JavaFX Application Thread] DEBUG GameScene            - Added ViewComponent
17:25:38.298 [JavaFX Application Thread] DEBUG FXGLAssetLoader      - Loading from cache: /assets/textures/Bullet.png
17:25:38.299 [JavaFX Application Thread] DEBUG GameScene            - Entity added to scene
17:25:38.299 [JavaFX Application Thread] DEBUG GameScene            - Added ViewComponent
17:25:39.581 [JavaFX Application Thread] DEBUG FXGLAssetLoader      - Loading from cache: /assets/textures/Bullet.png
17:25:39.581 [JavaFX Application Thread] DEBUG GameScene            - Entity added to scene
17:25:39.581 [JavaFX Application Thread] DEBUG GameScene            - Added ViewComponent
17:25:40.503 [JavaFX Application Thread] DEBUG FXGLAssetLoader      - Loading from cache: /assets/textures/Bullet.png
17:25:40.504 [JavaFX Application Thread] DEBUG GameScene            - Entity added to scene
17:25:40.504 [JavaFX Application Thread] DEBUG GameScene            - Added ViewComponent
17:25:41.597 [JavaFX Application Thread] DEBUG FXGLAssetLoader      - Loading from cache: /assets/textures/Bullet.png
17:25:41.597 [JavaFX Application Thread] DEBUG GameScene            - Entity added to scene
17:25:41.597 [JavaFX Application Thread] DEBUG GameScene            - Added ViewComponent
17:25:42.068 [JavaFX Application Thread] DEBUG FXGLAssetLoader      - Loading from cache: /assets/textures/Bullet.png
17:25:42.069 [JavaFX Application Thread] DEBUG GameScene            - Entity added to scene
17:25:42.069 [JavaFX Application Thread] DEBUG GameScene            - Added ViewComponent
17:25:42.236 [JavaFX Application Thread] DEBUG FXGLAssetLoader      - Loading from cache: /assets/textures/Bullet.png
17:25:42.236 [JavaFX Application Thread] DEBUG GameScene            - Entity added to scene
17:25:42.236 [JavaFX Application Thread] DEBUG GameScene            - Added ViewComponent
17:25:42.394 [JavaFX Application Thread] DEBUG FXGLAssetLoader      - Loading from cache: /assets/textures/Bullet.png
17:25:42.395 [JavaFX Application Thread] DEBUG GameScene            - Entity added to scene
17:25:42.395 [JavaFX Application Thread] DEBUG GameScene            - Added ViewComponent
17:25:42.552 [JavaFX Application Thread] DEBUG FXGLAssetLoader      - Loading from cache: /assets/textures/Bullet.png
17:25:42.552 [JavaFX Application Thread] DEBUG GameScene            - Entity added to scene
17:25:42.552 [JavaFX Application Thread] DEBUG GameScene            - Added ViewComponent
17:25:42.697 [JavaFX Application Thread] DEBUG FXGLAssetLoader      - Loading from cache: /assets/textures/Bullet.png
17:25:42.697 [JavaFX Application Thread] DEBUG GameScene            - Entity added to scene
17:25:42.697 [JavaFX Application Thread] DEBUG GameScene            - Added ViewComponent
17:25:42.845 [JavaFX Application Thread] DEBUG FXGLAssetLoader      - Loading from cache: /assets/textures/Bullet.png
17:25:42.846 [JavaFX Application Thread] DEBUG GameScene            - Entity added to scene
17:25:42.846 [JavaFX Application Thread] DEBUG GameScene            - Added ViewComponent
17:25:43.002 [JavaFX Application Thread] DEBUG FXGLAssetLoader      - Loading from cache: /assets/textures/Bullet.png
17:25:43.003 [JavaFX Application Thread] DEBUG GameScene            - Entity added to scene
17:25:43.003 [JavaFX Application Thread] DEBUG GameScene            - Added ViewComponent
17:25:43.147 [JavaFX Application Thread] DEBUG FXGLAssetLoader      - Loading from cache: /assets/textures/Bullet.png
17:25:43.147 [JavaFX Application Thread] DEBUG GameScene            - Entity added to scene
17:25:43.147 [JavaFX Application Thread] DEBUG GameScene            - Added ViewComponent
17:25:43.304 [JavaFX Application Thread] DEBUG FXGLAssetLoader      - Loading from cache: /assets/textures/Bullet.png
17:25:43.305 [JavaFX Application Thread] DEBUG GameScene            - Entity added to scene
17:25:43.305 [JavaFX Application Thread] DEBUG GameScene            - Added ViewComponent
17:25:43.452 [JavaFX Application Thread] DEBUG FXGLAssetLoader      - Loading from cache: /assets/textures/Bullet.png
17:25:43.452 [JavaFX Application Thread] DEBUG GameScene            - Entity added to scene
17:25:43.452 [JavaFX Application Thread] DEBUG GameScene            - Added ViewComponent
17:25:44.238 [JavaFX Application Thread] DEBUG FXGLAssetLoader      - Loading from cache: /assets/textures/Bullet.png
17:25:44.239 [JavaFX Application Thread] DEBUG GameScene            - Entity added to scene
17:25:44.239 [JavaFX Application Thread] DEBUG GameScene            - Added ViewComponent
17:25:44.430 [JavaFX Application Thread] DEBUG FXGLAssetLoader      - Loading from cache: /assets/textures/Bullet.png
17:25:44.431 [JavaFX Application Thread] DEBUG GameScene            - Entity added to scene
17:25:44.431 [JavaFX Application Thread] DEBUG GameScene            - Added ViewComponent
17:25:44.587 [JavaFX Application Thread] DEBUG FXGLAssetLoader      - Loading from cache: /assets/textures/Bullet.png
17:25:44.587 [JavaFX Application Thread] DEBUG GameScene            - Entity added to scene
17:25:44.587 [JavaFX Application Thread] DEBUG GameScene            - Added ViewComponent
17:25:44.768 [JavaFX Application Thread] DEBUG FXGLAssetLoader      - Loading from cache: /assets/textures/Bullet.png
17:25:44.769 [JavaFX Application Thread] DEBUG GameScene            - Entity added to scene
17:25:44.769 [JavaFX Application Thread] DEBUG GameScene            - Added ViewComponent
17:25:44.947 [JavaFX Application Thread] DEBUG FXGLAssetLoader      - Loading from cache: /assets/textures/Bullet.png
17:25:44.947 [JavaFX Application Thread] DEBUG GameScene            - Entity added to scene
17:25:44.947 [JavaFX Application Thread] DEBUG GameScene            - Added ViewComponent
17:25:45.115 [JavaFX Application Thread] DEBUG FXGLAssetLoader      - Loading from cache: /assets/textures/Bullet.png
17:25:45.116 [JavaFX Application Thread] DEBUG GameScene            - Entity added to scene
17:25:45.116 [JavaFX Application Thread] DEBUG GameScene            - Added ViewComponent
17:25:45.286 [JavaFX Application Thread] DEBUG FXGLAssetLoader      - Loading from cache: /assets/textures/Bullet.png
17:25:45.286 [JavaFX Application Thread] DEBUG GameScene            - Entity added to scene
17:25:45.286 [JavaFX Application Thread] DEBUG GameScene            - Added ViewComponent
17:25:45.464 [JavaFX Application Thread] DEBUG FXGLAssetLoader      - Loading from cache: /assets/textures/Bullet.png
17:25:45.465 [JavaFX Application Thread] DEBUG GameScene            - Entity added to scene
17:25:45.465 [JavaFX Application Thread] DEBUG GameScene            - Added ViewComponent
17:25:45.647 [JavaFX Application Thread] DEBUG FXGLAssetLoader      - Loading from cache: /assets/textures/Bullet.png
17:25:45.647 [JavaFX Application Thread] DEBUG GameScene            - Entity added to scene
17:25:45.647 [JavaFX Application Thread] DEBUG GameScene            - Added ViewComponent
17:25:45.826 [JavaFX Application Thread] DEBUG FXGLAssetLoader      - Loading from cache: /assets/textures/Bullet.png
17:25:45.827 [JavaFX Application Thread] DEBUG GameScene            - Entity added to scene
17:25:45.827 [JavaFX Application Thread] DEBUG GameScene            - Added ViewComponent
17:25:46.004 [JavaFX Application Thread] DEBUG FXGLAssetLoader      - Loading from cache: /assets/textures/Bullet.png
17:25:46.005 [JavaFX Application Thread] DEBUG GameScene            - Entity added to scene
17:25:46.005 [JavaFX Application Thread] DEBUG GameScene            - Added ViewComponent
17:25:46.163 [JavaFX Application Thread] DEBUG FXGLAssetLoader      - Loading from cache: /assets/textures/Bullet.png
17:25:46.163 [JavaFX Application Thread] DEBUG GameScene            - Entity added to scene
17:25:46.163 [JavaFX Application Thread] DEBUG GameScene            - Added ViewComponent
17:25:46.319 [JavaFX Application Thread] DEBUG FXGLAssetLoader      - Loading from cache: /assets/textures/Bullet.png
17:25:46.320 [JavaFX Application Thread] DEBUG GameScene            - Entity added to scene
17:25:46.320 [JavaFX Application Thread] DEBUG GameScene            - Added ViewComponent
17:25:46.488 [JavaFX Application Thread] DEBUG FXGLAssetLoader      - Loading from cache: /assets/textures/Bullet.png
17:25:46.488 [JavaFX Application Thread] DEBUG GameScene            - Entity added to scene
17:25:46.488 [JavaFX Application Thread] DEBUG GameScene            - Added ViewComponent
17:25:46.647 [JavaFX Application Thread] DEBUG FXGLAssetLoader      - Loading from cache: /assets/textures/Bullet.png
17:25:46.647 [JavaFX Application Thread] DEBUG GameScene            - Entity added to scene
17:25:46.647 [JavaFX Application Thread] DEBUG GameScene            - Added ViewComponent
17:25:46.814 [JavaFX Application Thread] DEBUG FXGLAssetLoader      - Loading from cache: /assets/textures/Bullet.png
17:25:46.815 [JavaFX Application Thread] DEBUG GameScene            - Entity added to scene
17:25:46.815 [JavaFX Application Thread] DEBUG GameScene            - Added ViewComponent
17:25:46.971 [JavaFX Application Thread] DEBUG FXGLAssetLoader      - Loading from cache: /assets/textures/Bullet.png
17:25:46.972 [JavaFX Application Thread] DEBUG GameScene            - Entity added to scene
17:25:46.972 [JavaFX Application Thread] DEBUG GameScene            - Added ViewComponent
17:25:47.119 [JavaFX Application Thread] DEBUG FXGLAssetLoader      - Loading from cache: /assets/textures/Bullet.png
17:25:47.120 [JavaFX Application Thread] DEBUG GameScene            - Entity added to scene
17:25:47.120 [JavaFX Application Thread] DEBUG GameScene            - Added ViewComponent
17:25:47.278 [JavaFX Application Thread] DEBUG FXGLAssetLoader      - Loading from cache: /assets/textures/Bullet.png
17:25:47.279 [JavaFX Application Thread] DEBUG GameScene            - Entity added to scene
17:25:47.279 [JavaFX Application Thread] DEBUG GameScene            - Added ViewComponent
17:25:49.154 [JavaFX Application Thread] DEBUG FXGLAssetLoader      - Loading from cache: /assets/textures/Bullet.png
17:25:49.155 [JavaFX Application Thread] DEBUG GameScene            - Entity added to scene
17:25:49.155 [JavaFX Application Thread] DEBUG GameScene            - Added ViewComponent
17:25:49.336 [JavaFX Application Thread] DEBUG FXGLAssetLoader      - Loading from cache: /assets/textures/Bullet.png
17:25:49.336 [JavaFX Application Thread] DEBUG GameScene            - Entity added to scene
17:25:49.336 [JavaFX Application Thread] DEBUG GameScene            - Added ViewComponent
17:25:49.527 [JavaFX Application Thread] DEBUG FXGLAssetLoader      - Loading from cache: /assets/textures/Bullet.png
17:25:49.528 [JavaFX Application Thread] DEBUG GameScene            - Entity added to scene
17:25:49.528 [JavaFX Application Thread] DEBUG GameScene            - Added ViewComponent
17:25:50.315 [JavaFX Application Thread] DEBUG FXGLAssetLoader      - Loading from cache: /assets/textures/Bullet.png
17:25:50.315 [JavaFX Application Thread] DEBUG GameScene            - Entity added to scene
17:25:50.315 [JavaFX Application Thread] DEBUG GameScene            - Added ViewComponent
17:25:50.504 [JavaFX Application Thread] DEBUG FXGLAssetLoader      - Loading from cache: /assets/textures/Bullet.png
17:25:50.505 [JavaFX Application Thread] DEBUG GameScene            - Entity added to scene
17:25:50.505 [JavaFX Application Thread] DEBUG GameScene            - Added ViewComponent
17:25:50.673 [JavaFX Application Thread] DEBUG FXGLAssetLoader      - Loading from cache: /assets/textures/Bullet.png
17:25:50.673 [JavaFX Application Thread] DEBUG GameScene            - Entity added to scene
17:25:50.673 [JavaFX Application Thread] DEBUG GameScene            - Added ViewComponent
17:25:50.864 [JavaFX Application Thread] DEBUG FXGLAssetLoader      - Loading from cache: /assets/textures/Bullet.png
17:25:50.865 [JavaFX Application Thread] DEBUG GameScene            - Entity added to scene
17:25:50.865 [JavaFX Application Thread] DEBUG GameScene            - Added ViewComponent
17:25:51.047 [JavaFX Application Thread] DEBUG FXGLAssetLoader      - Loading from cache: /assets/textures/Bullet.png
17:25:51.047 [JavaFX Application Thread] DEBUG GameScene            - Entity added to scene
17:25:51.048 [JavaFX Application Thread] DEBUG GameScene            - Added ViewComponent
17:25:51.753 [JavaFX Application Thread] DEBUG FXGLAssetLoader      - Loading from cache: /assets/textures/Bullet.png
17:25:51.754 [JavaFX Application Thread] DEBUG GameScene            - Entity added to scene
17:25:51.754 [JavaFX Application Thread] DEBUG GameScene            - Added ViewComponent
17:25:51.922 [JavaFX Application Thread] DEBUG FXGLAssetLoader      - Loading from cache: /assets/textures/Bullet.png
17:25:51.922 [JavaFX Application Thread] DEBUG GameScene            - Entity added to scene
17:25:51.922 [JavaFX Application Thread] DEBUG GameScene            - Added ViewComponent
17:25:52.102 [JavaFX Application Thread] DEBUG FXGLAssetLoader      - Loading from cache: /assets/textures/Bullet.png
17:25:52.103 [JavaFX Application Thread] DEBUG GameScene            - Entity added to scene
17:25:52.103 [JavaFX Application Thread] DEBUG GameScene            - Added ViewComponent
17:25:52.720 [JavaFX Application Thread] DEBUG FXGLAssetLoader      - Loading from cache: /assets/textures/Bullet.png
17:25:52.721 [JavaFX Application Thread] DEBUG GameScene            - Entity added to scene
17:25:52.721 [JavaFX Application Thread] DEBUG GameScene            - Added ViewComponent
17:25:52.889 [JavaFX Application Thread] DEBUG FXGLAssetLoader      - Loading from cache: /assets/textures/Bullet.png
17:25:52.890 [JavaFX Application Thread] DEBUG GameScene            - Entity added to scene
17:25:52.890 [JavaFX Application Thread] DEBUG GameScene            - Added ViewComponent
17:25:53.048 [JavaFX Application Thread] DEBUG FXGLAssetLoader      - Loading from cache: /assets/textures/Bullet.png
17:25:53.048 [JavaFX Application Thread] DEBUG GameScene            - Entity added to scene
17:25:53.048 [JavaFX Application Thread] DEBUG GameScene            - Added ViewComponent
17:25:53.680 [JavaFX Application Thread] DEBUG FXGLAssetLoader      - Loading from cache: /assets/textures/Bullet.png
17:25:53.680 [JavaFX Application Thread] DEBUG GameScene            - Entity added to scene
17:25:53.680 [JavaFX Application Thread] DEBUG GameScene            - Added ViewComponent
17:25:53.869 [JavaFX Application Thread] DEBUG FXGLAssetLoader      - Loading from cache: /assets/textures/Bullet.png
17:25:53.869 [JavaFX Application Thread] DEBUG GameScene            - Entity added to scene
17:25:53.869 [JavaFX Application Thread] DEBUG GameScene            - Added ViewComponent
17:25:55.106 [JavaFX Application Thread] DEBUG FXGLAssetLoader      - Loading from cache: /assets/textures/Bullet.png
17:25:55.106 [JavaFX Application Thread] DEBUG GameScene            - Entity added to scene
17:25:55.106 [JavaFX Application Thread] DEBUG GameScene            - Added ViewComponent
17:25:55.310 [JavaFX Application Thread] DEBUG FXGLAssetLoader      - Loading from cache: /assets/textures/Bullet.png
17:25:55.311 [JavaFX Application Thread] DEBUG GameScene            - Entity added to scene
17:25:55.311 [JavaFX Application Thread] DEBUG GameScene            - Added ViewComponent
17:25:55.547 [JavaFX Application Thread] DEBUG FXGLAssetLoader      - Loading from cache: /assets/textures/Bullet.png
17:25:55.547 [JavaFX Application Thread] DEBUG GameScene            - Entity added to scene
17:25:55.547 [JavaFX Application Thread] DEBUG GameScene            - Added ViewComponent
17:25:57.558 [JavaFX Application Thread] DEBUG FXGLAssetLoader      - Loading from cache: /assets/textures/Bullet.png
17:25:57.559 [JavaFX Application Thread] DEBUG GameScene            - Entity added to scene
17:25:57.559 [JavaFX Application Thread] DEBUG GameScene            - Added ViewComponent
17:25:57.749 [JavaFX Application Thread] DEBUG FXGLAssetLoader      - Loading from cache: /assets/textures/Bullet.png
17:25:57.749 [JavaFX Application Thread] DEBUG GameScene            - Entity added to scene
17:25:57.750 [JavaFX Application Thread] DEBUG GameScene            - Added ViewComponent
17:25:57.931 [JavaFX Application Thread] DEBUG FXGLAssetLoader      - Loading from cache: /assets/textures/Bullet.png
17:25:57.932 [JavaFX Application Thread] DEBUG GameScene            - Entity added to scene
17:25:57.932 [JavaFX Application Thread] DEBUG GameScene            - Added ViewComponent
17:25:58.132 [JavaFX Application Thread] DEBUG FXGLAssetLoader      - Loading from cache: /assets/textures/Bullet.png
17:25:58.132 [JavaFX Application Thread] DEBUG GameScene            - Entity added to scene
17:25:58.132 [JavaFX Application Thread] DEBUG GameScene            - Added ViewComponent
17:25:58.323 [JavaFX Application Thread] DEBUG FXGLAssetLoader      - Loading from cache: /assets/textures/Bullet.png
17:25:58.323 [JavaFX Application Thread] DEBUG GameScene            - Entity added to scene
17:25:58.323 [JavaFX Application Thread] DEBUG GameScene            - Added ViewComponent
17:25:58.503 [JavaFX Application Thread] DEBUG FXGLAssetLoader      - Loading from cache: /assets/textures/Bullet.png
17:25:58.503 [JavaFX Application Thread] DEBUG GameScene            - Entity added to scene
17:25:58.503 [JavaFX Application Thread] DEBUG GameScene            - Added ViewComponent
17:25:58.717 [JavaFX Application Thread] DEBUG FXGLAssetLoader      - Loading from cache: /assets/textures/Bullet.png
17:25:58.718 [JavaFX Application Thread] DEBUG GameScene            - Entity added to scene
17:25:58.718 [JavaFX Application Thread] DEBUG GameScene            - Added ViewComponent
17:25:58.897 [JavaFX Application Thread] DEBUG FXGLAssetLoader      - Loading from cache: /assets/textures/Bullet.png
17:25:58.897 [JavaFX Application Thread] DEBUG GameScene            - Entity added to scene
17:25:58.897 [JavaFX Application Thread] DEBUG GameScene            - Added ViewComponent
17:25:59.099 [JavaFX Application Thread] DEBUG FXGLAssetLoader      - Loading from cache: /assets/textures/Bullet.png
17:25:59.099 [JavaFX Application Thread] DEBUG GameScene            - Entity added to scene
17:25:59.099 [JavaFX Application Thread] DEBUG GameScene            - Added ViewComponent
17:26:00.190 [JavaFX Application Thread] DEBUG FXGLAssetLoader      - Loading from cache: /assets/textures/Bullet.png
17:26:00.191 [JavaFX Application Thread] DEBUG GameScene            - Entity added to scene
17:26:00.191 [JavaFX Application Thread] DEBUG GameScene            - Added ViewComponent
17:26:00.370 [JavaFX Application Thread] DEBUG FXGLAssetLoader      - Loading from cache: /assets/textures/Bullet.png
17:26:00.370 [JavaFX Application Thread] DEBUG GameScene            - Entity added to scene
17:26:00.371 [JavaFX Application Thread] DEBUG GameScene            - Added ViewComponent
17:26:00.573 [JavaFX Application Thread] DEBUG FXGLAssetLoader      - Loading from cache: /assets/textures/Bullet.png
17:26:00.573 [JavaFX Application Thread] DEBUG GameScene            - Entity added to scene
17:26:00.573 [JavaFX Application Thread] DEBUG GameScene            - Added ViewComponent
17:26:00.753 [JavaFX Application Thread] DEBUG FXGLAssetLoader      - Loading from cache: /assets/textures/Bullet.png
17:26:00.753 [JavaFX Application Thread] DEBUG GameScene            - Entity added to scene
17:26:00.753 [JavaFX Application Thread] DEBUG GameScene            - Added ViewComponent
17:26:00.947 [JavaFX Application Thread] DEBUG FXGLAssetLoader      - Loading from cache: /assets/textures/Bullet.png
17:26:00.947 [JavaFX Application Thread] DEBUG GameScene            - Entity added to scene
17:26:00.947 [JavaFX Application Thread] DEBUG GameScene            - Added ViewComponent
17:26:01.136 [JavaFX Application Thread] DEBUG FXGLAssetLoader      - Loading from cache: /assets/textures/Bullet.png
17:26:01.136 [JavaFX Application Thread] DEBUG GameScene            - Entity added to scene
17:26:01.136 [JavaFX Application Thread] DEBUG GameScene            - Added ViewComponent
17:26:01.315 [JavaFX Application Thread] DEBUG FXGLAssetLoader      - Loading from cache: /assets/textures/Bullet.png
17:26:01.316 [JavaFX Application Thread] DEBUG GameScene            - Entity added to scene
17:26:01.316 [JavaFX Application Thread] DEBUG GameScene            - Added ViewComponent
17:26:03.373 [JavaFX Application Thread] DEBUG FXGLEventBus         - Firing event: DisplayEvent[type=CLOSE_REQUEST]
17:26:03.391 [JavaFX Application Thread] DEBUG FXGLEventBus         - Firing event: FXGLEvent[type=EXIT]
17:26:03.391 [JavaFX Application Thread] DEBUG FXGL                 - Saving FXGL system data
17:26:03.393 [JavaFX Application Thread] DEBUG IOTask               - Executing task: writeDataTask(system/fxgl.bundle)
17:26:03.438 [JavaFX Application Thread] DEBUG FS                   - Writing to: system/fxgl.bundle
17:26:03.477 [JavaFX Application Thread] DEBUG IOTask               - Task succeeded: writeDataTask(system/fxgl.bundle)
