22:08:38.533 [FXGL Launcher Thread     ] DEBUG FXGLLoggerFactory    - Service [LoggerFactory] initialized
22:08:38.548 [FXGL Launcher Thread     ] DEBUG FXGL                 - FXGL configuration complete
22:08:38.549 [FXGL Launcher Thread     ] DEBUG FXGL                 - Loading FXGL system data
22:08:38.587 [FXGL Launcher Thread     ] DEBUG IOTask               - Executing task: readDataTask(system/fxgl.bundle)
22:08:38.702 [FXGL Launcher Thread     ] DEBUG FS                   - Reading from: system/fxgl.bundle
22:08:38.763 [FXGL Launcher Thread     ] DEBUG IOTask               - Task succeeded: readDataTask(system/fxgl.bundle)
22:08:38.764 [FXGL Launcher Thread     ] DEBUG Bundle               - Logging bundle: FXGL
22:08:38.764 [FXGL Launcher Thread     ] DEBUG Bundle               - FXGL.offline.timer.version.check=2017-06-30T20:44:13.891
22:08:38.791 [FXGL Launcher Thread     ] DEBUG GameApplication      - Configuring GameApplication
22:08:38.796 [FXGL Launcher Thread     ] DEBUG FXGLExceptionHandler - Service [ExceptionHandler] initialized
22:08:38.797 [FXGL Launcher Thread     ] DEBUG FXGLEventBus         - Service [EventBus] initialized
22:08:38.851 [FXGL Launcher Thread     ] DEBUG FXGLExecutor         - Service [Executor] initialized
22:08:38.852 [FXGL Launcher Thread     ] DEBUG PreInitTask          - Injecting gameWorld & physicsWorld
22:08:38.886 [FXGL Launcher Thread     ] DEBUG GameWorld            - Game world initialized
22:08:38.988 [FXGL Launcher Thread     ] DEBUG FXGLPooler           - Service [Pooler] initialized with default size = 128
22:08:38.989 [FXGL Launcher Thread     ] DEBUG PhysicsWorld         - Physics world initialized: appHeight=720.0, physics.ppm=50.0
22:08:38.991 [FXGL Launcher Thread     ] DEBUG FXGLInput            - Service [Input] initialized
22:08:39.054 [FXGL Launcher Thread     ] DEBUG FXGLInput            - Registered new binding: Screenshot - P
22:08:39.055 [FXGL Launcher Thread     ] DEBUG FXGLInput            - Registered new binding: Dev Options - CTRL+0
22:08:39.055 [FXGL Launcher Thread     ] DEBUG FXGLInput            - Registered new binding: Shoot - PRIMARY
22:08:39.097 [FXGL Launcher Thread     ] DEBUG FXGLAssetLoader      - Service [AssetLoader] initialized: cacheSize=35
22:08:39.098 [FXGL Launcher Thread     ] DEBUG FXGLAssetLoader      - Loading from disk: /assets/ui/cursors/fxgl_default.png
22:08:39.254 [FXGL Launcher Thread     ] DEBUG GameScene            - Game scene initialized: 1280.0x720.0
22:08:39.254 [FXGL Launcher Thread     ] DEBUG FXGLAssetLoader      - Loading from disk: /assets/ui/cursors/fxgl_default.png
22:08:39.312 [FXGL Launcher Thread     ] DEBUG FXGLAssetLoader      - Loading from disk: /assets/sounds/core/notification.wav
22:08:39.945 [FXGL Launcher Thread     ] DEBUG FXGLAssetLoader      - Loading from disk: /assets/sounds/menu/select.wav
22:08:39.946 [FXGL Launcher Thread     ] DEBUG FXGLAssetLoader      - Loading from disk: /assets/sounds/menu/back.wav
22:08:39.947 [FXGL Launcher Thread     ] DEBUG FXGLAssetLoader      - Loading from disk: /assets/sounds/menu/press.wav
22:08:39.949 [FXGL Launcher Thread     ] DEBUG FXGLAssetLoader      - Loading from disk: /assets/ui/fonts/Copperplate_Gothic_Light_Regular.ttf
22:08:40.019 [FXGL Launcher Thread     ] DEBUG FXGLAssetLoader      - Loading from disk: /assets/ui/fonts/lucida_console.ttf
22:08:40.023 [FXGL Launcher Thread     ] DEBUG FXGLAssetLoader      - Loading from disk: /assets/ui/css/fxgl.css
22:08:40.023 [FXGL Launcher Thread     ] DEBUG FXGLAssetLoader      - Loading from disk: /assets/ui/icons/fxgl_icon.png
22:08:40.067 [FXGL Launcher Thread     ] DEBUG FXGLAssetLoader      - Loading from disk: /assets/ui/css/fxgl_dark.css
22:08:40.187 [FXGL Launcher Thread     ] DEBUG FXGLDisplay          - Target size: DoubleProperty [value: 1280.0] x DoubleProperty [value: 720.0] @ 1.0
22:08:40.188 [FXGL Launcher Thread     ] DEBUG FXGLDisplay          - New size:    1280.0 x 720.0 @ DoubleProperty [value: 1.0]
22:08:40.188 [FXGL Launcher Thread     ] DEBUG FXGLDisplay          - Service [Display] initialized
22:08:40.188 [FXGL Launcher Thread     ] DEBUG FXGLDisplay          - Using CSS: CSS(externalForm=jar:file:/Users/yuan/.m2/repository/com/github/almasb/fxgl/0.3.0/fxgl-0.3.0.jar!/assets/ui/css/fxgl_dark.css)
22:08:40.189 [FXGL Launcher Thread     ] DEBUG InitScenesTask       - Injecting loadingScene & gameScene
22:08:40.194 [FXGL Launcher Thread     ] DEBUG FXGLMasterTimer      - Service [MasterTimer] initialized
22:08:40.210 [FXGL Launcher Thread     ] DEBUG FXGLAudioPlayer      - Service [AudioPlayer] initialized
22:08:40.211 [FXGL Launcher Thread     ] DEBUG InitEventHandlersTask - scanForServiceListeners
22:08:40.211 [FXGL Launcher Thread     ] DEBUG InitEventHandlersTask - FXGLListener: interface com.almasb.fxgl.service.MasterTimer
22:08:40.211 [FXGL Launcher Thread     ] DEBUG InitEventHandlersTask - FXGLListener: interface com.almasb.fxgl.service.Input
22:08:40.211 [FXGL Launcher Thread     ] DEBUG InitEventHandlersTask - UserProfileSavable: interface com.almasb.fxgl.service.AudioPlayer
22:08:40.212 [FXGL Launcher Thread     ] DEBUG InitEventHandlersTask - UserProfileSavable: interface com.almasb.fxgl.service.MasterTimer
22:08:40.212 [FXGL Launcher Thread     ] DEBUG InitEventHandlersTask - UserProfileSavable: interface com.almasb.fxgl.service.Input
22:08:40.212 [FXGL Launcher Thread     ] DEBUG InitEventHandlersTask - UserProfileSavable: interface com.almasb.fxgl.service.Display
22:08:40.212 [FXGL Launcher Thread     ] DEBUG InitEventHandlersTask - UserProfileSavable: class com.almasb.fxgl.gameplay.AchievementManager
22:08:40.213 [FXGL Launcher Thread     ] DEBUG AchievementManager   - Service [AchievementManager] initialized
22:08:40.213 [FXGL Launcher Thread     ] DEBUG InitEventHandlersTask - UserProfileSavable: class com.almasb.fxgl.service.impl.quest.FXGLQuestServiceProvider
22:08:40.213 [FXGL Launcher Thread     ] DEBUG InitEventHandlersTask - NotificationListener: interface com.almasb.fxgl.service.AudioPlayer
22:08:40.214 [FXGL Launcher Thread     ] DEBUG InitEventHandlersTask - AchievementListener: interface com.almasb.fxgl.service.NotificationService
22:08:40.274 [FXGL Launcher Thread     ] DEBUG SlidingNotificationService - Service [NotificationService] initialized
22:08:40.304 [FXGL Launcher Thread     ] DEBUG GameApplication      - Starting new game
22:08:40.306 [FXGL Launcher Thread     ] DEBUG GameApplication      - Initializing App
22:08:40.307 [FXGL Launcher Thread     ] DEBUG GameApplication      - State: STARTUP -> PAUSED
22:08:40.308 [FXGL Launcher Thread     ] DEBUG FXGLMasterTimer      - Stopping master timer
22:08:40.308 [FXGL Launcher Thread     ] DEBUG FXGLInput            - Clearing active input actions
22:08:40.309 [FXGL Launcher Thread     ] DEBUG FXGLEventBus         - Firing event: FXGLEvent[type=PAUSE]
22:08:40.310 [FXGL Launcher Thread     ] DEBUG GameWorld            - Resetting game world
22:08:40.310 [FXGL Launcher Thread     ] TRACE EntityWorld          - Resetting entity world
22:08:40.311 [FXGL Launcher Thread     ] DEBUG PhysicsWorld         - Resetting physics world
22:08:40.311 [FXGL Launcher Thread     ] DEBUG GameScene            - Resetting game scene
22:08:40.311 [FXGL Launcher Thread     ] DEBUG FXGLMasterTimer      - Resetting ticks and clearing all actions
22:08:40.311 [FXGL Launcher Thread     ] DEBUG FXGLInput            - Clearing active input actions
22:08:40.311 [FXGL Launcher Thread     ] DEBUG FXGLEventBus         - Firing event: FXGLEvent[type=RESET]
22:08:40.400 [FXGL Launcher Thread     ] DEBUG GameApplication      - State: PAUSED -> LOADING
22:08:40.561 [FXGL Background Thread 1 ] DEBUG InitAppTask          - Initializing Assets
22:08:40.568 [FXGL Background Thread 1 ] DEBUG InitAppTask          - Initializing Game
22:08:40.568 [FXGL Background Thread 1 ] DEBUG InitAppTask          - Injecting gameState
22:08:40.984 [JavaFX Application Thread] DEBUG FXGLDisplay          - Showing stage
22:08:40.984 [JavaFX Application Thread] DEBUG FXGLDisplay          - Root size: 1280.0x720.0
22:08:40.984 [JavaFX Application Thread] DEBUG FXGLDisplay          - Scene size: 1280.0x720.0
22:08:40.985 [JavaFX Application Thread] DEBUG FXGLDisplay          - Stage size: 1280.0x742.0
22:08:40.986 [FastClasspathScanner-worker-0] DEBUG InitAppTask          - @SetEntityFactory: class com.almasb.fxglgames.shooter.ShooterFactory
22:08:41.232 [FXGL Background Thread 1 ] DEBUG FXGLAssetLoader      - Loading from disk: /assets/textures/background.png
22:08:41.479 [FXGL Background Thread 1 ] DEBUG GameScene            - Entity added to scene
22:08:41.480 [FXGL Background Thread 1 ] DEBUG GameScene            - Added ViewComponent
22:08:41.484 [FXGL Background Thread 1 ] DEBUG GameScene            - Creating render group for layer: TOP(2147483647)
22:08:41.507 [FXGL Background Thread 1 ] DEBUG InitAppTask          - Initializing Physics
22:08:41.508 [FXGL Background Thread 1 ] DEBUG InitAppTask          - Initializing UI
22:08:41.508 [FXGL Background Thread 1 ] DEBUG InitAppTask          - Initialization Complete
22:08:41.510 [JavaFX Application Thread] DEBUG GameApplication      - State: LOADING -> PLAYING
22:08:41.518 [JavaFX Application Thread] DEBUG FXGLMasterTimer      - Starting master timer
22:08:41.518 [JavaFX Application Thread] DEBUG FXGLInput            - Clearing active input actions
22:08:41.518 [JavaFX Application Thread] DEBUG FXGLEventBus         - Firing event: FXGLEvent[type=RESUME]
22:08:42.760 [JavaFX Application Thread] DEBUG FXGLAssetLoader      - Loading from disk: /assets/textures/Bullet.png
22:08:42.777 [JavaFX Application Thread] DEBUG GameScene            - Entity added to scene
22:08:42.777 [JavaFX Application Thread] DEBUG GameScene            - Added ViewComponent
22:08:42.799 [JavaFX Application Thread] DEBUG FXGLAssetLoader      - Loading from disk: /assets/textures/Seeker.png
22:08:42.814 [JavaFX Application Thread] DEBUG GameScene            - Entity added to scene
22:08:42.814 [JavaFX Application Thread] DEBUG GameScene            - Added ViewComponent
22:08:43.833 [JavaFX Application Thread] DEBUG FXGLAssetLoader      - Loading from cache: /assets/textures/Seeker.png
22:08:43.834 [JavaFX Application Thread] DEBUG GameScene            - Entity added to scene
22:08:43.834 [JavaFX Application Thread] DEBUG GameScene            - Added ViewComponent
22:08:44.188 [JavaFX Application Thread] DEBUG FXGLAssetLoader      - Loading from cache: /assets/textures/Bullet.png
22:08:44.188 [JavaFX Application Thread] DEBUG GameScene            - Entity added to scene
22:08:44.188 [JavaFX Application Thread] DEBUG GameScene            - Added ViewComponent
22:08:44.369 [JavaFX Application Thread] DEBUG FXGLAssetLoader      - Loading from cache: /assets/textures/Bullet.png
22:08:44.370 [JavaFX Application Thread] DEBUG GameScene            - Entity added to scene
22:08:44.370 [JavaFX Application Thread] DEBUG GameScene            - Added ViewComponent
22:08:44.546 [JavaFX Application Thread] DEBUG FXGLAssetLoader      - Loading from cache: /assets/textures/Bullet.png
22:08:44.547 [JavaFX Application Thread] DEBUG GameScene            - Entity added to scene
22:08:44.547 [JavaFX Application Thread] DEBUG GameScene            - Added ViewComponent
22:08:44.727 [JavaFX Application Thread] DEBUG FXGLAssetLoader      - Loading from cache: /assets/textures/Bullet.png
22:08:44.727 [JavaFX Application Thread] DEBUG GameScene            - Entity added to scene
22:08:44.727 [JavaFX Application Thread] DEBUG GameScene            - Added ViewComponent
22:08:44.849 [JavaFX Application Thread] DEBUG FXGLAssetLoader      - Loading from cache: /assets/textures/Seeker.png
22:08:44.850 [JavaFX Application Thread] DEBUG GameScene            - Entity added to scene
22:08:44.850 [JavaFX Application Thread] DEBUG GameScene            - Added ViewComponent
22:08:44.906 [JavaFX Application Thread] DEBUG FXGLAssetLoader      - Loading from cache: /assets/textures/Bullet.png
22:08:44.906 [JavaFX Application Thread] DEBUG GameScene            - Entity added to scene
22:08:44.907 [JavaFX Application Thread] DEBUG GameScene            - Added ViewComponent
22:08:45.098 [JavaFX Application Thread] DEBUG FXGLAssetLoader      - Loading from cache: /assets/textures/Bullet.png
22:08:45.098 [JavaFX Application Thread] DEBUG GameScene            - Entity added to scene
22:08:45.098 [JavaFX Application Thread] DEBUG GameScene            - Added ViewComponent
22:08:45.514 [JavaFX Application Thread] DEBUG FXGLAssetLoader      - Loading from cache: /assets/textures/Bullet.png
22:08:45.514 [JavaFX Application Thread] DEBUG GameScene            - Entity added to scene
22:08:45.514 [JavaFX Application Thread] DEBUG GameScene            - Added ViewComponent
22:08:45.866 [JavaFX Application Thread] DEBUG FXGLAssetLoader      - Loading from cache: /assets/textures/Seeker.png
22:08:45.867 [JavaFX Application Thread] DEBUG GameScene            - Entity added to scene
22:08:45.867 [JavaFX Application Thread] DEBUG GameScene            - Added ViewComponent
22:08:46.882 [JavaFX Application Thread] DEBUG FXGLAssetLoader      - Loading from cache: /assets/textures/Seeker.png
22:08:46.883 [JavaFX Application Thread] DEBUG GameScene            - Entity added to scene
22:08:46.883 [JavaFX Application Thread] DEBUG GameScene            - Added ViewComponent
22:08:47.212 [JavaFX Application Thread] DEBUG FXGLAssetLoader      - Loading from cache: /assets/textures/Bullet.png
22:08:47.213 [JavaFX Application Thread] DEBUG GameScene            - Entity added to scene
22:08:47.213 [JavaFX Application Thread] DEBUG GameScene            - Added ViewComponent
22:08:47.372 [JavaFX Application Thread] DEBUG FXGLAssetLoader      - Loading from cache: /assets/textures/Bullet.png
22:08:47.372 [JavaFX Application Thread] DEBUG GameScene            - Entity added to scene
22:08:47.372 [JavaFX Application Thread] DEBUG GameScene            - Added ViewComponent
22:08:47.788 [JavaFX Application Thread] DEBUG FXGLAssetLoader      - Loading from cache: /assets/textures/Bullet.png
22:08:47.788 [JavaFX Application Thread] DEBUG GameScene            - Entity added to scene
22:08:47.788 [JavaFX Application Thread] DEBUG GameScene            - Added ViewComponent
22:08:47.900 [JavaFX Application Thread] DEBUG FXGLAssetLoader      - Loading from cache: /assets/textures/Seeker.png
22:08:47.900 [JavaFX Application Thread] DEBUG GameScene            - Entity added to scene
22:08:47.900 [JavaFX Application Thread] DEBUG GameScene            - Added ViewComponent
22:08:47.969 [JavaFX Application Thread] DEBUG FXGLAssetLoader      - Loading from cache: /assets/textures/Bullet.png
22:08:47.969 [JavaFX Application Thread] DEBUG GameScene            - Entity added to scene
22:08:47.969 [JavaFX Application Thread] DEBUG GameScene            - Added ViewComponent
22:08:48.103 [JavaFX Application Thread] DEBUG FXGLAssetLoader      - Loading from cache: /assets/textures/Bullet.png
22:08:48.104 [JavaFX Application Thread] DEBUG GameScene            - Entity added to scene
22:08:48.104 [JavaFX Application Thread] DEBUG GameScene            - Added ViewComponent
22:08:48.917 [JavaFX Application Thread] DEBUG FXGLAssetLoader      - Loading from cache: /assets/textures/Seeker.png
22:08:48.917 [JavaFX Application Thread] DEBUG GameScene            - Entity added to scene
22:08:48.917 [JavaFX Application Thread] DEBUG GameScene            - Added ViewComponent
22:08:49.773 [JavaFX Application Thread] DEBUG FXGLEventBus         - Firing event: DisplayEvent[type=CLOSE_REQUEST]
22:08:49.774 [JavaFX Application Thread] DEBUG FXGLEventBus         - Firing event: FXGLEvent[type=EXIT]
22:08:49.774 [JavaFX Application Thread] DEBUG FXGL                 - Saving FXGL system data
22:08:49.777 [JavaFX Application Thread] DEBUG IOTask               - Executing task: writeDataTask(system/fxgl.bundle)
22:08:49.826 [JavaFX Application Thread] DEBUG FS                   - Writing to: system/fxgl.bundle
22:08:49.842 [JavaFX Application Thread] DEBUG IOTask               - Task succeeded: writeDataTask(system/fxgl.bundle)
