21:55:30.063 [FXGL Launcher Thread     ] DEBUG FXGLLoggerFactory    - Service [LoggerFactory] initialized
21:55:30.162 [FXGL Launcher Thread     ] DEBUG FXGL                 - FXGL configuration complete
21:55:30.162 [FXGL Launcher Thread     ] DEBUG FXGL                 - Loading FXGL system data
21:55:30.169 [FXGL Launcher Thread     ] DEBUG IOTask               - Executing task: readDataTask(system/fxgl.bundle)
21:55:30.302 [FXGL Launcher Thread     ] DEBUG FS                   - Reading from: system/fxgl.bundle
21:55:30.310 [FXGL Launcher Thread     ] DEBUG IOTask               - Task succeeded: readDataTask(system/fxgl.bundle)
21:55:30.310 [FXGL Launcher Thread     ] DEBUG Bundle               - Logging bundle: FXGL
21:55:30.311 [FXGL Launcher Thread     ] DEBUG Bundle               - FXGL.offline.timer.version.check=2017-06-30T20:44:13.891
21:55:30.319 [FXGL Launcher Thread     ] DEBUG GameApplication      - Configuring GameApplication
21:55:30.325 [FXGL Launcher Thread     ] DEBUG FXGLExceptionHandler - Service [ExceptionHandler] initialized
21:55:30.326 [FXGL Launcher Thread     ] DEBUG FXGLEventBus         - Service [EventBus] initialized
21:55:30.334 [FXGL Launcher Thread     ] DEBUG FXGLExecutor         - Service [Executor] initialized
21:55:30.335 [FXGL Launcher Thread     ] DEBUG PreInitTask          - Injecting gameWorld & physicsWorld
21:55:30.344 [FXGL Launcher Thread     ] DEBUG GameWorld            - Game world initialized
21:55:30.401 [FXGL Launcher Thread     ] DEBUG FXGLPooler           - Service [Pooler] initialized with default size = 128
21:55:30.402 [FXGL Launcher Thread     ] DEBUG PhysicsWorld         - Physics world initialized: appHeight=720.0, physics.ppm=50.0
21:55:30.404 [FXGL Launcher Thread     ] DEBUG FXGLInput            - Service [Input] initialized
21:55:30.428 [FXGL Launcher Thread     ] DEBUG FXGLInput            - Registered new binding: Screenshot - P
21:55:30.429 [FXGL Launcher Thread     ] DEBUG FXGLInput            - Registered new binding: Dev Options - CTRL+0
21:55:30.430 [FXGL Launcher Thread     ] DEBUG FXGLInput            - Registered new binding: Shoot - PRIMARY
21:55:30.437 [FXGL Launcher Thread     ] DEBUG FXGLAssetLoader      - Service [AssetLoader] initialized: cacheSize=35
21:55:30.438 [FXGL Launcher Thread     ] DEBUG FXGLAssetLoader      - Loading from disk: /assets/ui/cursors/fxgl_default.png
21:55:30.504 [FXGL Launcher Thread     ] DEBUG GameScene            - Game scene initialized: 1280.0x720.0
21:55:30.504 [FXGL Launcher Thread     ] DEBUG FXGLAssetLoader      - Loading from disk: /assets/ui/cursors/fxgl_default.png
21:55:30.577 [FXGL Launcher Thread     ] DEBUG FXGLAssetLoader      - Loading from disk: /assets/sounds/core/notification.wav
21:55:30.780 [FXGL Launcher Thread     ] DEBUG FXGLAssetLoader      - Loading from disk: /assets/sounds/menu/select.wav
21:55:30.782 [FXGL Launcher Thread     ] DEBUG FXGLAssetLoader      - Loading from disk: /assets/sounds/menu/back.wav
21:55:30.783 [FXGL Launcher Thread     ] DEBUG FXGLAssetLoader      - Loading from disk: /assets/sounds/menu/press.wav
21:55:30.785 [FXGL Launcher Thread     ] DEBUG FXGLAssetLoader      - Loading from disk: /assets/ui/fonts/Copperplate_Gothic_Light_Regular.ttf
21:55:30.798 [FXGL Launcher Thread     ] DEBUG FXGLAssetLoader      - Loading from disk: /assets/ui/fonts/lucida_console.ttf
21:55:30.802 [FXGL Launcher Thread     ] DEBUG FXGLAssetLoader      - Loading from disk: /assets/ui/css/fxgl.css
21:55:30.802 [FXGL Launcher Thread     ] DEBUG FXGLAssetLoader      - Loading from disk: /assets/ui/icons/fxgl_icon.png
21:55:30.824 [FXGL Launcher Thread     ] DEBUG FXGLAssetLoader      - Loading from disk: /assets/ui/css/fxgl_dark.css
21:55:30.836 [FXGL Launcher Thread     ] DEBUG FXGLDisplay          - Target size: DoubleProperty [value: 1280.0] x DoubleProperty [value: 720.0] @ 1.0
21:55:30.837 [FXGL Launcher Thread     ] DEBUG FXGLDisplay          - New size:    1280.0 x 720.0 @ DoubleProperty [value: 1.0]
21:55:30.837 [FXGL Launcher Thread     ] DEBUG FXGLDisplay          - Service [Display] initialized
21:55:30.838 [FXGL Launcher Thread     ] DEBUG FXGLDisplay          - Using CSS: CSS(externalForm=jar:file:/Users/yuan/.m2/repository/com/github/almasb/fxgl/0.3.0/fxgl-0.3.0.jar!/assets/ui/css/fxgl_dark.css)
21:55:30.839 [FXGL Launcher Thread     ] DEBUG InitScenesTask       - Injecting loadingScene & gameScene
21:55:30.843 [FXGL Launcher Thread     ] DEBUG FXGLMasterTimer      - Service [MasterTimer] initialized
21:55:30.846 [FXGL Launcher Thread     ] DEBUG FXGLAudioPlayer      - Service [AudioPlayer] initialized
21:55:30.848 [FXGL Launcher Thread     ] DEBUG InitEventHandlersTask - scanForServiceListeners
21:55:30.848 [FXGL Launcher Thread     ] DEBUG InitEventHandlersTask - FXGLListener: interface com.almasb.fxgl.service.MasterTimer
21:55:30.849 [FXGL Launcher Thread     ] DEBUG InitEventHandlersTask - FXGLListener: interface com.almasb.fxgl.service.Input
21:55:30.849 [FXGL Launcher Thread     ] DEBUG InitEventHandlersTask - UserProfileSavable: interface com.almasb.fxgl.service.AudioPlayer
21:55:30.850 [FXGL Launcher Thread     ] DEBUG InitEventHandlersTask - UserProfileSavable: interface com.almasb.fxgl.service.MasterTimer
21:55:30.850 [FXGL Launcher Thread     ] DEBUG InitEventHandlersTask - UserProfileSavable: interface com.almasb.fxgl.service.Input
21:55:30.850 [FXGL Launcher Thread     ] DEBUG InitEventHandlersTask - UserProfileSavable: interface com.almasb.fxgl.service.Display
21:55:30.850 [FXGL Launcher Thread     ] DEBUG InitEventHandlersTask - UserProfileSavable: class com.almasb.fxgl.gameplay.AchievementManager
21:55:30.851 [FXGL Launcher Thread     ] DEBUG AchievementManager   - Service [AchievementManager] initialized
21:55:30.851 [FXGL Launcher Thread     ] DEBUG InitEventHandlersTask - UserProfileSavable: class com.almasb.fxgl.service.impl.quest.FXGLQuestServiceProvider
21:55:30.851 [FXGL Launcher Thread     ] DEBUG InitEventHandlersTask - NotificationListener: interface com.almasb.fxgl.service.AudioPlayer
21:55:30.852 [FXGL Launcher Thread     ] DEBUG InitEventHandlersTask - AchievementListener: interface com.almasb.fxgl.service.NotificationService
21:55:30.856 [FXGL Launcher Thread     ] DEBUG SlidingNotificationService - Service [NotificationService] initialized
21:55:30.862 [FXGL Launcher Thread     ] DEBUG GameApplication      - Starting new game
21:55:30.866 [FXGL Launcher Thread     ] DEBUG GameApplication      - Initializing App
21:55:30.868 [FXGL Launcher Thread     ] DEBUG GameApplication      - State: STARTUP -> PAUSED
21:55:30.868 [FXGL Launcher Thread     ] DEBUG FXGLMasterTimer      - Stopping master timer
21:55:30.869 [FXGL Launcher Thread     ] DEBUG FXGLInput            - Clearing active input actions
21:55:30.869 [FXGL Launcher Thread     ] DEBUG FXGLEventBus         - Firing event: FXGLEvent[type=PAUSE]
21:55:30.871 [FXGL Launcher Thread     ] DEBUG GameWorld            - Resetting game world
21:55:30.871 [FXGL Launcher Thread     ] TRACE EntityWorld          - Resetting entity world
21:55:30.872 [FXGL Launcher Thread     ] DEBUG PhysicsWorld         - Resetting physics world
21:55:30.873 [FXGL Launcher Thread     ] DEBUG GameScene            - Resetting game scene
21:55:30.873 [FXGL Launcher Thread     ] DEBUG FXGLMasterTimer      - Resetting ticks and clearing all actions
21:55:30.873 [FXGL Launcher Thread     ] DEBUG FXGLInput            - Clearing active input actions
21:55:30.873 [FXGL Launcher Thread     ] DEBUG FXGLEventBus         - Firing event: FXGLEvent[type=RESET]
21:55:30.942 [FXGL Launcher Thread     ] DEBUG GameApplication      - State: PAUSED -> LOADING
21:55:30.983 [FXGL Background Thread 1 ] DEBUG InitAppTask          - Initializing Assets
21:55:30.985 [FXGL Background Thread 1 ] DEBUG InitAppTask          - Initializing Game
21:55:30.985 [FXGL Background Thread 1 ] DEBUG InitAppTask          - Injecting gameState
21:55:31.088 [JavaFX Application Thread] DEBUG FXGLDisplay          - Showing stage
21:55:31.088 [JavaFX Application Thread] DEBUG FXGLDisplay          - Root size: 1280.0x720.0
21:55:31.088 [JavaFX Application Thread] DEBUG FXGLDisplay          - Scene size: 1280.0x720.0
21:55:31.088 [JavaFX Application Thread] DEBUG FXGLDisplay          - Stage size: 1280.0x742.0
21:55:31.166 [FastClasspathScanner-worker-0] DEBUG InitAppTask          - @SetEntityFactory: class com.almasb.fxglgames.shooter.ShooterFactory
21:55:31.232 [FXGL Background Thread 1 ] DEBUG FXGLAssetLoader      - Loading from disk: /assets/textures/background.png
21:55:31.375 [FXGL Background Thread 1 ] DEBUG GameScene            - Entity added to scene
21:55:31.375 [FXGL Background Thread 1 ] DEBUG GameScene            - Added ViewComponent
21:55:31.378 [FXGL Background Thread 1 ] DEBUG GameScene            - Creating render group for layer: TOP(2147483647)
21:55:31.383 [FXGL Background Thread 1 ] DEBUG InitAppTask          - Initializing Physics
21:55:31.383 [FXGL Background Thread 1 ] DEBUG InitAppTask          - Initializing UI
21:55:31.383 [FXGL Background Thread 1 ] DEBUG InitAppTask          - Initialization Complete
21:55:31.385 [JavaFX Application Thread] DEBUG GameApplication      - State: LOADING -> PLAYING
21:55:31.393 [JavaFX Application Thread] DEBUG FXGLMasterTimer      - Starting master timer
21:55:31.393 [JavaFX Application Thread] DEBUG FXGLInput            - Clearing active input actions
21:55:31.393 [JavaFX Application Thread] DEBUG FXGLEventBus         - Firing event: FXGLEvent[type=RESUME]
21:55:32.440 [JavaFX Application Thread] DEBUG FXGLAssetLoader      - Loading from disk: /assets/textures/Bullet.png
21:55:32.465 [JavaFX Application Thread] DEBUG GameScene            - Entity added to scene
21:55:32.465 [JavaFX Application Thread] DEBUG GameScene            - Added ViewComponent
21:55:32.497 [JavaFX Application Thread] DEBUG FXGLAssetLoader      - Loading from disk: /assets/textures/Player.png
21:55:32.506 [JavaFX Application Thread] DEBUG GameScene            - Entity added to scene
21:55:32.506 [JavaFX Application Thread] DEBUG GameScene            - Added ViewComponent
21:55:32.902 [JavaFX Application Thread] DEBUG FXGLAssetLoader      - Loading from cache: /assets/textures/Bullet.png
21:55:32.903 [JavaFX Application Thread] DEBUG GameScene            - Entity added to scene
21:55:32.903 [JavaFX Application Thread] DEBUG GameScene            - Added ViewComponent
21:55:33.083 [JavaFX Application Thread] DEBUG FXGLAssetLoader      - Loading from cache: /assets/textures/Bullet.png
21:55:33.084 [JavaFX Application Thread] DEBUG GameScene            - Entity added to scene
21:55:33.084 [JavaFX Application Thread] DEBUG GameScene            - Added ViewComponent
21:55:33.251 [JavaFX Application Thread] DEBUG FXGLAssetLoader      - Loading from cache: /assets/textures/Bullet.png
21:55:33.252 [JavaFX Application Thread] DEBUG GameScene            - Entity added to scene
21:55:33.252 [JavaFX Application Thread] DEBUG GameScene            - Added ViewComponent
21:55:33.442 [JavaFX Application Thread] DEBUG FXGLAssetLoader      - Loading from cache: /assets/textures/Bullet.png
21:55:33.442 [JavaFX Application Thread] DEBUG GameScene            - Entity added to scene
21:55:33.442 [JavaFX Application Thread] DEBUG GameScene            - Added ViewComponent
21:55:33.513 [JavaFX Application Thread] DEBUG FXGLAssetLoader      - Loading from cache: /assets/textures/Player.png
21:55:33.513 [JavaFX Application Thread] DEBUG GameScene            - Entity added to scene
21:55:33.513 [JavaFX Application Thread] DEBUG GameScene            - Added ViewComponent
21:55:33.601 [JavaFX Application Thread] DEBUG FXGLAssetLoader      - Loading from cache: /assets/textures/Bullet.png
21:55:33.602 [JavaFX Application Thread] DEBUG GameScene            - Entity added to scene
21:55:33.602 [JavaFX Application Thread] DEBUG GameScene            - Added ViewComponent
21:55:34.530 [JavaFX Application Thread] DEBUG FXGLAssetLoader      - Loading from cache: /assets/textures/Player.png
21:55:34.531 [JavaFX Application Thread] DEBUG GameScene            - Entity added to scene
21:55:34.531 [JavaFX Application Thread] DEBUG GameScene            - Added ViewComponent
21:55:34.569 [JavaFX Application Thread] DEBUG FXGLAssetLoader      - Loading from cache: /assets/textures/Bullet.png
21:55:34.569 [JavaFX Application Thread] DEBUG GameScene            - Entity added to scene
21:55:34.569 [JavaFX Application Thread] DEBUG GameScene            - Added ViewComponent
21:55:34.724 [JavaFX Application Thread] DEBUG FXGLAssetLoader      - Loading from cache: /assets/textures/Bullet.png
21:55:34.724 [JavaFX Application Thread] DEBUG GameScene            - Entity added to scene
21:55:34.724 [JavaFX Application Thread] DEBUG GameScene            - Added ViewComponent
21:55:34.870 [JavaFX Application Thread] DEBUG FXGLAssetLoader      - Loading from cache: /assets/textures/Bullet.png
21:55:34.871 [JavaFX Application Thread] DEBUG GameScene            - Entity added to scene
21:55:34.871 [JavaFX Application Thread] DEBUG GameScene            - Added ViewComponent
21:55:35.018 [JavaFX Application Thread] DEBUG FXGLAssetLoader      - Loading from cache: /assets/textures/Bullet.png
21:55:35.019 [JavaFX Application Thread] DEBUG GameScene            - Entity added to scene
21:55:35.019 [JavaFX Application Thread] DEBUG GameScene            - Added ViewComponent
21:55:35.174 [JavaFX Application Thread] DEBUG FXGLAssetLoader      - Loading from cache: /assets/textures/Bullet.png
21:55:35.175 [JavaFX Application Thread] DEBUG GameScene            - Entity added to scene
21:55:35.175 [JavaFX Application Thread] DEBUG GameScene            - Added ViewComponent
21:55:35.333 [JavaFX Application Thread] DEBUG FXGLAssetLoader      - Loading from cache: /assets/textures/Bullet.png
21:55:35.334 [JavaFX Application Thread] DEBUG GameScene            - Entity added to scene
21:55:35.334 [JavaFX Application Thread] DEBUG GameScene            - Added ViewComponent
21:55:35.470 [JavaFX Application Thread] DEBUG FXGLAssetLoader      - Loading from cache: /assets/textures/Bullet.png
21:55:35.471 [JavaFX Application Thread] DEBUG GameScene            - Entity added to scene
21:55:35.471 [JavaFX Application Thread] DEBUG GameScene            - Added ViewComponent
21:55:35.547 [JavaFX Application Thread] DEBUG FXGLAssetLoader      - Loading from cache: /assets/textures/Player.png
21:55:35.547 [JavaFX Application Thread] DEBUG GameScene            - Entity added to scene
21:55:35.547 [JavaFX Application Thread] DEBUG GameScene            - Added ViewComponent
21:55:35.691 [JavaFX Application Thread] DEBUG FXGLAssetLoader      - Loading from cache: /assets/textures/Bullet.png
21:55:35.692 [JavaFX Application Thread] DEBUG GameScene            - Entity added to scene
21:55:35.692 [JavaFX Application Thread] DEBUG GameScene            - Added ViewComponent
21:55:35.873 [JavaFX Application Thread] DEBUG FXGLAssetLoader      - Loading from cache: /assets/textures/Bullet.png
21:55:35.873 [JavaFX Application Thread] DEBUG GameScene            - Entity added to scene
21:55:35.873 [JavaFX Application Thread] DEBUG GameScene            - Added ViewComponent
21:55:36.019 [JavaFX Application Thread] DEBUG FXGLAssetLoader      - Loading from cache: /assets/textures/Bullet.png
21:55:36.020 [JavaFX Application Thread] DEBUG GameScene            - Entity added to scene
21:55:36.020 [JavaFX Application Thread] DEBUG GameScene            - Added ViewComponent
21:55:36.175 [JavaFX Application Thread] DEBUG FXGLAssetLoader      - Loading from cache: /assets/textures/Bullet.png
21:55:36.176 [JavaFX Application Thread] DEBUG GameScene            - Entity added to scene
21:55:36.176 [JavaFX Application Thread] DEBUG GameScene            - Added ViewComponent
21:55:36.323 [JavaFX Application Thread] DEBUG FXGLAssetLoader      - Loading from cache: /assets/textures/Bullet.png
21:55:36.323 [JavaFX Application Thread] DEBUG GameScene            - Entity added to scene
21:55:36.323 [JavaFX Application Thread] DEBUG GameScene            - Added ViewComponent
21:55:36.479 [JavaFX Application Thread] DEBUG FXGLAssetLoader      - Loading from cache: /assets/textures/Bullet.png
21:55:36.480 [JavaFX Application Thread] DEBUG GameScene            - Entity added to scene
21:55:36.480 [JavaFX Application Thread] DEBUG GameScene            - Added ViewComponent
21:55:36.563 [JavaFX Application Thread] DEBUG FXGLAssetLoader      - Loading from cache: /assets/textures/Player.png
21:55:36.564 [JavaFX Application Thread] DEBUG GameScene            - Entity added to scene
21:55:36.564 [JavaFX Application Thread] DEBUG GameScene            - Added ViewComponent
21:55:36.636 [JavaFX Application Thread] DEBUG FXGLAssetLoader      - Loading from cache: /assets/textures/Bullet.png
21:55:36.637 [JavaFX Application Thread] DEBUG GameScene            - Entity added to scene
21:55:36.637 [JavaFX Application Thread] DEBUG GameScene            - Added ViewComponent
21:55:36.794 [JavaFX Application Thread] DEBUG FXGLAssetLoader      - Loading from cache: /assets/textures/Bullet.png
21:55:36.794 [JavaFX Application Thread] DEBUG GameScene            - Entity added to scene
21:55:36.794 [JavaFX Application Thread] DEBUG GameScene            - Added ViewComponent
21:55:37.369 [JavaFX Application Thread] DEBUG FXGLAssetLoader      - Loading from cache: /assets/textures/Bullet.png
21:55:37.369 [JavaFX Application Thread] DEBUG GameScene            - Entity added to scene
21:55:37.369 [JavaFX Application Thread] DEBUG GameScene            - Added ViewComponent
21:55:37.517 [JavaFX Application Thread] DEBUG FXGLAssetLoader      - Loading from cache: /assets/textures/Bullet.png
21:55:37.517 [JavaFX Application Thread] DEBUG GameScene            - Entity added to scene
21:55:37.517 [JavaFX Application Thread] DEBUG GameScene            - Added ViewComponent
21:55:37.580 [JavaFX Application Thread] DEBUG FXGLAssetLoader      - Loading from cache: /assets/textures/Player.png
21:55:37.580 [JavaFX Application Thread] DEBUG GameScene            - Entity added to scene
21:55:37.581 [JavaFX Application Thread] DEBUG GameScene            - Added ViewComponent
21:55:37.660 [JavaFX Application Thread] DEBUG FXGLAssetLoader      - Loading from cache: /assets/textures/Bullet.png
21:55:37.661 [JavaFX Application Thread] DEBUG GameScene            - Entity added to scene
21:55:37.661 [JavaFX Application Thread] DEBUG GameScene            - Added ViewComponent
21:55:37.819 [JavaFX Application Thread] DEBUG FXGLAssetLoader      - Loading from cache: /assets/textures/Bullet.png
21:55:37.819 [JavaFX Application Thread] DEBUG GameScene            - Entity added to scene
21:55:37.819 [JavaFX Application Thread] DEBUG GameScene            - Added ViewComponent
21:55:37.967 [JavaFX Application Thread] DEBUG FXGLAssetLoader      - Loading from cache: /assets/textures/Bullet.png
21:55:37.967 [JavaFX Application Thread] DEBUG GameScene            - Entity added to scene
21:55:37.967 [JavaFX Application Thread] DEBUG GameScene            - Added ViewComponent
21:55:38.123 [JavaFX Application Thread] DEBUG FXGLAssetLoader      - Loading from cache: /assets/textures/Bullet.png
21:55:38.123 [JavaFX Application Thread] DEBUG GameScene            - Entity added to scene
21:55:38.123 [JavaFX Application Thread] DEBUG GameScene            - Added ViewComponent
21:55:38.597 [JavaFX Application Thread] DEBUG FXGLAssetLoader      - Loading from cache: /assets/textures/Player.png
21:55:38.597 [JavaFX Application Thread] DEBUG GameScene            - Entity added to scene
21:55:38.597 [JavaFX Application Thread] DEBUG GameScene            - Added ViewComponent
21:55:38.686 [JavaFX Application Thread] DEBUG FXGLAssetLoader      - Loading from cache: /assets/textures/Bullet.png
21:55:38.687 [JavaFX Application Thread] DEBUG GameScene            - Entity added to scene
21:55:38.687 [JavaFX Application Thread] DEBUG GameScene            - Added ViewComponent
21:55:38.841 [JavaFX Application Thread] DEBUG FXGLAssetLoader      - Loading from cache: /assets/textures/Bullet.png
21:55:38.842 [JavaFX Application Thread] DEBUG GameScene            - Entity added to scene
21:55:38.842 [JavaFX Application Thread] DEBUG GameScene            - Added ViewComponent
21:55:39.010 [JavaFX Application Thread] DEBUG FXGLAssetLoader      - Loading from cache: /assets/textures/Bullet.png
21:55:39.010 [JavaFX Application Thread] DEBUG GameScene            - Entity added to scene
21:55:39.010 [JavaFX Application Thread] DEBUG GameScene            - Added ViewComponent
21:55:39.157 [JavaFX Application Thread] DEBUG FXGLAssetLoader      - Loading from cache: /assets/textures/Bullet.png
21:55:39.158 [JavaFX Application Thread] DEBUG GameScene            - Entity added to scene
21:55:39.158 [JavaFX Application Thread] DEBUG GameScene            - Added ViewComponent
21:55:39.325 [JavaFX Application Thread] DEBUG FXGLAssetLoader      - Loading from cache: /assets/textures/Bullet.png
21:55:39.325 [JavaFX Application Thread] DEBUG GameScene            - Entity added to scene
21:55:39.325 [JavaFX Application Thread] DEBUG GameScene            - Added ViewComponent
21:55:39.613 [JavaFX Application Thread] DEBUG FXGLAssetLoader      - Loading from cache: /assets/textures/Player.png
21:55:39.614 [JavaFX Application Thread] DEBUG GameScene            - Entity added to scene
21:55:39.614 [JavaFX Application Thread] DEBUG GameScene            - Added ViewComponent
21:55:39.674 [JavaFX Application Thread] DEBUG FXGLAssetLoader      - Loading from cache: /assets/textures/Bullet.png
21:55:39.675 [JavaFX Application Thread] DEBUG GameScene            - Entity added to scene
21:55:39.675 [JavaFX Application Thread] DEBUG GameScene            - Added ViewComponent
21:55:39.854 [JavaFX Application Thread] DEBUG FXGLAssetLoader      - Loading from cache: /assets/textures/Bullet.png
21:55:39.854 [JavaFX Application Thread] DEBUG GameScene            - Entity added to scene
21:55:39.854 [JavaFX Application Thread] DEBUG GameScene            - Added ViewComponent
21:55:40.419 [JavaFX Application Thread] DEBUG FXGLAssetLoader      - Loading from cache: /assets/textures/Bullet.png
21:55:40.419 [JavaFX Application Thread] DEBUG GameScene            - Entity added to scene
21:55:40.419 [JavaFX Application Thread] DEBUG GameScene            - Added ViewComponent
21:55:40.574 [JavaFX Application Thread] DEBUG FXGLAssetLoader      - Loading from cache: /assets/textures/Bullet.png
21:55:40.574 [JavaFX Application Thread] DEBUG GameScene            - Entity added to scene
21:55:40.574 [JavaFX Application Thread] DEBUG GameScene            - Added ViewComponent
21:55:40.629 [JavaFX Application Thread] DEBUG FXGLAssetLoader      - Loading from cache: /assets/textures/Player.png
21:55:40.630 [JavaFX Application Thread] DEBUG GameScene            - Entity added to scene
21:55:40.630 [JavaFX Application Thread] DEBUG GameScene            - Added ViewComponent
21:55:40.742 [JavaFX Application Thread] DEBUG FXGLAssetLoader      - Loading from cache: /assets/textures/Bullet.png
21:55:40.743 [JavaFX Application Thread] DEBUG GameScene            - Entity added to scene
21:55:40.743 [JavaFX Application Thread] DEBUG GameScene            - Added ViewComponent
21:55:40.902 [JavaFX Application Thread] DEBUG FXGLAssetLoader      - Loading from cache: /assets/textures/Bullet.png
21:55:40.902 [JavaFX Application Thread] DEBUG GameScene            - Entity added to scene
21:55:40.902 [JavaFX Application Thread] DEBUG GameScene            - Added ViewComponent
21:55:41.082 [JavaFX Application Thread] DEBUG FXGLAssetLoader      - Loading from cache: /assets/textures/Bullet.png
21:55:41.083 [JavaFX Application Thread] DEBUG GameScene            - Entity added to scene
21:55:41.083 [JavaFX Application Thread] DEBUG GameScene            - Added ViewComponent
21:55:41.464 [JavaFX Application Thread] DEBUG FXGLAssetLoader      - Loading from cache: /assets/textures/Bullet.png
21:55:41.466 [JavaFX Application Thread] DEBUG GameScene            - Entity added to scene
21:55:41.466 [JavaFX Application Thread] DEBUG GameScene            - Added ViewComponent
21:55:41.609 [JavaFX Application Thread] DEBUG FXGLAssetLoader      - Loading from cache: /assets/textures/Bullet.png
21:55:41.609 [JavaFX Application Thread] DEBUG GameScene            - Entity added to scene
21:55:41.609 [JavaFX Application Thread] DEBUG GameScene            - Added ViewComponent
21:55:41.646 [JavaFX Application Thread] DEBUG FXGLAssetLoader      - Loading from cache: /assets/textures/Player.png
21:55:41.646 [JavaFX Application Thread] DEBUG GameScene            - Entity added to scene
21:55:41.646 [JavaFX Application Thread] DEBUG GameScene            - Added ViewComponent
21:55:41.801 [JavaFX Application Thread] DEBUG FXGLAssetLoader      - Loading from cache: /assets/textures/Bullet.png
21:55:41.801 [JavaFX Application Thread] DEBUG GameScene            - Entity added to scene
21:55:41.801 [JavaFX Application Thread] DEBUG GameScene            - Added ViewComponent
21:55:41.958 [JavaFX Application Thread] DEBUG FXGLAssetLoader      - Loading from cache: /assets/textures/Bullet.png
21:55:41.958 [JavaFX Application Thread] DEBUG GameScene            - Entity added to scene
21:55:41.958 [JavaFX Application Thread] DEBUG GameScene            - Added ViewComponent
21:55:42.736 [JavaFX Application Thread] DEBUG FXGLAssetLoader      - Loading from cache: /assets/textures/Bullet.png
21:55:42.736 [JavaFX Application Thread] DEBUG GameScene            - Entity added to scene
21:55:42.736 [JavaFX Application Thread] DEBUG GameScene            - Added ViewComponent
21:55:42.891 [JavaFX Application Thread] DEBUG FXGLAssetLoader      - Loading from cache: /assets/textures/Bullet.png
21:55:42.892 [JavaFX Application Thread] DEBUG GameScene            - Entity added to scene
21:55:42.892 [JavaFX Application Thread] DEBUG GameScene            - Added ViewComponent
21:55:43.051 [JavaFX Application Thread] DEBUG FXGLAssetLoader      - Loading from cache: /assets/textures/Bullet.png
21:55:43.052 [JavaFX Application Thread] DEBUG GameScene            - Entity added to scene
21:55:43.052 [JavaFX Application Thread] DEBUG GameScene            - Added ViewComponent
21:55:43.218 [JavaFX Application Thread] DEBUG FXGLAssetLoader      - Loading from cache: /assets/textures/Bullet.png
21:55:43.219 [JavaFX Application Thread] DEBUG GameScene            - Entity added to scene
21:55:43.219 [JavaFX Application Thread] DEBUG GameScene            - Added ViewComponent
21:55:43.791 [JavaFX Application Thread] DEBUG FXGLAssetLoader      - Loading from cache: /assets/textures/Bullet.png
21:55:43.792 [JavaFX Application Thread] DEBUG GameScene            - Entity added to scene
21:55:43.792 [JavaFX Application Thread] DEBUG GameScene            - Added ViewComponent
21:55:43.950 [JavaFX Application Thread] DEBUG FXGLAssetLoader      - Loading from cache: /assets/textures/Bullet.png
21:55:43.951 [JavaFX Application Thread] DEBUG GameScene            - Entity added to scene
21:55:43.951 [JavaFX Application Thread] DEBUG GameScene            - Added ViewComponent
21:55:44.095 [JavaFX Application Thread] DEBUG FXGLAssetLoader      - Loading from cache: /assets/textures/Bullet.png
21:55:44.095 [JavaFX Application Thread] DEBUG GameScene            - Entity added to scene
21:55:44.096 [JavaFX Application Thread] DEBUG GameScene            - Added ViewComponent
21:55:44.252 [JavaFX Application Thread] DEBUG FXGLAssetLoader      - Loading from cache: /assets/textures/Bullet.png
21:55:44.253 [JavaFX Application Thread] DEBUG GameScene            - Entity added to scene
21:55:44.253 [JavaFX Application Thread] DEBUG GameScene            - Added ViewComponent
21:55:44.401 [JavaFX Application Thread] DEBUG FXGLAssetLoader      - Loading from cache: /assets/textures/Bullet.png
21:55:44.401 [JavaFX Application Thread] DEBUG GameScene            - Entity added to scene
21:55:44.401 [JavaFX Application Thread] DEBUG GameScene            - Added ViewComponent
21:55:44.974 [JavaFX Application Thread] DEBUG FXGLAssetLoader      - Loading from cache: /assets/textures/Bullet.png
21:55:44.974 [JavaFX Application Thread] DEBUG GameScene            - Entity added to scene
21:55:44.974 [JavaFX Application Thread] DEBUG GameScene            - Added ViewComponent
21:55:45.132 [JavaFX Application Thread] DEBUG FXGLAssetLoader      - Loading from cache: /assets/textures/Bullet.png
21:55:45.133 [JavaFX Application Thread] DEBUG GameScene            - Entity added to scene
21:55:45.133 [JavaFX Application Thread] DEBUG GameScene            - Added ViewComponent
21:55:45.287 [JavaFX Application Thread] DEBUG FXGLAssetLoader      - Loading from cache: /assets/textures/Bullet.png
21:55:45.288 [JavaFX Application Thread] DEBUG GameScene            - Entity added to scene
21:55:45.288 [JavaFX Application Thread] DEBUG GameScene            - Added ViewComponent
21:55:45.445 [JavaFX Application Thread] DEBUG FXGLAssetLoader      - Loading from cache: /assets/textures/Bullet.png
21:55:45.445 [JavaFX Application Thread] DEBUG GameScene            - Entity added to scene
21:55:45.445 [JavaFX Application Thread] DEBUG GameScene            - Added ViewComponent
21:55:45.625 [JavaFX Application Thread] DEBUG FXGLAssetLoader      - Loading from cache: /assets/textures/Bullet.png
21:55:45.625 [JavaFX Application Thread] DEBUG GameScene            - Entity added to scene
21:55:45.625 [JavaFX Application Thread] DEBUG GameScene            - Added ViewComponent
21:55:46.109 [JavaFX Application Thread] DEBUG FXGLAssetLoader      - Loading from cache: /assets/textures/Bullet.png
21:55:46.109 [JavaFX Application Thread] DEBUG GameScene            - Entity added to scene
21:55:46.109 [JavaFX Application Thread] DEBUG GameScene            - Added ViewComponent
21:55:46.277 [JavaFX Application Thread] DEBUG FXGLAssetLoader      - Loading from cache: /assets/textures/Bullet.png
21:55:46.278 [JavaFX Application Thread] DEBUG GameScene            - Entity added to scene
21:55:46.278 [JavaFX Application Thread] DEBUG GameScene            - Added ViewComponent
21:55:46.448 [JavaFX Application Thread] DEBUG FXGLAssetLoader      - Loading from cache: /assets/textures/Bullet.png
21:55:46.449 [JavaFX Application Thread] DEBUG GameScene            - Entity added to scene
21:55:46.449 [JavaFX Application Thread] DEBUG GameScene            - Added ViewComponent
21:55:46.616 [JavaFX Application Thread] DEBUG FXGLAssetLoader      - Loading from cache: /assets/textures/Bullet.png
21:55:46.617 [JavaFX Application Thread] DEBUG GameScene            - Entity added to scene
21:55:46.617 [JavaFX Application Thread] DEBUG GameScene            - Added ViewComponent
21:55:46.795 [JavaFX Application Thread] DEBUG FXGLAssetLoader      - Loading from cache: /assets/textures/Bullet.png
21:55:46.795 [JavaFX Application Thread] DEBUG GameScene            - Entity added to scene
21:55:46.795 [JavaFX Application Thread] DEBUG GameScene            - Added ViewComponent
21:55:46.965 [JavaFX Application Thread] DEBUG FXGLAssetLoader      - Loading from cache: /assets/textures/Bullet.png
21:55:46.966 [JavaFX Application Thread] DEBUG GameScene            - Entity added to scene
21:55:46.966 [JavaFX Application Thread] DEBUG GameScene            - Added ViewComponent
21:55:47.121 [JavaFX Application Thread] DEBUG FXGLAssetLoader      - Loading from cache: /assets/textures/Bullet.png
21:55:47.122 [JavaFX Application Thread] DEBUG GameScene            - Entity added to scene
21:55:47.123 [JavaFX Application Thread] DEBUG GameScene            - Added ViewComponent
21:55:47.279 [JavaFX Application Thread] DEBUG FXGLAssetLoader      - Loading from cache: /assets/textures/Bullet.png
21:55:47.280 [JavaFX Application Thread] DEBUG GameScene            - Entity added to scene
21:55:47.280 [JavaFX Application Thread] DEBUG GameScene            - Added ViewComponent
21:55:47.436 [JavaFX Application Thread] DEBUG FXGLAssetLoader      - Loading from cache: /assets/textures/Bullet.png
21:55:47.436 [JavaFX Application Thread] DEBUG GameScene            - Entity added to scene
21:55:47.436 [JavaFX Application Thread] DEBUG GameScene            - Added ViewComponent
21:55:47.594 [JavaFX Application Thread] DEBUG FXGLAssetLoader      - Loading from cache: /assets/textures/Bullet.png
21:55:47.594 [JavaFX Application Thread] DEBUG GameScene            - Entity added to scene
21:55:47.594 [JavaFX Application Thread] DEBUG GameScene            - Added ViewComponent
21:55:47.741 [JavaFX Application Thread] DEBUG FXGLAssetLoader      - Loading from cache: /assets/textures/Bullet.png
21:55:47.741 [JavaFX Application Thread] DEBUG GameScene            - Entity added to scene
21:55:47.741 [JavaFX Application Thread] DEBUG GameScene            - Added ViewComponent
21:55:47.899 [JavaFX Application Thread] DEBUG FXGLAssetLoader      - Loading from cache: /assets/textures/Bullet.png
21:55:47.900 [JavaFX Application Thread] DEBUG GameScene            - Entity added to scene
21:55:47.900 [JavaFX Application Thread] DEBUG GameScene            - Added ViewComponent
21:55:48.044 [JavaFX Application Thread] DEBUG FXGLAssetLoader      - Loading from cache: /assets/textures/Bullet.png
21:55:48.044 [JavaFX Application Thread] DEBUG GameScene            - Entity added to scene
21:55:48.044 [JavaFX Application Thread] DEBUG GameScene            - Added ViewComponent
21:55:48.190 [JavaFX Application Thread] DEBUG FXGLAssetLoader      - Loading from cache: /assets/textures/Bullet.png
21:55:48.191 [JavaFX Application Thread] DEBUG GameScene            - Entity added to scene
21:55:48.191 [JavaFX Application Thread] DEBUG GameScene            - Added ViewComponent
21:55:48.336 [JavaFX Application Thread] DEBUG FXGLAssetLoader      - Loading from cache: /assets/textures/Bullet.png
21:55:48.337 [JavaFX Application Thread] DEBUG GameScene            - Entity added to scene
21:55:48.337 [JavaFX Application Thread] DEBUG GameScene            - Added ViewComponent
21:55:48.485 [JavaFX Application Thread] DEBUG FXGLAssetLoader      - Loading from cache: /assets/textures/Bullet.png
21:55:48.485 [JavaFX Application Thread] DEBUG GameScene            - Entity added to scene
21:55:48.485 [JavaFX Application Thread] DEBUG GameScene            - Added ViewComponent
21:55:48.629 [JavaFX Application Thread] DEBUG FXGLAssetLoader      - Loading from cache: /assets/textures/Bullet.png
21:55:48.629 [JavaFX Application Thread] DEBUG GameScene            - Entity added to scene
21:55:48.629 [JavaFX Application Thread] DEBUG GameScene            - Added ViewComponent
21:55:48.775 [JavaFX Application Thread] DEBUG FXGLAssetLoader      - Loading from cache: /assets/textures/Bullet.png
21:55:48.775 [JavaFX Application Thread] DEBUG GameScene            - Entity added to scene
21:55:48.775 [JavaFX Application Thread] DEBUG GameScene            - Added ViewComponent
21:55:48.900 [JavaFX Application Thread] DEBUG FXGLAssetLoader      - Loading from cache: /assets/textures/Bullet.png
21:55:48.901 [JavaFX Application Thread] DEBUG GameScene            - Entity added to scene
21:55:48.901 [JavaFX Application Thread] DEBUG GameScene            - Added ViewComponent
21:55:49.157 [JavaFX Application Thread] DEBUG FXGLAssetLoader      - Loading from cache: /assets/textures/Bullet.png
21:55:49.158 [JavaFX Application Thread] DEBUG GameScene            - Entity added to scene
21:55:49.158 [JavaFX Application Thread] DEBUG GameScene            - Added ViewComponent
21:55:49.270 [JavaFX Application Thread] DEBUG FXGLAssetLoader      - Loading from cache: /assets/textures/Bullet.png
21:55:49.270 [JavaFX Application Thread] DEBUG GameScene            - Entity added to scene
21:55:49.270 [JavaFX Application Thread] DEBUG GameScene            - Added ViewComponent
21:55:49.418 [JavaFX Application Thread] DEBUG FXGLAssetLoader      - Loading from cache: /assets/textures/Bullet.png
21:55:49.419 [JavaFX Application Thread] DEBUG GameScene            - Entity added to scene
21:55:49.419 [JavaFX Application Thread] DEBUG GameScene            - Added ViewComponent
21:55:49.541 [JavaFX Application Thread] DEBUG FXGLAssetLoader      - Loading from cache: /assets/textures/Bullet.png
21:55:49.541 [JavaFX Application Thread] DEBUG GameScene            - Entity added to scene
21:55:49.541 [JavaFX Application Thread] DEBUG GameScene            - Added ViewComponent
21:55:49.686 [JavaFX Application Thread] DEBUG FXGLAssetLoader      - Loading from cache: /assets/textures/Bullet.png
21:55:49.687 [JavaFX Application Thread] DEBUG GameScene            - Entity added to scene
21:55:49.687 [JavaFX Application Thread] DEBUG GameScene            - Added ViewComponent
21:55:49.822 [JavaFX Application Thread] DEBUG FXGLAssetLoader      - Loading from cache: /assets/textures/Bullet.png
21:55:49.823 [JavaFX Application Thread] DEBUG GameScene            - Entity added to scene
21:55:49.823 [JavaFX Application Thread] DEBUG GameScene            - Added ViewComponent
21:55:50.081 [JavaFX Application Thread] DEBUG FXGLAssetLoader      - Loading from cache: /assets/textures/Bullet.png
21:55:50.083 [JavaFX Application Thread] DEBUG GameScene            - Entity added to scene
21:55:50.083 [JavaFX Application Thread] DEBUG GameScene            - Added ViewComponent
21:55:50.183 [JavaFX Application Thread] DEBUG FXGLAssetLoader      - Loading from cache: /assets/textures/Bullet.png
21:55:50.184 [JavaFX Application Thread] DEBUG GameScene            - Entity added to scene
21:55:50.184 [JavaFX Application Thread] DEBUG GameScene            - Added ViewComponent
21:55:50.327 [JavaFX Application Thread] DEBUG FXGLAssetLoader      - Loading from cache: /assets/textures/Bullet.png
21:55:50.328 [JavaFX Application Thread] DEBUG GameScene            - Entity added to scene
21:55:50.328 [JavaFX Application Thread] DEBUG GameScene            - Added ViewComponent
21:55:50.463 [JavaFX Application Thread] DEBUG FXGLAssetLoader      - Loading from cache: /assets/textures/Bullet.png
21:55:50.463 [JavaFX Application Thread] DEBUG GameScene            - Entity added to scene
21:55:50.463 [JavaFX Application Thread] DEBUG GameScene            - Added ViewComponent
21:55:50.608 [JavaFX Application Thread] DEBUG FXGLAssetLoader      - Loading from cache: /assets/textures/Bullet.png
21:55:50.609 [JavaFX Application Thread] DEBUG GameScene            - Entity added to scene
21:55:50.609 [JavaFX Application Thread] DEBUG GameScene            - Added ViewComponent
21:55:50.756 [JavaFX Application Thread] DEBUG FXGLAssetLoader      - Loading from cache: /assets/textures/Bullet.png
21:55:50.757 [JavaFX Application Thread] DEBUG GameScene            - Entity added to scene
21:55:50.757 [JavaFX Application Thread] DEBUG GameScene            - Added ViewComponent
21:55:50.902 [JavaFX Application Thread] DEBUG FXGLAssetLoader      - Loading from cache: /assets/textures/Bullet.png
21:55:50.903 [JavaFX Application Thread] DEBUG GameScene            - Entity added to scene
21:55:50.903 [JavaFX Application Thread] DEBUG GameScene            - Added ViewComponent
21:55:51.049 [JavaFX Application Thread] DEBUG FXGLAssetLoader      - Loading from cache: /assets/textures/Bullet.png
21:55:51.051 [JavaFX Application Thread] DEBUG GameScene            - Entity added to scene
21:55:51.051 [JavaFX Application Thread] DEBUG GameScene            - Added ViewComponent
21:55:51.185 [JavaFX Application Thread] DEBUG FXGLAssetLoader      - Loading from cache: /assets/textures/Bullet.png
21:55:51.185 [JavaFX Application Thread] DEBUG GameScene            - Entity added to scene
21:55:51.185 [JavaFX Application Thread] DEBUG GameScene            - Added ViewComponent
21:55:51.329 [JavaFX Application Thread] DEBUG FXGLAssetLoader      - Loading from cache: /assets/textures/Bullet.png
21:55:51.329 [JavaFX Application Thread] DEBUG GameScene            - Entity added to scene
21:55:51.329 [JavaFX Application Thread] DEBUG GameScene            - Added ViewComponent
21:55:51.465 [JavaFX Application Thread] DEBUG FXGLAssetLoader      - Loading from cache: /assets/textures/Bullet.png
21:55:51.467 [JavaFX Application Thread] DEBUG GameScene            - Entity added to scene
21:55:51.467 [JavaFX Application Thread] DEBUG GameScene            - Added ViewComponent
21:55:51.587 [JavaFX Application Thread] DEBUG FXGLAssetLoader      - Loading from cache: /assets/textures/Bullet.png
21:55:51.588 [JavaFX Application Thread] DEBUG GameScene            - Entity added to scene
21:55:51.588 [JavaFX Application Thread] DEBUG GameScene            - Added ViewComponent
21:55:51.711 [JavaFX Application Thread] DEBUG FXGLAssetLoader      - Loading from cache: /assets/textures/Bullet.png
21:55:51.711 [JavaFX Application Thread] DEBUG GameScene            - Entity added to scene
21:55:51.711 [JavaFX Application Thread] DEBUG GameScene            - Added ViewComponent
21:55:51.858 [JavaFX Application Thread] DEBUG FXGLAssetLoader      - Loading from cache: /assets/textures/Bullet.png
21:55:51.858 [JavaFX Application Thread] DEBUG GameScene            - Entity added to scene
21:55:51.858 [JavaFX Application Thread] DEBUG GameScene            - Added ViewComponent
21:55:52.016 [JavaFX Application Thread] DEBUG FXGLAssetLoader      - Loading from cache: /assets/textures/Bullet.png
21:55:52.018 [JavaFX Application Thread] DEBUG GameScene            - Entity added to scene
21:55:52.018 [JavaFX Application Thread] DEBUG GameScene            - Added ViewComponent
21:55:52.140 [JavaFX Application Thread] DEBUG FXGLAssetLoader      - Loading from cache: /assets/textures/Bullet.png
21:55:52.140 [JavaFX Application Thread] DEBUG GameScene            - Entity added to scene
21:55:52.140 [JavaFX Application Thread] DEBUG GameScene            - Added ViewComponent
21:55:52.274 [JavaFX Application Thread] DEBUG FXGLAssetLoader      - Loading from cache: /assets/textures/Bullet.png
21:55:52.274 [JavaFX Application Thread] DEBUG GameScene            - Entity added to scene
21:55:52.274 [JavaFX Application Thread] DEBUG GameScene            - Added ViewComponent
21:55:52.398 [JavaFX Application Thread] DEBUG FXGLAssetLoader      - Loading from cache: /assets/textures/Bullet.png
21:55:52.400 [JavaFX Application Thread] DEBUG GameScene            - Entity added to scene
21:55:52.400 [JavaFX Application Thread] DEBUG GameScene            - Added ViewComponent
21:55:52.544 [JavaFX Application Thread] DEBUG FXGLAssetLoader      - Loading from cache: /assets/textures/Bullet.png
21:55:52.544 [JavaFX Application Thread] DEBUG GameScene            - Entity added to scene
21:55:52.544 [JavaFX Application Thread] DEBUG GameScene            - Added ViewComponent
21:55:52.669 [JavaFX Application Thread] DEBUG FXGLAssetLoader      - Loading from cache: /assets/textures/Bullet.png
21:55:52.669 [JavaFX Application Thread] DEBUG GameScene            - Entity added to scene
21:55:52.669 [JavaFX Application Thread] DEBUG GameScene            - Added ViewComponent
21:55:52.803 [JavaFX Application Thread] DEBUG FXGLAssetLoader      - Loading from cache: /assets/textures/Bullet.png
21:55:52.803 [JavaFX Application Thread] DEBUG GameScene            - Entity added to scene
21:55:52.803 [JavaFX Application Thread] DEBUG GameScene            - Added ViewComponent
21:55:52.937 [JavaFX Application Thread] DEBUG FXGLAssetLoader      - Loading from cache: /assets/textures/Bullet.png
21:55:52.938 [JavaFX Application Thread] DEBUG GameScene            - Entity added to scene
21:55:52.938 [JavaFX Application Thread] DEBUG GameScene            - Added ViewComponent
21:55:53.074 [JavaFX Application Thread] DEBUG FXGLAssetLoader      - Loading from cache: /assets/textures/Bullet.png
21:55:53.074 [JavaFX Application Thread] DEBUG GameScene            - Entity added to scene
21:55:53.074 [JavaFX Application Thread] DEBUG GameScene            - Added ViewComponent
21:55:53.219 [JavaFX Application Thread] DEBUG FXGLAssetLoader      - Loading from cache: /assets/textures/Bullet.png
21:55:53.220 [JavaFX Application Thread] DEBUG GameScene            - Entity added to scene
21:55:53.220 [JavaFX Application Thread] DEBUG GameScene            - Added ViewComponent
21:55:53.354 [JavaFX Application Thread] DEBUG FXGLAssetLoader      - Loading from cache: /assets/textures/Bullet.png
21:55:53.354 [JavaFX Application Thread] DEBUG GameScene            - Entity added to scene
21:55:53.354 [JavaFX Application Thread] DEBUG GameScene            - Added ViewComponent
21:55:53.477 [JavaFX Application Thread] DEBUG FXGLAssetLoader      - Loading from cache: /assets/textures/Bullet.png
21:55:53.478 [JavaFX Application Thread] DEBUG GameScene            - Entity added to scene
21:55:53.478 [JavaFX Application Thread] DEBUG GameScene            - Added ViewComponent
21:55:53.624 [JavaFX Application Thread] DEBUG FXGLAssetLoader      - Loading from cache: /assets/textures/Bullet.png
21:55:53.625 [JavaFX Application Thread] DEBUG GameScene            - Entity added to scene
21:55:53.625 [JavaFX Application Thread] DEBUG GameScene            - Added ViewComponent
21:55:53.749 [JavaFX Application Thread] DEBUG FXGLAssetLoader      - Loading from cache: /assets/textures/Bullet.png
21:55:53.751 [JavaFX Application Thread] DEBUG GameScene            - Entity added to scene
21:55:53.751 [JavaFX Application Thread] DEBUG GameScene            - Added ViewComponent
21:55:53.871 [JavaFX Application Thread] DEBUG FXGLAssetLoader      - Loading from cache: /assets/textures/Bullet.png
21:55:53.871 [JavaFX Application Thread] DEBUG GameScene            - Entity added to scene
21:55:53.872 [JavaFX Application Thread] DEBUG GameScene            - Added ViewComponent
21:55:53.995 [JavaFX Application Thread] DEBUG FXGLAssetLoader      - Loading from cache: /assets/textures/Bullet.png
21:55:53.995 [JavaFX Application Thread] DEBUG GameScene            - Entity added to scene
21:55:53.995 [JavaFX Application Thread] DEBUG GameScene            - Added ViewComponent
21:55:54.199 [JavaFX Application Thread] DEBUG FXGLAssetLoader      - Loading from cache: /assets/textures/Bullet.png
21:55:54.201 [JavaFX Application Thread] DEBUG GameScene            - Entity added to scene
21:55:54.201 [JavaFX Application Thread] DEBUG GameScene            - Added ViewComponent
21:55:54.424 [JavaFX Application Thread] DEBUG FXGLAssetLoader      - Loading from cache: /assets/textures/Bullet.png
21:55:54.424 [JavaFX Application Thread] DEBUG GameScene            - Entity added to scene
21:55:54.424 [JavaFX Application Thread] DEBUG GameScene            - Added ViewComponent
21:55:54.524 [JavaFX Application Thread] DEBUG FXGLAssetLoader      - Loading from cache: /assets/textures/Bullet.png
21:55:54.524 [JavaFX Application Thread] DEBUG GameScene            - Entity added to scene
21:55:54.524 [JavaFX Application Thread] DEBUG GameScene            - Added ViewComponent
21:55:54.626 [JavaFX Application Thread] DEBUG FXGLAssetLoader      - Loading from cache: /assets/textures/Bullet.png
21:55:54.627 [JavaFX Application Thread] DEBUG GameScene            - Entity added to scene
21:55:54.627 [JavaFX Application Thread] DEBUG GameScene            - Added ViewComponent
21:55:54.692 [JavaFX Application Thread] DEBUG FXGLAssetLoader      - Loading from cache: /assets/textures/Bullet.png
21:55:54.693 [JavaFX Application Thread] DEBUG GameScene            - Entity added to scene
21:55:54.693 [JavaFX Application Thread] DEBUG GameScene            - Added ViewComponent
21:55:58.698 [JavaFX Application Thread] DEBUG FXGLAssetLoader      - Loading from cache: /assets/textures/Bullet.png
21:55:58.699 [JavaFX Application Thread] DEBUG GameScene            - Entity added to scene
21:55:58.699 [JavaFX Application Thread] DEBUG GameScene            - Added ViewComponent
21:55:58.844 [JavaFX Application Thread] DEBUG FXGLAssetLoader      - Loading from cache: /assets/textures/Bullet.png
21:55:58.844 [JavaFX Application Thread] DEBUG GameScene            - Entity added to scene
21:55:58.844 [JavaFX Application Thread] DEBUG GameScene            - Added ViewComponent
21:55:58.991 [JavaFX Application Thread] DEBUG FXGLAssetLoader      - Loading from cache: /assets/textures/Bullet.png
21:55:58.991 [JavaFX Application Thread] DEBUG GameScene            - Entity added to scene
21:55:58.991 [JavaFX Application Thread] DEBUG GameScene            - Added ViewComponent
21:56:01.975 [JavaFX Application Thread] DEBUG FXGLEventBus         - Firing event: DisplayEvent[type=CLOSE_REQUEST]
21:56:01.976 [JavaFX Application Thread] DEBUG FXGLEventBus         - Firing event: FXGLEvent[type=EXIT]
21:56:01.976 [JavaFX Application Thread] DEBUG FXGL                 - Saving FXGL system data
21:56:01.977 [JavaFX Application Thread] DEBUG IOTask               - Executing task: writeDataTask(system/fxgl.bundle)
21:56:01.994 [JavaFX Application Thread] DEBUG FS                   - Writing to: system/fxgl.bundle
21:56:01.996 [JavaFX Application Thread] DEBUG IOTask               - Task succeeded: writeDataTask(system/fxgl.bundle)
