21:52:37.314 [FXGL Launcher Thread     ] DEBUG FXGLLoggerFactory    - Service [LoggerFactory] initialized
21:52:37.320 [FXGL Launcher Thread     ] DEBUG FXGL                 - FXGL configuration complete
21:52:37.320 [FXGL Launcher Thread     ] DEBUG FXGL                 - Loading FXGL system data
21:52:37.324 [FXGL Launcher Thread     ] DEBUG IOTask               - Executing task: readDataTask(system/fxgl.bundle)
21:52:37.341 [FXGL Launcher Thread     ] DEBUG FS                   - Reading from: system/fxgl.bundle
21:52:37.348 [FXGL Launcher Thread     ] DEBUG IOTask               - Task succeeded: readDataTask(system/fxgl.bundle)
21:52:37.349 [FXGL Launcher Thread     ] DEBUG Bundle               - Logging bundle: FXGL
21:52:37.349 [FXGL Launcher Thread     ] DEBUG Bundle               - FXGL.offline.timer.version.check=2017-06-30T20:44:13.891
21:52:37.357 [FXGL Launcher Thread     ] DEBUG GameApplication      - Configuring GameApplication
21:52:37.363 [FXGL Launcher Thread     ] DEBUG FXGLExceptionHandler - Service [ExceptionHandler] initialized
21:52:37.366 [FXGL Launcher Thread     ] DEBUG FXGLEventBus         - Service [EventBus] initialized
21:52:37.370 [FXGL Launcher Thread     ] DEBUG FXGLExecutor         - Service [Executor] initialized
21:52:37.370 [FXGL Launcher Thread     ] DEBUG PreInitTask          - Injecting gameWorld & physicsWorld
21:52:37.380 [FXGL Launcher Thread     ] DEBUG GameWorld            - Game world initialized
21:52:37.433 [FXGL Launcher Thread     ] DEBUG FXGLPooler           - Service [Pooler] initialized with default size = 128
21:52:37.434 [FXGL Launcher Thread     ] DEBUG PhysicsWorld         - Physics world initialized: appHeight=720.0, physics.ppm=50.0
21:52:37.435 [FXGL Launcher Thread     ] DEBUG FXGLInput            - Service [Input] initialized
21:52:37.458 [FXGL Launcher Thread     ] DEBUG FXGLInput            - Registered new binding: Screenshot - P
21:52:37.458 [FXGL Launcher Thread     ] DEBUG FXGLInput            - Registered new binding: Dev Options - CTRL+0
21:52:37.459 [FXGL Launcher Thread     ] DEBUG FXGLInput            - Registered new binding: Shoot - PRIMARY
21:52:37.466 [FXGL Launcher Thread     ] DEBUG FXGLAssetLoader      - Service [AssetLoader] initialized: cacheSize=35
21:52:37.467 [FXGL Launcher Thread     ] DEBUG FXGLAssetLoader      - Loading from disk: /assets/ui/cursors/fxgl_default.png
21:52:37.531 [FXGL Launcher Thread     ] DEBUG GameScene            - Game scene initialized: 1280.0x720.0
21:52:37.532 [FXGL Launcher Thread     ] DEBUG FXGLAssetLoader      - Loading from disk: /assets/ui/cursors/fxgl_default.png
21:52:37.545 [FXGL Launcher Thread     ] DEBUG FXGLAssetLoader      - Loading from disk: /assets/sounds/core/notification.wav
21:52:37.631 [FXGL Launcher Thread     ] DEBUG FXGLAssetLoader      - Loading from disk: /assets/sounds/menu/select.wav
21:52:37.632 [FXGL Launcher Thread     ] DEBUG FXGLAssetLoader      - Loading from disk: /assets/sounds/menu/back.wav
21:52:37.634 [FXGL Launcher Thread     ] DEBUG FXGLAssetLoader      - Loading from disk: /assets/sounds/menu/press.wav
21:52:37.635 [FXGL Launcher Thread     ] DEBUG FXGLAssetLoader      - Loading from disk: /assets/ui/fonts/Copperplate_Gothic_Light_Regular.ttf
21:52:37.652 [FXGL Launcher Thread     ] DEBUG FXGLAssetLoader      - Loading from disk: /assets/ui/fonts/lucida_console.ttf
21:52:37.657 [FXGL Launcher Thread     ] DEBUG FXGLAssetLoader      - Loading from disk: /assets/ui/css/fxgl.css
21:52:37.657 [FXGL Launcher Thread     ] DEBUG FXGLAssetLoader      - Loading from disk: /assets/ui/icons/fxgl_icon.png
21:52:37.677 [FXGL Launcher Thread     ] DEBUG FXGLAssetLoader      - Loading from disk: /assets/ui/css/fxgl_dark.css
21:52:37.689 [FXGL Launcher Thread     ] DEBUG FXGLDisplay          - Target size: DoubleProperty [value: 1280.0] x DoubleProperty [value: 720.0] @ 1.0
21:52:37.690 [FXGL Launcher Thread     ] DEBUG FXGLDisplay          - New size:    1280.0 x 720.0 @ DoubleProperty [value: 1.0]
21:52:37.691 [FXGL Launcher Thread     ] DEBUG FXGLDisplay          - Service [Display] initialized
21:52:37.691 [FXGL Launcher Thread     ] DEBUG FXGLDisplay          - Using CSS: CSS(externalForm=jar:file:/Users/yuan/.m2/repository/com/github/almasb/fxgl/0.3.0/fxgl-0.3.0.jar!/assets/ui/css/fxgl_dark.css)
21:52:37.692 [FXGL Launcher Thread     ] DEBUG InitScenesTask       - Injecting loadingScene & gameScene
21:52:37.696 [FXGL Launcher Thread     ] DEBUG FXGLMasterTimer      - Service [MasterTimer] initialized
21:52:37.699 [FXGL Launcher Thread     ] DEBUG FXGLAudioPlayer      - Service [AudioPlayer] initialized
21:52:37.700 [FXGL Launcher Thread     ] DEBUG InitEventHandlersTask - scanForServiceListeners
21:52:37.701 [FXGL Launcher Thread     ] DEBUG InitEventHandlersTask - FXGLListener: interface com.almasb.fxgl.service.MasterTimer
21:52:37.701 [FXGL Launcher Thread     ] DEBUG InitEventHandlersTask - FXGLListener: interface com.almasb.fxgl.service.Input
21:52:37.701 [FXGL Launcher Thread     ] DEBUG InitEventHandlersTask - UserProfileSavable: interface com.almasb.fxgl.service.AudioPlayer
21:52:37.702 [FXGL Launcher Thread     ] DEBUG InitEventHandlersTask - UserProfileSavable: interface com.almasb.fxgl.service.MasterTimer
21:52:37.702 [FXGL Launcher Thread     ] DEBUG InitEventHandlersTask - UserProfileSavable: interface com.almasb.fxgl.service.Input
21:52:37.702 [FXGL Launcher Thread     ] DEBUG InitEventHandlersTask - UserProfileSavable: interface com.almasb.fxgl.service.Display
21:52:37.702 [FXGL Launcher Thread     ] DEBUG InitEventHandlersTask - UserProfileSavable: class com.almasb.fxgl.gameplay.AchievementManager
21:52:37.703 [FXGL Launcher Thread     ] DEBUG AchievementManager   - Service [AchievementManager] initialized
21:52:37.703 [FXGL Launcher Thread     ] DEBUG InitEventHandlersTask - UserProfileSavable: class com.almasb.fxgl.service.impl.quest.FXGLQuestServiceProvider
21:52:37.703 [FXGL Launcher Thread     ] DEBUG InitEventHandlersTask - NotificationListener: interface com.almasb.fxgl.service.AudioPlayer
21:52:37.704 [FXGL Launcher Thread     ] DEBUG InitEventHandlersTask - AchievementListener: interface com.almasb.fxgl.service.NotificationService
21:52:37.709 [FXGL Launcher Thread     ] DEBUG SlidingNotificationService - Service [NotificationService] initialized
21:52:37.716 [FXGL Launcher Thread     ] DEBUG GameApplication      - Starting new game
21:52:37.718 [FXGL Launcher Thread     ] DEBUG GameApplication      - Initializing App
21:52:37.719 [FXGL Launcher Thread     ] DEBUG GameApplication      - State: STARTUP -> PAUSED
21:52:37.720 [FXGL Launcher Thread     ] DEBUG FXGLMasterTimer      - Stopping master timer
21:52:37.720 [FXGL Launcher Thread     ] DEBUG FXGLInput            - Clearing active input actions
21:52:37.721 [FXGL Launcher Thread     ] DEBUG FXGLEventBus         - Firing event: FXGLEvent[type=PAUSE]
21:52:37.723 [FXGL Launcher Thread     ] DEBUG GameWorld            - Resetting game world
21:52:37.723 [FXGL Launcher Thread     ] TRACE EntityWorld          - Resetting entity world
21:52:37.724 [FXGL Launcher Thread     ] DEBUG PhysicsWorld         - Resetting physics world
21:52:37.725 [FXGL Launcher Thread     ] DEBUG GameScene            - Resetting game scene
21:52:37.725 [FXGL Launcher Thread     ] DEBUG FXGLMasterTimer      - Resetting ticks and clearing all actions
21:52:37.725 [FXGL Launcher Thread     ] DEBUG FXGLInput            - Clearing active input actions
21:52:37.725 [FXGL Launcher Thread     ] DEBUG FXGLEventBus         - Firing event: FXGLEvent[type=RESET]
21:52:37.801 [FXGL Launcher Thread     ] DEBUG GameApplication      - State: PAUSED -> LOADING
21:52:37.842 [FXGL Background Thread 1 ] DEBUG InitAppTask          - Initializing Assets
21:52:37.843 [FXGL Background Thread 1 ] DEBUG InitAppTask          - Initializing Game
21:52:37.844 [FXGL Background Thread 1 ] DEBUG InitAppTask          - Injecting gameState
21:52:37.936 [JavaFX Application Thread] DEBUG FXGLDisplay          - Showing stage
21:52:37.937 [JavaFX Application Thread] DEBUG FXGLDisplay          - Root size: 1280.0x720.0
21:52:37.937 [JavaFX Application Thread] DEBUG FXGLDisplay          - Scene size: 1280.0x720.0
21:52:37.937 [JavaFX Application Thread] DEBUG FXGLDisplay          - Stage size: 1280.0x742.0
21:52:37.998 [FastClasspathScanner-worker-0] DEBUG InitAppTask          - @SetEntityFactory: class com.almasb.fxglgames.shooter.ShooterFactory
21:52:38.046 [FXGL Background Thread 1 ] DEBUG FXGLAssetLoader      - Loading from disk: /assets/textures/background.png
21:52:38.157 [FXGL Background Thread 1 ] DEBUG GameScene            - Entity added to scene
21:52:38.158 [FXGL Background Thread 1 ] DEBUG GameScene            - Added ViewComponent
21:52:38.160 [FXGL Background Thread 1 ] DEBUG GameScene            - Creating render group for layer: TOP(2147483647)
21:52:38.164 [FXGL Background Thread 1 ] DEBUG InitAppTask          - Initializing Physics
21:52:38.165 [FXGL Background Thread 1 ] DEBUG InitAppTask          - Initializing UI
21:52:38.165 [FXGL Background Thread 1 ] DEBUG InitAppTask          - Initialization Complete
21:52:38.167 [JavaFX Application Thread] DEBUG GameApplication      - State: LOADING -> PLAYING
21:52:38.174 [JavaFX Application Thread] DEBUG FXGLMasterTimer      - Starting master timer
21:52:38.174 [JavaFX Application Thread] DEBUG FXGLInput            - Clearing active input actions
21:52:38.174 [JavaFX Application Thread] DEBUG FXGLEventBus         - Firing event: FXGLEvent[type=RESUME]
21:52:39.242 [JavaFX Application Thread] DEBUG FXGLAssetLoader      - Loading from disk: /assets/textures/Player.png
21:52:39.267 [JavaFX Application Thread] DEBUG GameScene            - Entity added to scene
21:52:39.267 [JavaFX Application Thread] DEBUG GameScene            - Added ViewComponent
21:52:40.018 [JavaFX Application Thread] DEBUG GameScene            - Entity added to scene
21:52:40.018 [JavaFX Application Thread] DEBUG GameScene            - Added ViewComponent
21:52:40.194 [JavaFX Application Thread] DEBUG GameScene            - Entity added to scene
21:52:40.194 [JavaFX Application Thread] DEBUG GameScene            - Added ViewComponent
21:52:40.288 [JavaFX Application Thread] DEBUG FXGLAssetLoader      - Loading from cache: /assets/textures/Player.png
21:52:40.289 [JavaFX Application Thread] DEBUG GameScene            - Entity added to scene
21:52:40.289 [JavaFX Application Thread] DEBUG GameScene            - Added ViewComponent
21:52:40.363 [JavaFX Application Thread] DEBUG GameScene            - Entity added to scene
21:52:40.363 [JavaFX Application Thread] DEBUG GameScene            - Added ViewComponent
21:52:40.530 [JavaFX Application Thread] DEBUG GameScene            - Entity added to scene
21:52:40.530 [JavaFX Application Thread] DEBUG GameScene            - Added ViewComponent
21:52:40.720 [JavaFX Application Thread] DEBUG GameScene            - Entity added to scene
21:52:40.720 [JavaFX Application Thread] DEBUG GameScene            - Added ViewComponent
21:52:41.263 [JavaFX Application Thread] DEBUG GameScene            - Entity added to scene
21:52:41.263 [JavaFX Application Thread] DEBUG GameScene            - Added ViewComponent
21:52:41.306 [JavaFX Application Thread] DEBUG FXGLAssetLoader      - Loading from cache: /assets/textures/Player.png
21:52:41.307 [JavaFX Application Thread] DEBUG GameScene            - Entity added to scene
21:52:41.307 [JavaFX Application Thread] DEBUG GameScene            - Added ViewComponent
21:52:41.418 [JavaFX Application Thread] DEBUG GameScene            - Entity added to scene
21:52:41.418 [JavaFX Application Thread] DEBUG GameScene            - Added ViewComponent
21:52:41.577 [JavaFX Application Thread] DEBUG GameScene            - Entity added to scene
21:52:41.578 [JavaFX Application Thread] DEBUG GameScene            - Added ViewComponent
21:52:41.755 [JavaFX Application Thread] DEBUG GameScene            - Entity added to scene
21:52:41.755 [JavaFX Application Thread] DEBUG GameScene            - Added ViewComponent
21:52:41.913 [JavaFX Application Thread] DEBUG GameScene            - Entity added to scene
21:52:41.913 [JavaFX Application Thread] DEBUG GameScene            - Added ViewComponent
21:52:42.070 [JavaFX Application Thread] DEBUG GameScene            - Entity added to scene
21:52:42.070 [JavaFX Application Thread] DEBUG GameScene            - Added ViewComponent
21:52:42.238 [JavaFX Application Thread] DEBUG GameScene            - Entity added to scene
21:52:42.238 [JavaFX Application Thread] DEBUG GameScene            - Added ViewComponent
21:52:42.323 [JavaFX Application Thread] DEBUG FXGLAssetLoader      - Loading from cache: /assets/textures/Player.png
21:52:42.324 [JavaFX Application Thread] DEBUG GameScene            - Entity added to scene
21:52:42.324 [JavaFX Application Thread] DEBUG GameScene            - Added ViewComponent
21:52:42.746 [JavaFX Application Thread] DEBUG GameScene            - Entity added to scene
21:52:42.746 [JavaFX Application Thread] DEBUG GameScene            - Added ViewComponent
21:52:42.902 [JavaFX Application Thread] DEBUG GameScene            - Entity added to scene
21:52:42.902 [JavaFX Application Thread] DEBUG GameScene            - Added ViewComponent
21:52:43.062 [JavaFX Application Thread] DEBUG GameScene            - Entity added to scene
21:52:43.062 [JavaFX Application Thread] DEBUG GameScene            - Added ViewComponent
21:52:43.229 [JavaFX Application Thread] DEBUG GameScene            - Entity added to scene
21:52:43.229 [JavaFX Application Thread] DEBUG GameScene            - Added ViewComponent
21:52:43.340 [JavaFX Application Thread] DEBUG FXGLAssetLoader      - Loading from cache: /assets/textures/Player.png
21:52:43.340 [JavaFX Application Thread] DEBUG GameScene            - Entity added to scene
21:52:43.340 [JavaFX Application Thread] DEBUG GameScene            - Added ViewComponent
21:52:43.410 [JavaFX Application Thread] DEBUG GameScene            - Entity added to scene
21:52:43.410 [JavaFX Application Thread] DEBUG GameScene            - Added ViewComponent
21:52:44.252 [JavaFX Application Thread] DEBUG GameScene            - Entity added to scene
21:52:44.252 [JavaFX Application Thread] DEBUG GameScene            - Added ViewComponent
21:52:44.357 [JavaFX Application Thread] DEBUG FXGLAssetLoader      - Loading from cache: /assets/textures/Player.png
21:52:44.357 [JavaFX Application Thread] DEBUG GameScene            - Entity added to scene
21:52:44.357 [JavaFX Application Thread] DEBUG GameScene            - Added ViewComponent
21:52:44.400 [JavaFX Application Thread] DEBUG GameScene            - Entity added to scene
21:52:44.400 [JavaFX Application Thread] DEBUG GameScene            - Added ViewComponent
21:52:44.568 [JavaFX Application Thread] DEBUG GameScene            - Entity added to scene
21:52:44.568 [JavaFX Application Thread] DEBUG GameScene            - Added ViewComponent
21:52:44.747 [JavaFX Application Thread] DEBUG GameScene            - Entity added to scene
21:52:44.747 [JavaFX Application Thread] DEBUG GameScene            - Added ViewComponent
21:52:45.372 [JavaFX Application Thread] DEBUG FXGLAssetLoader      - Loading from cache: /assets/textures/Player.png
21:52:45.373 [JavaFX Application Thread] DEBUG GameScene            - Entity added to scene
21:52:45.373 [JavaFX Application Thread] DEBUG GameScene            - Added ViewComponent
21:52:45.681 [JavaFX Application Thread] DEBUG GameScene            - Entity added to scene
21:52:45.681 [JavaFX Application Thread] DEBUG GameScene            - Added ViewComponent
21:52:45.829 [JavaFX Application Thread] DEBUG GameScene            - Entity added to scene
21:52:45.829 [JavaFX Application Thread] DEBUG GameScene            - Added ViewComponent
21:52:45.996 [JavaFX Application Thread] DEBUG GameScene            - Entity added to scene
21:52:45.996 [JavaFX Application Thread] DEBUG GameScene            - Added ViewComponent
21:52:46.131 [JavaFX Application Thread] DEBUG GameScene            - Entity added to scene
21:52:46.131 [JavaFX Application Thread] DEBUG GameScene            - Added ViewComponent
21:52:46.279 [JavaFX Application Thread] DEBUG GameScene            - Entity added to scene
21:52:46.279 [JavaFX Application Thread] DEBUG GameScene            - Added ViewComponent
21:52:46.389 [JavaFX Application Thread] DEBUG FXGLAssetLoader      - Loading from cache: /assets/textures/Player.png
21:52:46.390 [JavaFX Application Thread] DEBUG GameScene            - Entity added to scene
21:52:46.390 [JavaFX Application Thread] DEBUG GameScene            - Added ViewComponent
21:52:46.426 [JavaFX Application Thread] DEBUG GameScene            - Entity added to scene
21:52:46.426 [JavaFX Application Thread] DEBUG GameScene            - Added ViewComponent
21:52:46.594 [JavaFX Application Thread] DEBUG GameScene            - Entity added to scene
21:52:46.594 [JavaFX Application Thread] DEBUG GameScene            - Added ViewComponent
21:52:47.045 [JavaFX Application Thread] DEBUG GameScene            - Entity added to scene
21:52:47.045 [JavaFX Application Thread] DEBUG GameScene            - Added ViewComponent
21:52:47.213 [JavaFX Application Thread] DEBUG GameScene            - Entity added to scene
21:52:47.213 [JavaFX Application Thread] DEBUG GameScene            - Added ViewComponent
21:52:47.368 [JavaFX Application Thread] DEBUG GameScene            - Entity added to scene
21:52:47.368 [JavaFX Application Thread] DEBUG GameScene            - Added ViewComponent
21:52:47.407 [JavaFX Application Thread] DEBUG FXGLAssetLoader      - Loading from cache: /assets/textures/Player.png
21:52:47.408 [JavaFX Application Thread] DEBUG GameScene            - Entity added to scene
21:52:47.408 [JavaFX Application Thread] DEBUG GameScene            - Added ViewComponent
21:52:48.423 [JavaFX Application Thread] DEBUG FXGLAssetLoader      - Loading from cache: /assets/textures/Player.png
21:52:48.423 [JavaFX Application Thread] DEBUG GameScene            - Entity added to scene
21:52:48.423 [JavaFX Application Thread] DEBUG GameScene            - Added ViewComponent
21:52:50.822 [JavaFX Application Thread] DEBUG FXGLEventBus         - Firing event: DisplayEvent[type=CLOSE_REQUEST]
21:52:50.823 [JavaFX Application Thread] DEBUG FXGLEventBus         - Firing event: FXGLEvent[type=EXIT]
21:52:50.823 [JavaFX Application Thread] DEBUG FXGL                 - Saving FXGL system data
21:52:50.825 [JavaFX Application Thread] DEBUG IOTask               - Executing task: writeDataTask(system/fxgl.bundle)
21:52:50.842 [JavaFX Application Thread] DEBUG FS                   - Writing to: system/fxgl.bundle
21:52:50.844 [JavaFX Application Thread] DEBUG IOTask               - Task succeeded: writeDataTask(system/fxgl.bundle)
